{"message":"Client disconnect.","level":"info","timestamp":"2020-02-17 18:02:43"}
{"message":"There are 2 connections now. ","level":"info","timestamp":"2020-02-17 18:02:43"}
{"message":"Client connect. Client local address : ::ffff:192.168.10.104:1720. client remote address : ::ffff:37.111.203.23:38693","level":"info","timestamp":"2020-02-17 18:02:48"}
{"message":"There are 3 connections now. ","level":"info","timestamp":"2020-02-17 18:02:48"}
{"message":"Receive client send data : 7878110103589791000159848004258100153E350D0A, data size : 22","level":"info","timestamp":"2020-02-17 18:02:48"}
{"message":"7878110103589791000159848004258100153E350D0A","level":"info","timestamp":"2020-02-17 18:02:48"}
{"message":"protocol: 01","level":"info","timestamp":"2020-02-17 18:02:48"}
{"message":"hid:0358979100015984","level":"info","timestamp":"2020-02-17 18:02:48"}
{"message":10,"level":"info","timestamp":"2020-02-17 18:02:48"}
{"message":"0358979100015984-----len----60","level":"info","timestamp":"2020-02-17 18:02:48"}
{"message":"0D0A","level":"info","timestamp":"2020-02-17 18:02:48"}
{"message":"Receive client send data : 78780B2346059004000200167DE80D0A, data size : 38","level":"info","timestamp":"2020-02-17 18:02:48"}
{"message":"78780B2346059004000200167DE80D0A","level":"info","timestamp":"2020-02-17 18:02:48"}
{"message":"protocol: 23","level":"info","timestamp":"2020-02-17 18:02:48"}
{"message":"0358979100015984-----len----48","level":"info","timestamp":"2020-02-17 18:02:48"}
{"message":"0D0A","level":"info","timestamp":"2020-02-17 18:02:48"}
{"message":"Receive client send data : 7979001894230110414DC47BF2794E7F154C4541924969210017C9CE0D0A7979000C9421C4A8280C48F5001872450D0A, data size : 86","level":"info","timestamp":"2020-02-17 18:02:49"}
{"message":"7979001894230110414DC47BF2794E7F154C4541924969210017C9CE0D0A","level":"info","timestamp":"2020-02-17 18:02:49"}
{"message":"protocol: 18","level":"info","timestamp":"2020-02-17 18:02:49"}
{"message":"0358979100015984-----len----76","level":"info","timestamp":"2020-02-17 18:02:49"}
{"message":"7979000C9421C4A8280C48F5001872450D0A","level":"info","timestamp":"2020-02-17 18:02:49"}
{"message":"protocol: 0C","level":"info","timestamp":"2020-02-17 18:02:49"}
{"message":"0358979100015984-----len----52","level":"info","timestamp":"2020-02-17 18:02:49"}
{"message":"0D0A","level":"info","timestamp":"2020-02-17 18:02:49"}
{"message":"Receive client send data : 787822221402110B2A28C6028BBDCA09B38BFB03153001D601523500B5050100010019E4A80D0A, data size : 125","level":"info","timestamp":"2020-02-17 18:02:50"}
{"message":"787822221402110B2A28C6028BBDCA09B38BFB03153001D601523500B5050100010019E4A80D0A","level":"info","timestamp":"2020-02-17 18:02:50"}
{"message":"protocol: 22","level":"info","timestamp":"2020-02-17 18:02:50"}
{"message":"0358979100015984-----len----94","level":"info","timestamp":"2020-02-17 18:02:50"}
{"message":"0D0A","level":"info","timestamp":"2020-02-17 18:02:50"}
{"message":"Client connect. Client local address : ::ffff:192.168.10.104:1720. client remote address : ::ffff:119.30.35.160:13442","level":"info","timestamp":"2020-02-17 18:05:02"}
{"message":"There are 4 connections now. ","level":"info","timestamp":"2020-02-17 18:05:02"}
{"message":"Receive client send data : 78781101035897910001598480042581000079190D0A, data size : 22","level":"info","timestamp":"2020-02-17 18:05:02"}
{"message":"78781101035897910001598480042581000079190D0A","level":"info","timestamp":"2020-02-17 18:05:02"}
{"message":"protocol: 01","level":"info","timestamp":"2020-02-17 18:05:02"}
{"message":"hid:0358979100015984","level":"info","timestamp":"2020-02-17 18:05:02"}
{"message":10,"level":"info","timestamp":"2020-02-17 18:05:02"}
{"message":"0358979100015984-----len----60","level":"info","timestamp":"2020-02-17 18:05:02"}
{"message":"0D0A","level":"info","timestamp":"2020-02-17 18:05:02"}
{"message":"Receive client send data : 7878058A0001FC960D0A, data size : 32","level":"info","timestamp":"2020-02-17 18:05:02"}
{"message":"7878058A0001FC960D0A","level":"info","timestamp":"2020-02-17 18:05:02"}
{"message":"protocol: 8A","level":"info","timestamp":"2020-02-17 18:05:02"}
{"message":"0358979100015984-----len----36","level":"info","timestamp":"2020-02-17 18:05:02"}
{"message":"0D0A","level":"info","timestamp":"2020-02-17 18:05:02"}
{"message":"Receive client send data : 78780B2306058D04000200067FF70D0A, data size : 48","level":"info","timestamp":"2020-02-17 18:05:03"}
{"message":"78780B2306058D04000200067FF70D0A","level":"info","timestamp":"2020-02-17 18:05:03"}
{"message":"protocol: 23","level":"info","timestamp":"2020-02-17 18:05:03"}
{"message":"0358979100015984-----len----48","level":"info","timestamp":"2020-02-17 18:05:03"}
{"message":"0D0A","level":"info","timestamp":"2020-02-17 18:05:03"}
{"message":"Receive client send data : 79790020940A035897910001598404700106750764078988014106750764075F0002CA350D0A79790044980000080358979100015984010008047001067507640702000A8988014106750764075F030010F0E260AB312E576375B00560D2ADC66A04000661628A6CEF080003ACE00D0A7979001894230110414DC47BF2794E7F154C4541924969210004EBD40D0A7979000C9421C4A8280C48F50005B9210D0A, data size : 208","level":"info","timestamp":"2020-02-17 18:05:04"}
{"message":"79790020940A035897910001598404700106750764078988014106750764075F0002CA350D0A","level":"info","timestamp":"2020-02-17 18:05:04"}
{"message":"protocol: 20","level":"info","timestamp":"2020-02-17 18:05:04"}
{"message":"0358979100015984-----len----92","level":"info","timestamp":"2020-02-17 18:05:04"}
{"message":"79790044980000080358979100015984010008047001067507640702000A8988014106750764075F030010F0E260AB312E576375B00560D2ADC66A04000661628A6CEF080003ACE00D0A","level":"info","timestamp":"2020-02-17 18:05:04"}
{"message":"protocol: 44","level":"info","timestamp":"2020-02-17 18:05:04"}
{"message":"0358979100015984-----len----164","level":"info","timestamp":"2020-02-17 18:05:04"}
{"message":"7979001894230110414DC47BF2794E7F154C4541924969210004EBD40D0A","level":"info","timestamp":"2020-02-17 18:05:04"}
{"message":"protocol: 18","level":"info","timestamp":"2020-02-17 18:05:04"}
{"message":"0358979100015984-----len----76","level":"info","timestamp":"2020-02-17 18:05:04"}
{"message":"7979000C9421C4A8280C48F50005B9210D0A","level":"info","timestamp":"2020-02-17 18:05:04"}
{"message":"protocol: 0C","level":"info","timestamp":"2020-02-17 18:05:04"}
{"message":"0358979100015984-----len----52","level":"info","timestamp":"2020-02-17 18:05:04"}
{"message":"0D0A","level":"info","timestamp":"2020-02-17 18:05:04"}
{"message":"Receive client send data : 787822221402110C0232C7028BBEDA09B3897500152D01D601523500B505010000000732950D0A, data size : 247","level":"info","timestamp":"2020-02-17 18:05:05"}
{"message":"787822221402110C0232C7028BBEDA09B3897500152D01D601523500B505010000000732950D0A","level":"info","timestamp":"2020-02-17 18:05:05"}
{"message":"protocol: 22","level":"info","timestamp":"2020-02-17 18:05:05"}
{"message":"0358979100015984-----len----94","level":"info","timestamp":"2020-02-17 18:05:05"}
{"message":"0D0A","level":"info","timestamp":"2020-02-17 18:05:05"}
