{"message":"Receive client send data : 78780B2346064B04000200149E720D0A, data size : 141","level":"info","timestamp":"2020-02-18 14:00:48"}
{"message":"78780B2346064B04000200149E720D0A","level":"info","timestamp":"2020-02-18 14:00:48"}
{"message":"protocol: 23","level":"info","timestamp":"2020-02-18 14:00:48"}
{"message":"0358979100015984-----len----48","level":"info","timestamp":"2020-02-18 14:00:48"}
{"message":"0D0A","level":"info","timestamp":"2020-02-18 14:00:48"}
{"message":"Client disconnect.","level":"info","timestamp":"2020-02-18 14:03:48"}
{"message":"There are 0 connections now. ","level":"info","timestamp":"2020-02-18 14:03:48"}
{"message":"Client connect. Client local address : ::ffff:192.168.10.104:1720. client remote address : ::ffff:37.111.197.17:13212","level":"info","timestamp":"2020-02-18 14:03:52"}
{"message":"There are 1 connections now. ","level":"info","timestamp":"2020-02-18 14:03:52"}
{"message":"Receive client send data : 7878110103589791000159848004258100153E350D0A, data size : 22","level":"info","timestamp":"2020-02-18 14:03:52"}
{"message":"7878110103589791000159848004258100153E350D0A","level":"info","timestamp":"2020-02-18 14:03:52"}
{"message":"protocol: 01","level":"info","timestamp":"2020-02-18 14:03:52"}
{"message":"hid:0358979100015984","level":"info","timestamp":"2020-02-18 14:03:52"}
{"message":10,"level":"info","timestamp":"2020-02-18 14:03:52"}
{"message":"0358979100015984-----len----60","level":"info","timestamp":"2020-02-18 14:03:52"}
{"message":"0D0A","level":"info","timestamp":"2020-02-18 14:03:52"}
{"message":"Receive client send data : 78780B230606050400020016E3E20D0A, data size : 38","level":"info","timestamp":"2020-02-18 14:03:52"}
{"message":"78780B230606050400020016E3E20D0A","level":"info","timestamp":"2020-02-18 14:03:52"}
{"message":"protocol: 23","level":"info","timestamp":"2020-02-18 14:03:52"}
{"message":"0358979100015984-----len----48","level":"info","timestamp":"2020-02-18 14:03:52"}
{"message":"0D0A","level":"info","timestamp":"2020-02-18 14:03:52"}
{"message":"Receive client send data : 7979001894230110414DC47BF2794E7F154C4541924969210017C9CE0D0A7979000C9421C4A8280C48F5001872450D0A, data size : 86","level":"info","timestamp":"2020-02-18 14:03:53"}
{"message":"7979001894230110414DC47BF2794E7F154C4541924969210017C9CE0D0A","level":"info","timestamp":"2020-02-18 14:03:53"}
{"message":"protocol: 18","level":"info","timestamp":"2020-02-18 14:03:53"}
{"message":"0358979100015984-----len----76","level":"info","timestamp":"2020-02-18 14:03:53"}
{"message":"7979000C9421C4A8280C48F5001872450D0A","level":"info","timestamp":"2020-02-18 14:03:53"}
{"message":"protocol: 0C","level":"info","timestamp":"2020-02-18 14:03:53"}
{"message":"0358979100015984-----len----52","level":"info","timestamp":"2020-02-18 14:03:53"}
{"message":"0D0A","level":"info","timestamp":"2020-02-18 14:03:53"}
{"message":"Receive client send data : 78782222140212073618C4028BBE1909B38ACD01147F01D601523500B50501000100198FB30D0A, data size : 125","level":"info","timestamp":"2020-02-18 14:04:00"}
{"message":"78782222140212073618C4028BBE1909B38ACD01147F01D601523500B50501000100198FB30D0A","level":"info","timestamp":"2020-02-18 14:04:00"}
{"message":"protocol: 22","level":"info","timestamp":"2020-02-18 14:04:00"}
{"message":"0358979100015984-----len----94","level":"info","timestamp":"2020-02-18 14:04:00"}
{"message":"0D0A","level":"info","timestamp":"2020-02-18 14:04:00"}
{"message":"Receive client send data : 78780B2346062A040002001AF4960D0A, data size : 141","level":"info","timestamp":"2020-02-18 14:06:52"}
{"message":"78780B2346062A040002001AF4960D0A","level":"info","timestamp":"2020-02-18 14:06:52"}
{"message":"protocol: 23","level":"info","timestamp":"2020-02-18 14:06:52"}
{"message":"0358979100015984-----len----48","level":"info","timestamp":"2020-02-18 14:06:52"}
{"message":"0D0A","level":"info","timestamp":"2020-02-18 14:06:52"}
{"message":"Receive client send data : 78782222140212080428C4028BBE8E09B38ACD04147101D601523500B505010400001B1BF50D0A, data size : 180","level":"info","timestamp":"2020-02-18 14:06:57"}
{"message":"78782222140212080428C4028BBE8E09B38ACD04147101D601523500B505010400001B1BF50D0A","level":"info","timestamp":"2020-02-18 14:06:57"}
{"message":"protocol: 22","level":"info","timestamp":"2020-02-18 14:06:57"}
{"message":"0358979100015984-----len----94","level":"info","timestamp":"2020-02-18 14:06:57"}
{"message":"0D0A","level":"info","timestamp":"2020-02-18 14:06:57"}
{"message":"Client connect. Client local address : ::ffff:192.168.10.104:1720. client remote address : ::ffff:119.30.39.9:55160","level":"info","timestamp":"2020-02-18 14:10:06"}
{"message":"There are 2 connections now. ","level":"info","timestamp":"2020-02-18 14:10:06"}
{"message":"Receive client send data : 78781101035897910001598480042581000079190D0A, data size : 22","level":"info","timestamp":"2020-02-18 14:10:06"}
{"message":"78781101035897910001598480042581000079190D0A","level":"info","timestamp":"2020-02-18 14:10:06"}
{"message":"protocol: 01","level":"info","timestamp":"2020-02-18 14:10:06"}
{"message":"hid:0358979100015984","level":"info","timestamp":"2020-02-18 14:10:06"}
{"message":10,"level":"info","timestamp":"2020-02-18 14:10:06"}
{"message":"0358979100015984-----len----60","level":"info","timestamp":"2020-02-18 14:10:06"}
{"message":"0D0A","level":"info","timestamp":"2020-02-18 14:10:06"}
{"message":"Receive client send data : 7878058A0001FC960D0A, data size : 32","level":"info","timestamp":"2020-02-18 14:10:07"}
{"message":"7878058A0001FC960D0A","level":"info","timestamp":"2020-02-18 14:10:07"}
{"message":"protocol: 8A","level":"info","timestamp":"2020-02-18 14:10:07"}
{"message":"0358979100015984-----len----36","level":"info","timestamp":"2020-02-18 14:10:07"}
{"message":"0D0A","level":"info","timestamp":"2020-02-18 14:10:07"}
{"message":"Receive client send data : 78780B230605E70400020006D1480D0A, data size : 48","level":"info","timestamp":"2020-02-18 14:10:07"}
{"message":"78780B230605E70400020006D1480D0A","level":"info","timestamp":"2020-02-18 14:10:07"}
{"message":"protocol: 23","level":"info","timestamp":"2020-02-18 14:10:07"}
{"message":"0358979100015984-----len----48","level":"info","timestamp":"2020-02-18 14:10:07"}
{"message":"0D0A","level":"info","timestamp":"2020-02-18 14:10:07"}
{"message":"Receive client send data : 79790020940A035897910001598404700106750764078988014106750764075F0002CA350D0A79790044980000080358979100015984010008047001067507640702000A8988014106750764075F030010F0E260AB312E576375B00560D2ADC66A04000661628A6CEF080003ACE00D0A7979001894230110414DC47BF2794E7F154C4541924969210004EBD40D0A7979000C9421C4A8280C48F50005B9210D0A, data size : 208","level":"info","timestamp":"2020-02-18 14:10:08"}
{"message":"79790020940A035897910001598404700106750764078988014106750764075F0002CA350D0A","level":"info","timestamp":"2020-02-18 14:10:08"}
{"message":"protocol: 20","level":"info","timestamp":"2020-02-18 14:10:08"}
{"message":"0358979100015984-----len----92","level":"info","timestamp":"2020-02-18 14:10:08"}
{"message":"79790044980000080358979100015984010008047001067507640702000A8988014106750764075F030010F0E260AB312E576375B00560D2ADC66A04000661628A6CEF080003ACE00D0A","level":"info","timestamp":"2020-02-18 14:10:08"}
{"message":"protocol: 44","level":"info","timestamp":"2020-02-18 14:10:08"}
{"message":"0358979100015984-----len----164","level":"info","timestamp":"2020-02-18 14:10:08"}
{"message":"7979001894230110414DC47BF2794E7F154C4541924969210004EBD40D0A","level":"info","timestamp":"2020-02-18 14:10:08"}
{"message":"protocol: 18","level":"info","timestamp":"2020-02-18 14:10:08"}
{"message":"0358979100015984-----len----76","level":"info","timestamp":"2020-02-18 14:10:08"}
{"message":"7979000C9421C4A8280C48F50005B9210D0A","level":"info","timestamp":"2020-02-18 14:10:08"}
{"message":"protocol: 0C","level":"info","timestamp":"2020-02-18 14:10:08"}
{"message":"0358979100015984-----len----52","level":"info","timestamp":"2020-02-18 14:10:08"}
{"message":"0D0A","level":"info","timestamp":"2020-02-18 14:10:08"}
{"message":"Receive client send data : 78782222140212080907C4028BBEAD09B3884703146B01D601523500B505010000000785D20D0A, data size : 247","level":"info","timestamp":"2020-02-18 14:11:23"}
{"message":"78782222140212080907C4028BBEAD09B3884703146B01D601523500B505010000000785D20D0A","level":"info","timestamp":"2020-02-18 14:11:23"}
{"message":"protocol: 22","level":"info","timestamp":"2020-02-18 14:11:23"}
{"message":"0358979100015984-----len----94","level":"info","timestamp":"2020-02-18 14:11:23"}
{"message":"0D0A","level":"info","timestamp":"2020-02-18 14:11:23"}
{"message":"Receive client send data : 78780B234606230400020008E2760D0A, data size : 263","level":"info","timestamp":"2020-02-18 14:13:08"}
{"message":"78780B234606230400020008E2760D0A","level":"info","timestamp":"2020-02-18 14:13:08"}
{"message":"protocol: 23","level":"info","timestamp":"2020-02-18 14:13:08"}
{"message":"0358979100015984-----len----48","level":"info","timestamp":"2020-02-18 14:13:08"}
{"message":"0D0A","level":"info","timestamp":"2020-02-18 14:13:08"}
{"message":"Client disconnect.","level":"info","timestamp":"2020-02-18 14:16:07"}
{"message":"There are 1 connections now. ","level":"info","timestamp":"2020-02-18 14:16:07"}
{"message":"Client connect. Client local address : ::ffff:192.168.10.104:1720. client remote address : ::ffff:119.30.32.147:62131","level":"info","timestamp":"2020-02-18 14:16:11"}
{"message":"There are 2 connections now. ","level":"info","timestamp":"2020-02-18 14:16:11"}
{"message":"Receive client send data : 787811010358979100015984800425810009E4D80D0A, data size : 22","level":"info","timestamp":"2020-02-18 14:16:11"}
{"message":"787811010358979100015984800425810009E4D80D0A","level":"info","timestamp":"2020-02-18 14:16:11"}
{"message":"protocol: 01","level":"info","timestamp":"2020-02-18 14:16:11"}
{"message":"hid:0358979100015984","level":"info","timestamp":"2020-02-18 14:16:11"}
{"message":10,"level":"info","timestamp":"2020-02-18 14:16:11"}
{"message":"0358979100015984-----len----60","level":"info","timestamp":"2020-02-18 14:16:11"}
{"message":"0D0A","level":"info","timestamp":"2020-02-18 14:16:11"}
{"message":"Receive client send data : 78780B23460602040002000A402F0D0A, data size : 38","level":"info","timestamp":"2020-02-18 14:16:11"}
{"message":"78780B23460602040002000A402F0D0A","level":"info","timestamp":"2020-02-18 14:16:11"}
{"message":"protocol: 23","level":"info","timestamp":"2020-02-18 14:16:11"}
{"message":"0358979100015984-----len----48","level":"info","timestamp":"2020-02-18 14:16:11"}
{"message":"0D0A","level":"info","timestamp":"2020-02-18 14:16:11"}
{"message":"Receive client send data : 7979001894230110414DC47BF2794E7F154C454192496921000B13230D0A7979000C9421C4A8280C48F5000C24E00D0A, data size : 86","level":"info","timestamp":"2020-02-18 14:16:12"}
{"message":"7979001894230110414DC47BF2794E7F154C454192496921000B13230D0A","level":"info","timestamp":"2020-02-18 14:16:12"}
{"message":"protocol: 18","level":"info","timestamp":"2020-02-18 14:16:12"}
{"message":"0358979100015984-----len----76","level":"info","timestamp":"2020-02-18 14:16:12"}
{"message":"7979000C9421C4A8280C48F5000C24E00D0A","level":"info","timestamp":"2020-02-18 14:16:12"}
{"message":"protocol: 0C","level":"info","timestamp":"2020-02-18 14:16:12"}
{"message":"0358979100015984-----len----52","level":"info","timestamp":"2020-02-18 14:16:12"}
{"message":"0D0A","level":"info","timestamp":"2020-02-18 14:16:12"}
{"message":"Receive client send data : 78782222140212080907C4028BBEAD09B3884703146B01D601523500B505010001000D70540D0A, data size : 125","level":"info","timestamp":"2020-02-18 14:16:55"}
{"message":"78782222140212080907C4028BBEAD09B3884703146B01D601523500B505010001000D70540D0A","level":"info","timestamp":"2020-02-18 14:16:55"}
{"message":"protocol: 22","level":"info","timestamp":"2020-02-18 14:16:55"}
{"message":"0358979100015984-----len----94","level":"info","timestamp":"2020-02-18 14:16:55"}
{"message":"0D0A","level":"info","timestamp":"2020-02-18 14:16:55"}
{"message":"Receive client send data : 78780B23060628040002000ECF940D0A, data size : 141","level":"info","timestamp":"2020-02-18 14:19:11"}
{"message":"78780B23060628040002000ECF940D0A","level":"info","timestamp":"2020-02-18 14:19:11"}
{"message":"protocol: 23","level":"info","timestamp":"2020-02-18 14:19:11"}
{"message":"0358979100015984-----len----48","level":"info","timestamp":"2020-02-18 14:19:11"}
{"message":"0D0A","level":"info","timestamp":"2020-02-18 14:19:11"}
{"message":"Client disconnect.","level":"info","timestamp":"2020-02-18 14:22:11"}
{"message":"There are 1 connections now. ","level":"info","timestamp":"2020-02-18 14:22:11"}
{"message":"Client connect. Client local address : ::ffff:192.168.10.104:1720. client remote address : ::ffff:119.30.38.33:38797","level":"info","timestamp":"2020-02-18 14:22:15"}
{"message":"There are 2 connections now. ","level":"info","timestamp":"2020-02-18 14:22:15"}
{"message":"Receive client send data : 78781101035897910001598480042581000F81EE0D0A, data size : 22","level":"info","timestamp":"2020-02-18 14:22:15"}
{"message":"78781101035897910001598480042581000F81EE0D0A","level":"info","timestamp":"2020-02-18 14:22:15"}
{"message":"protocol: 01","level":"info","timestamp":"2020-02-18 14:22:15"}
{"message":"hid:0358979100015984","level":"info","timestamp":"2020-02-18 14:22:15"}
{"message":10,"level":"info","timestamp":"2020-02-18 14:22:15"}
{"message":"0358979100015984-----len----60","level":"info","timestamp":"2020-02-18 14:22:15"}
{"message":"0D0A","level":"info","timestamp":"2020-02-18 14:22:15"}
{"message":"Receive client send data : 78780B23060625040002001003B40D0A, data size : 38","level":"info","timestamp":"2020-02-18 14:22:16"}
{"message":"78780B23060625040002001003B40D0A","level":"info","timestamp":"2020-02-18 14:22:16"}
{"message":"protocol: 23","level":"info","timestamp":"2020-02-18 14:22:16"}
{"message":"0358979100015984-----len----48","level":"info","timestamp":"2020-02-18 14:22:16"}
{"message":"0D0A","level":"info","timestamp":"2020-02-18 14:22:16"}
{"message":"Receive client send data : 7979001894230110414DC47BF2794E7F154C4541924969210011ACF80D0A7979000C9421C4A8280C48F50012DD1F0D0A, data size : 86","level":"info","timestamp":"2020-02-18 14:22:16"}
{"message":"7979001894230110414DC47BF2794E7F154C4541924969210011ACF80D0A","level":"info","timestamp":"2020-02-18 14:22:16"}
{"message":"protocol: 18","level":"info","timestamp":"2020-02-18 14:22:16"}
{"message":"0358979100015984-----len----76","level":"info","timestamp":"2020-02-18 14:22:16"}
{"message":"7979000C9421C4A8280C48F50012DD1F0D0A","level":"info","timestamp":"2020-02-18 14:22:16"}
{"message":"protocol: 0C","level":"info","timestamp":"2020-02-18 14:22:16"}
{"message":"0358979100015984-----len----52","level":"info","timestamp":"2020-02-18 14:22:16"}
{"message":"0D0A","level":"info","timestamp":"2020-02-18 14:22:16"}
{"message":"Receive client send data : 78782222140212080907C4028BBEAD09B3884703146B01D601523500B505010001001389AB0D0A, data size : 125","level":"info","timestamp":"2020-02-18 14:22:31"}
{"message":"78782222140212080907C4028BBEAD09B3884703146B01D601523500B505010001001389AB0D0A","level":"info","timestamp":"2020-02-18 14:22:31"}
{"message":"protocol: 22","level":"info","timestamp":"2020-02-18 14:22:31"}
{"message":"0358979100015984-----len----94","level":"info","timestamp":"2020-02-18 14:22:31"}
{"message":"0D0A","level":"info","timestamp":"2020-02-18 14:22:31"}
{"message":"TCP server listen on address : {\"address\":\"::\",\"family\":\"IPv6\",\"port\":1720}","level":"info","timestamp":"2020-02-18 14:24:34"}
{"message":"Client connect. Client local address : ::ffff:192.168.10.104:1720. client remote address : ::ffff:37.111.203.104:16275","level":"info","timestamp":"2020-02-18 14:24:40"}
{"message":"There are 1 connections now. ","level":"info","timestamp":"2020-02-18 14:24:40"}
{"message":"Receive client send data : 7878110103589791000159848004258100142FBC0D0A, data size : 22","level":"info","timestamp":"2020-02-18 14:24:40"}
{"message":"7878110103589791000159848004258100142FBC0D0A","level":"info","timestamp":"2020-02-18 14:24:40"}
{"message":"protocol: 01","level":"info","timestamp":"2020-02-18 14:24:40"}
{"message":"hid:0358979100015984","level":"info","timestamp":"2020-02-18 14:24:40"}
{"message":10,"level":"info","timestamp":"2020-02-18 14:24:40"}
{"message":"0358979100015984-----len----60","level":"info","timestamp":"2020-02-18 14:24:40"}
{"message":"0D0A","level":"info","timestamp":"2020-02-18 14:24:40"}
{"message":"Receive client send data : 78780B234605CC04000200153EE60D0A, data size : 38","level":"info","timestamp":"2020-02-18 14:24:40"}
{"message":"78780B234605CC04000200153EE60D0A","level":"info","timestamp":"2020-02-18 14:24:40"}
{"message":"protocol: 23","level":"info","timestamp":"2020-02-18 14:24:40"}
{"message":"0358979100015984-----len----48","level":"info","timestamp":"2020-02-18 14:24:40"}
{"message":"0D0A","level":"info","timestamp":"2020-02-18 14:24:40"}
{"message":"Receive client send data : 7979001894230110414DC47BF2794E7F154C4541924969210016D8470D0A7979000C9421C4A8280C48F500178AB20D0A, data size : 86","level":"info","timestamp":"2020-02-18 14:24:41"}
{"message":"7979001894230110414DC47BF2794E7F154C4541924969210016D8470D0A","level":"info","timestamp":"2020-02-18 14:24:41"}
{"message":"protocol: 18","level":"info","timestamp":"2020-02-18 14:24:41"}
{"message":"0358979100015984-----len----76","level":"info","timestamp":"2020-02-18 14:24:41"}
{"message":"7979000C9421C4A8280C48F500178AB20D0A","level":"info","timestamp":"2020-02-18 14:24:41"}
{"message":"protocol: 0C","level":"info","timestamp":"2020-02-18 14:24:41"}
{"message":"0358979100015984-----len----52","level":"info","timestamp":"2020-02-18 14:24:41"}
{"message":"0D0A","level":"info","timestamp":"2020-02-18 14:24:41"}
{"message":"Receive client send data : 78782222140212080907C4028BBEAD09B3884703146B01D601523500B505010001001837780D0A, data size : 125","level":"info","timestamp":"2020-02-18 14:24:42"}
{"message":"78782222140212080907C4028BBEAD09B3884703146B01D601523500B505010001001837780D0A","level":"info","timestamp":"2020-02-18 14:24:42"}
{"message":"protocol: 22","level":"info","timestamp":"2020-02-18 14:24:42"}
{"message":"0358979100015984-----len----94","level":"info","timestamp":"2020-02-18 14:24:42"}
{"message":"0D0A","level":"info","timestamp":"2020-02-18 14:24:42"}
{"message":"TCP server listen on address : {\"address\":\"::\",\"family\":\"IPv6\",\"port\":1720}","level":"info","timestamp":"2020-02-18 14:25:05"}
{"message":"Client connect. Client local address : ::ffff:192.168.10.104:1720. client remote address : ::ffff:119.30.32.16:33534","level":"info","timestamp":"2020-02-18 14:25:11"}
{"message":"There are 1 connections now. ","level":"info","timestamp":"2020-02-18 14:25:11"}
{"message":"Receive client send data : 787811010358979100015984800425810019F4590D0A, data size : 22","level":"info","timestamp":"2020-02-18 14:25:11"}
{"message":"787811010358979100015984800425810019F4590D0A","level":"info","timestamp":"2020-02-18 14:25:11"}
{"message":"protocol: 01","level":"info","timestamp":"2020-02-18 14:25:11"}
{"message":"hid:0358979100015984","level":"info","timestamp":"2020-02-18 14:25:11"}
{"message":10,"level":"info","timestamp":"2020-02-18 14:25:11"}
{"message":"0358979100015984-----len----60","level":"info","timestamp":"2020-02-18 14:25:11"}
{"message":"0D0A","level":"info","timestamp":"2020-02-18 14:25:11"}
{"message":"Receive client send data : 78780B234605B0040002001A32E40D0A, data size : 38","level":"info","timestamp":"2020-02-18 14:25:11"}
{"message":"78780B234605B0040002001A32E40D0A","level":"info","timestamp":"2020-02-18 14:25:11"}
{"message":"protocol: 23","level":"info","timestamp":"2020-02-18 14:25:11"}
{"message":"0358979100015984-----len----48","level":"info","timestamp":"2020-02-18 14:25:11"}
{"message":"0D0A","level":"info","timestamp":"2020-02-18 14:25:11"}
{"message":"Receive client send data : 7979001894230110414DC47BF2794E7F154C454192496921001B03A20D0A7979000C9421C4A8280C48F5001C34610D0A, data size : 86","level":"info","timestamp":"2020-02-18 14:25:12"}
{"message":"7979001894230110414DC47BF2794E7F154C454192496921001B03A20D0A","level":"info","timestamp":"2020-02-18 14:25:12"}
{"message":"protocol: 18","level":"info","timestamp":"2020-02-18 14:25:12"}
{"message":"0358979100015984-----len----76","level":"info","timestamp":"2020-02-18 14:25:12"}
{"message":"7979000C9421C4A8280C48F5001C34610D0A","level":"info","timestamp":"2020-02-18 14:25:12"}
{"message":"protocol: 0C","level":"info","timestamp":"2020-02-18 14:25:12"}
{"message":"0358979100015984-----len----52","level":"info","timestamp":"2020-02-18 14:25:12"}
{"message":"0D0A","level":"info","timestamp":"2020-02-18 14:25:12"}
{"message":"Receive client send data : 78782222140212080907C4028BBEAD09B3884703146B01D601523500B505010001001D60D50D0A, data size : 125","level":"info","timestamp":"2020-02-18 14:25:13"}
{"message":"78782222140212080907C4028BBEAD09B3884703146B01D601523500B505010001001D60D50D0A","level":"info","timestamp":"2020-02-18 14:25:13"}
{"message":"protocol: 22","level":"info","timestamp":"2020-02-18 14:25:13"}
{"message":"0358979100015984-----len----94","level":"info","timestamp":"2020-02-18 14:25:13"}
{"message":"0D0A","level":"info","timestamp":"2020-02-18 14:25:13"}
{"message":"TCP server listen on address : {\"address\":\"::\",\"family\":\"IPv6\",\"port\":1720}","level":"info","timestamp":"2020-02-18 14:25:50"}
{"message":"Client connect. Client local address : ::ffff:192.168.10.104:1720. client remote address : ::ffff:37.111.198.23:57846","level":"info","timestamp":"2020-02-18 14:25:56"}
{"message":"There are 1 connections now. ","level":"info","timestamp":"2020-02-18 14:25:56"}
{"message":"Receive client send data : 78781101035897910001598480042581001E80E60D0A, data size : 22","level":"info","timestamp":"2020-02-18 14:25:56"}
{"message":"78781101035897910001598480042581001E80E60D0A","level":"info","timestamp":"2020-02-18 14:25:56"}
{"message":"protocol: 01","level":"info","timestamp":"2020-02-18 14:25:56"}
{"message":"hid:0358979100015984","level":"info","timestamp":"2020-02-18 14:25:56"}
{"message":10,"level":"info","timestamp":"2020-02-18 14:25:56"}
{"message":"0358979100015984-----len----60","level":"info","timestamp":"2020-02-18 14:25:56"}
{"message":"0D0A","level":"info","timestamp":"2020-02-18 14:25:56"}
{"message":"Receive client send data : 78780B234605DD040002001FD7270D0A, data size : 38","level":"info","timestamp":"2020-02-18 14:25:56"}
{"message":"78780B234605DD040002001FD7270D0A","level":"info","timestamp":"2020-02-18 14:25:56"}
{"message":"protocol: 23","level":"info","timestamp":"2020-02-18 14:25:56"}
{"message":"0358979100015984-----len----48","level":"info","timestamp":"2020-02-18 14:25:56"}
{"message":"0D0A","level":"info","timestamp":"2020-02-18 14:25:56"}
{"message":"Receive client send data : 7979001894230110414DC47BF2794E7F154C45419249692100208CF20D0A7979000C9421C4A8280C48F50021DE070D0A, data size : 86","level":"info","timestamp":"2020-02-18 14:25:57"}
{"message":"7979001894230110414DC47BF2794E7F154C45419249692100208CF20D0A","level":"info","timestamp":"2020-02-18 14:25:57"}
{"message":"protocol: 18","level":"info","timestamp":"2020-02-18 14:25:57"}
{"message":"0358979100015984-----len----76","level":"info","timestamp":"2020-02-18 14:25:57"}
{"message":"7979000C9421C4A8280C48F50021DE070D0A","level":"info","timestamp":"2020-02-18 14:25:57"}
{"message":"protocol: 0C","level":"info","timestamp":"2020-02-18 14:25:57"}
{"message":"0358979100015984-----len----52","level":"info","timestamp":"2020-02-18 14:25:57"}
{"message":"0D0A","level":"info","timestamp":"2020-02-18 14:25:57"}
{"message":"Receive client send data : 78782222140212080907C4028BBEAD09B3884703146B01D601523500B5050100010022A9A10D0A, data size : 125","level":"info","timestamp":"2020-02-18 14:25:58"}
{"message":"78782222140212080907C4028BBEAD09B3884703146B01D601523500B5050100010022A9A10D0A","level":"info","timestamp":"2020-02-18 14:25:58"}
{"message":"protocol: 22","level":"info","timestamp":"2020-02-18 14:25:58"}
{"message":"0358979100015984-----len----94","level":"info","timestamp":"2020-02-18 14:25:58"}
{"message":"0D0A","level":"info","timestamp":"2020-02-18 14:25:58"}
{"message":"TCP server listen on address : {\"address\":\"::\",\"family\":\"IPv6\",\"port\":1720}","level":"info","timestamp":"2020-02-18 14:26:35"}
{"message":"Client connect. Client local address : ::ffff:192.168.10.104:1720. client remote address : ::ffff:37.111.203.198:35754","level":"info","timestamp":"2020-02-18 14:26:41"}
{"message":"There are 1 connections now. ","level":"info","timestamp":"2020-02-18 14:26:41"}
{"message":"Receive client send data : 7878110103589791000159848004258100236A800D0A, data size : 22","level":"info","timestamp":"2020-02-18 14:26:41"}
{"message":"7878110103589791000159848004258100236A800D0A","level":"info","timestamp":"2020-02-18 14:26:41"}
{"message":"protocol: 01","level":"info","timestamp":"2020-02-18 14:26:41"}
{"message":"hid:0358979100015984","level":"info","timestamp":"2020-02-18 14:26:41"}
{"message":10,"level":"info","timestamp":"2020-02-18 14:26:41"}
{"message":"0358979100015984-----len----60","level":"info","timestamp":"2020-02-18 14:26:41"}
{"message":"0D0A","level":"info","timestamp":"2020-02-18 14:26:41"}
{"message":"Receive client send data : 78780B234605E50400020024BEFF0D0A, data size : 38","level":"info","timestamp":"2020-02-18 14:26:41"}
{"message":"78780B234605E50400020024BEFF0D0A","level":"info","timestamp":"2020-02-18 14:26:41"}
{"message":"protocol: 23","level":"info","timestamp":"2020-02-18 14:26:41"}
{"message":"0358979100015984-----len----48","level":"info","timestamp":"2020-02-18 14:26:41"}
{"message":"0D0A","level":"info","timestamp":"2020-02-18 14:26:41"}
{"message":"Receive client send data : 7979001894230110414DC47BF2794E7F154C4541924969210025DB5F0D0A7979000C9421C4A8280C48F50026AAB80D0A, data size : 86","level":"info","timestamp":"2020-02-18 14:26:42"}
{"message":"7979001894230110414DC47BF2794E7F154C4541924969210025DB5F0D0A","level":"info","timestamp":"2020-02-18 14:26:42"}
{"message":"protocol: 18","level":"info","timestamp":"2020-02-18 14:26:42"}
{"message":"0358979100015984-----len----76","level":"info","timestamp":"2020-02-18 14:26:42"}
{"message":"7979000C9421C4A8280C48F50026AAB80D0A","level":"info","timestamp":"2020-02-18 14:26:42"}
{"message":"protocol: 0C","level":"info","timestamp":"2020-02-18 14:26:42"}
{"message":"0358979100015984-----len----52","level":"info","timestamp":"2020-02-18 14:26:42"}
{"message":"0D0A","level":"info","timestamp":"2020-02-18 14:26:42"}
{"message":"Receive client send data : 78782222140212080907C4028BBEAD09B3884703146B01D601523500B5050100010027FE0C0D0A, data size : 125","level":"info","timestamp":"2020-02-18 14:26:42"}
{"message":"78782222140212080907C4028BBEAD09B3884703146B01D601523500B5050100010027FE0C0D0A","level":"info","timestamp":"2020-02-18 14:26:42"}
{"message":"protocol: 22","level":"info","timestamp":"2020-02-18 14:26:42"}
{"message":"0358979100015984-----len----94","level":"info","timestamp":"2020-02-18 14:26:42"}
{"message":"0D0A","level":"info","timestamp":"2020-02-18 14:26:42"}
{"message":"TCP server listen on address : {\"address\":\"::\",\"family\":\"IPv6\",\"port\":1720}","level":"info","timestamp":"2020-02-18 14:27:10"}
{"message":"Client connect. Client local address : ::ffff:192.168.10.104:1720. client remote address : ::ffff:119.30.41.132:30886","level":"info","timestamp":"2020-02-18 14:27:16"}
{"message":"There are 1 connections now. ","level":"info","timestamp":"2020-02-18 14:27:16"}
{"message":"Receive client send data : 787811010358979100015984800425810028D4530D0A, data size : 22","level":"info","timestamp":"2020-02-18 14:27:16"}
{"message":"787811010358979100015984800425810028D4530D0A","level":"info","timestamp":"2020-02-18 14:27:16"}
{"message":"protocol: 01","level":"info","timestamp":"2020-02-18 14:27:16"}
{"message":"hid:0358979100015984","level":"info","timestamp":"2020-02-18 14:27:16"}
{"message":10,"level":"info","timestamp":"2020-02-18 14:27:16"}
{"message":"0358979100015984-----len----60","level":"info","timestamp":"2020-02-18 14:27:16"}
{"message":"0D0A","level":"info","timestamp":"2020-02-18 14:27:16"}
{"message":"Receive client send data : 78780B234605F604000200292BD70D0A, data size : 38","level":"info","timestamp":"2020-02-18 14:27:16"}
{"message":"78780B234605F604000200292BD70D0A","level":"info","timestamp":"2020-02-18 14:27:16"}
{"message":"protocol: 23","level":"info","timestamp":"2020-02-18 14:27:16"}
{"message":"0358979100015984-----len----48","level":"info","timestamp":"2020-02-18 14:27:16"}
{"message":"0D0A","level":"info","timestamp":"2020-02-18 14:27:16"}
{"message":"Receive client send data : 7979001894230110414DC47BF2794E7F154C454192496921002A23A80D0A7979000C9421C4A8280C48F5002B715D0D0A, data size : 86","level":"info","timestamp":"2020-02-18 14:27:17"}
{"message":"7979001894230110414DC47BF2794E7F154C454192496921002A23A80D0A","level":"info","timestamp":"2020-02-18 14:27:17"}
{"message":"protocol: 18","level":"info","timestamp":"2020-02-18 14:27:17"}
{"message":"0358979100015984-----len----76","level":"info","timestamp":"2020-02-18 14:27:17"}
{"message":"7979000C9421C4A8280C48F5002B715D0D0A","level":"info","timestamp":"2020-02-18 14:27:17"}
{"message":"protocol: 0C","level":"info","timestamp":"2020-02-18 14:27:17"}
{"message":"0358979100015984-----len----52","level":"info","timestamp":"2020-02-18 14:27:17"}
{"message":"0D0A","level":"info","timestamp":"2020-02-18 14:27:17"}
{"message":"Receive client send data : 78782222140212080907C4028BBEAD09B3884703146B01D601523500B505010001002C40DF0D0A, data size : 125","level":"info","timestamp":"2020-02-18 14:27:18"}
{"message":"78782222140212080907C4028BBEAD09B3884703146B01D601523500B505010001002C40DF0D0A","level":"info","timestamp":"2020-02-18 14:27:18"}
{"message":"protocol: 22","level":"info","timestamp":"2020-02-18 14:27:18"}
{"message":"0358979100015984-----len----94","level":"info","timestamp":"2020-02-18 14:27:18"}
{"message":"0D0A","level":"info","timestamp":"2020-02-18 14:27:18"}
{"message":"TCP server listen on address : {\"address\":\"::\",\"family\":\"IPv6\",\"port\":1720}","level":"info","timestamp":"2020-02-18 14:27:32"}
{"message":"Client connect. Client local address : ::ffff:192.168.10.104:1720. client remote address : ::ffff:37.111.197.133:58934","level":"info","timestamp":"2020-02-18 14:27:38"}
{"message":"There are 1 connections now. ","level":"info","timestamp":"2020-02-18 14:27:38"}
{"message":"Receive client send data : 78781101035897910001598480042581002D83FE0D0A, data size : 22","level":"info","timestamp":"2020-02-18 14:27:38"}
{"message":"78781101035897910001598480042581002D83FE0D0A","level":"info","timestamp":"2020-02-18 14:27:38"}
{"message":"protocol: 01","level":"info","timestamp":"2020-02-18 14:27:38"}
{"message":"hid:0358979100015984","level":"info","timestamp":"2020-02-18 14:27:38"}
{"message":10,"level":"info","timestamp":"2020-02-18 14:27:38"}
{"message":"0358979100015984-----len----60","level":"info","timestamp":"2020-02-18 14:27:38"}
{"message":"0D0A","level":"info","timestamp":"2020-02-18 14:27:38"}
{"message":"Receive client send data : 78780B234605DD040002002EF72D0D0A, data size : 38","level":"info","timestamp":"2020-02-18 14:27:38"}
{"message":"78780B234605DD040002002EF72D0D0A","level":"info","timestamp":"2020-02-18 14:27:38"}
{"message":"protocol: 23","level":"info","timestamp":"2020-02-18 14:27:38"}
{"message":"0358979100015984-----len----48","level":"info","timestamp":"2020-02-18 14:27:38"}
{"message":"0D0A","level":"info","timestamp":"2020-02-18 14:27:38"}
{"message":"Receive client send data : 7979001894230110414DC47BF2794E7F154C454192496921002F74050D0A7979000C9421C4A8280C48F50030DF0F0D0A, data size : 86","level":"info","timestamp":"2020-02-18 14:27:39"}
{"message":"7979001894230110414DC47BF2794E7F154C454192496921002F74050D0A","level":"info","timestamp":"2020-02-18 14:27:39"}
{"message":"protocol: 18","level":"info","timestamp":"2020-02-18 14:27:39"}
{"message":"0358979100015984-----len----76","level":"info","timestamp":"2020-02-18 14:27:39"}
{"message":"7979000C9421C4A8280C48F50030DF0F0D0A","level":"info","timestamp":"2020-02-18 14:27:39"}
{"message":"protocol: 0C","level":"info","timestamp":"2020-02-18 14:27:39"}
{"message":"0358979100015984-----len----52","level":"info","timestamp":"2020-02-18 14:27:39"}
{"message":"0D0A","level":"info","timestamp":"2020-02-18 14:27:39"}
{"message":"TCP server listen on address : {\"address\":\"::\",\"family\":\"IPv6\",\"port\":1720}","level":"info","timestamp":"2020-02-18 14:27:40"}
{"message":"Client connect. Client local address : ::ffff:192.168.10.104:1720. client remote address : ::ffff:119.30.38.220:19828","level":"info","timestamp":"2020-02-18 14:27:44"}
{"message":"There are 1 connections now. ","level":"info","timestamp":"2020-02-18 14:27:44"}
{"message":"Receive client send data : 7878110103589791000159848004258100326B880D0A, data size : 22","level":"info","timestamp":"2020-02-18 14:27:44"}
{"message":"7878110103589791000159848004258100326B880D0A","level":"info","timestamp":"2020-02-18 14:27:44"}
{"message":"protocol: 01","level":"info","timestamp":"2020-02-18 14:27:44"}
{"message":"hid:0358979100015984","level":"info","timestamp":"2020-02-18 14:27:44"}
{"message":10,"level":"info","timestamp":"2020-02-18 14:27:44"}
{"message":"0358979100015984-----len----60","level":"info","timestamp":"2020-02-18 14:27:44"}
{"message":"0D0A","level":"info","timestamp":"2020-02-18 14:27:44"}
{"message":"Receive client send data : 78782222140212080907C4028BBEAD09B3884703146B01D601523500B50501000100318BBB0D0A, data size : 61","level":"info","timestamp":"2020-02-18 14:27:45"}
{"message":"78782222140212080907C4028BBEAD09B3884703146B01D601523500B50501000100318BBB0D0A","level":"info","timestamp":"2020-02-18 14:27:45"}
{"message":"protocol: 22","level":"info","timestamp":"2020-02-18 14:27:45"}
{"message":"0358979100015984-----len----94","level":"info","timestamp":"2020-02-18 14:27:45"}
{"message":"0D0A","level":"info","timestamp":"2020-02-18 14:27:45"}
{"message":"Receive client send data : 78780B234605EF0400020036A4620D0A, data size : 77","level":"info","timestamp":"2020-02-18 14:27:46"}
{"message":"78780B234605EF0400020036A4620D0A","level":"info","timestamp":"2020-02-18 14:27:46"}
{"message":"protocol: 23","level":"info","timestamp":"2020-02-18 14:27:46"}
{"message":"0358979100015984-----len----48","level":"info","timestamp":"2020-02-18 14:27:46"}
{"message":"0D0A","level":"info","timestamp":"2020-02-18 14:27:46"}
{"message":"Receive client send data : 7979001894230110414DC47BF2794E7F154C4541924969210033AEE80D0A7979000C9421C4A8280C48F50034992B0D0A, data size : 125","level":"info","timestamp":"2020-02-18 14:27:46"}
{"message":"7979001894230110414DC47BF2794E7F154C4541924969210033AEE80D0A","level":"info","timestamp":"2020-02-18 14:27:46"}
{"message":"protocol: 18","level":"info","timestamp":"2020-02-18 14:27:46"}
{"message":"0358979100015984-----len----76","level":"info","timestamp":"2020-02-18 14:27:46"}
{"message":"7979000C9421C4A8280C48F50034992B0D0A","level":"info","timestamp":"2020-02-18 14:27:46"}
{"message":"protocol: 0C","level":"info","timestamp":"2020-02-18 14:27:46"}
{"message":"0358979100015984-----len----52","level":"info","timestamp":"2020-02-18 14:27:46"}
{"message":"0D0A","level":"info","timestamp":"2020-02-18 14:27:46"}
{"message":"Receive client send data : 78782222140212080907C4028BBEAD09B3884703146B01D601523500B5050100010035CD9F0D0A, data size : 164","level":"info","timestamp":"2020-02-18 14:27:47"}
{"message":"78782222140212080907C4028BBEAD09B3884703146B01D601523500B5050100010035CD9F0D0A","level":"info","timestamp":"2020-02-18 14:27:47"}
{"message":"protocol: 22","level":"info","timestamp":"2020-02-18 14:27:47"}
{"message":"0358979100015984-----len----94","level":"info","timestamp":"2020-02-18 14:27:47"}
{"message":"0D0A","level":"info","timestamp":"2020-02-18 14:27:47"}
{"message":"Client connect. Client local address : ::ffff:192.168.10.104:1720. client remote address : ::ffff:37.111.199.252:50974","level":"info","timestamp":"2020-02-18 14:30:35"}
{"message":"There are 2 connections now. ","level":"info","timestamp":"2020-02-18 14:30:35"}
{"message":"Receive client send data : 78781101035897910001598480042581000079190D0A, data size : 22","level":"info","timestamp":"2020-02-18 14:30:35"}
{"message":"78781101035897910001598480042581000079190D0A","level":"info","timestamp":"2020-02-18 14:30:35"}
{"message":"protocol: 01","level":"info","timestamp":"2020-02-18 14:30:35"}
{"message":"hid:0358979100015984","level":"info","timestamp":"2020-02-18 14:30:35"}
{"message":10,"level":"info","timestamp":"2020-02-18 14:30:35"}
{"message":"0358979100015984-----len----60","level":"info","timestamp":"2020-02-18 14:30:35"}
{"message":"0D0A","level":"info","timestamp":"2020-02-18 14:30:35"}
{"message":"Receive client send data : 7878058A0001FC960D0A, data size : 32","level":"info","timestamp":"2020-02-18 14:30:36"}
{"message":"7878058A0001FC960D0A","level":"info","timestamp":"2020-02-18 14:30:36"}
{"message":"protocol: 8A","level":"info","timestamp":"2020-02-18 14:30:36"}
{"message":"0358979100015984-----len----36","level":"info","timestamp":"2020-02-18 14:30:36"}
{"message":"0D0A","level":"info","timestamp":"2020-02-18 14:30:36"}
{"message":"Receive client send data : 78780B230606000400020006E7E40D0A, data size : 48","level":"info","timestamp":"2020-02-18 14:30:36"}
{"message":"78780B230606000400020006E7E40D0A","level":"info","timestamp":"2020-02-18 14:30:36"}
{"message":"protocol: 23","level":"info","timestamp":"2020-02-18 14:30:36"}
{"message":"0358979100015984-----len----48","level":"info","timestamp":"2020-02-18 14:30:36"}
{"message":"0D0A","level":"info","timestamp":"2020-02-18 14:30:36"}
{"message":"Receive client send data : 79790020940A035897910001598404700106750764078988014106750764075F0002CA350D0A79790044980000080358979100015984010008047001067507640702000A8988014106750764075F030010F0E260AB312E576375B00560D2ADC66A04000661628A6CEF080003ACE00D0A7979001894230110414DC47BF2794E7F154C4541924969210004EBD40D0A7979000C9421C4A8280C48F50005B9210D0A, data size : 208","level":"info","timestamp":"2020-02-18 14:30:37"}
{"message":"79790020940A035897910001598404700106750764078988014106750764075F0002CA350D0A","level":"info","timestamp":"2020-02-18 14:30:37"}
{"message":"protocol: 20","level":"info","timestamp":"2020-02-18 14:30:37"}
{"message":"0358979100015984-----len----92","level":"info","timestamp":"2020-02-18 14:30:37"}
{"message":"79790044980000080358979100015984010008047001067507640702000A8988014106750764075F030010F0E260AB312E576375B00560D2ADC66A04000661628A6CEF080003ACE00D0A","level":"info","timestamp":"2020-02-18 14:30:37"}
{"message":"protocol: 44","level":"info","timestamp":"2020-02-18 14:30:37"}
{"message":"0358979100015984-----len----164","level":"info","timestamp":"2020-02-18 14:30:37"}
{"message":"7979001894230110414DC47BF2794E7F154C4541924969210004EBD40D0A","level":"info","timestamp":"2020-02-18 14:30:37"}
{"message":"protocol: 18","level":"info","timestamp":"2020-02-18 14:30:37"}
{"message":"0358979100015984-----len----76","level":"info","timestamp":"2020-02-18 14:30:37"}
{"message":"7979000C9421C4A8280C48F50005B9210D0A","level":"info","timestamp":"2020-02-18 14:30:37"}
{"message":"protocol: 0C","level":"info","timestamp":"2020-02-18 14:30:37"}
{"message":"0358979100015984-----len----52","level":"info","timestamp":"2020-02-18 14:30:37"}
{"message":"0D0A","level":"info","timestamp":"2020-02-18 14:30:37"}
{"message":"TCP server listen on address : {\"address\":\"::\",\"family\":\"IPv6\",\"port\":1720}","level":"info","timestamp":"2020-02-18 14:31:01"}
{"message":"Client connect. Client local address : ::ffff:192.168.10.104:1720. client remote address : ::ffff:37.111.199.252:50975","level":"info","timestamp":"2020-02-18 14:31:07"}
{"message":"There are 1 connections now. ","level":"info","timestamp":"2020-02-18 14:31:07"}
{"message":"Receive client send data : 7878110103589791000159848004258100070DA60D0A, data size : 22","level":"info","timestamp":"2020-02-18 14:31:07"}
{"message":"7878110103589791000159848004258100070DA60D0A","level":"info","timestamp":"2020-02-18 14:31:07"}
{"message":"protocol: 01","level":"info","timestamp":"2020-02-18 14:31:07"}
{"message":"hid:0358979100015984","level":"info","timestamp":"2020-02-18 14:31:07"}
{"message":10,"level":"info","timestamp":"2020-02-18 14:31:07"}
{"message":"0358979100015984-----len----60","level":"info","timestamp":"2020-02-18 14:31:07"}
{"message":"0D0A","level":"info","timestamp":"2020-02-18 14:31:07"}
{"message":"Receive client send data : 78780B230605F10400020008627C0D0A, data size : 38","level":"info","timestamp":"2020-02-18 14:31:08"}
{"message":"78780B230605F10400020008627C0D0A","level":"info","timestamp":"2020-02-18 14:31:08"}
{"message":"protocol: 23","level":"info","timestamp":"2020-02-18 14:31:08"}
{"message":"0358979100015984-----len----48","level":"info","timestamp":"2020-02-18 14:31:08"}
{"message":"0D0A","level":"info","timestamp":"2020-02-18 14:31:08"}
{"message":"TCP server listen on address : {\"address\":\"::\",\"family\":\"IPv6\",\"port\":1720}","level":"info","timestamp":"2020-02-18 14:31:09"}
{"message":"Client connect. Client local address : ::ffff:192.168.10.104:1720. client remote address : ::ffff:37.111.199.252:50976","level":"info","timestamp":"2020-02-18 14:31:14"}
{"message":"There are 1 connections now. ","level":"info","timestamp":"2020-02-18 14:31:14"}
{"message":"Receive client send data : 78781101035897910001598480042581000BC7CA0D0A, data size : 22","level":"info","timestamp":"2020-02-18 14:31:14"}
{"message":"78781101035897910001598480042581000BC7CA0D0A","level":"info","timestamp":"2020-02-18 14:31:14"}
{"message":"protocol: 01","level":"info","timestamp":"2020-02-18 14:31:14"}
{"message":"hid:0358979100015984","level":"info","timestamp":"2020-02-18 14:31:14"}
{"message":10,"level":"info","timestamp":"2020-02-18 14:31:14"}
{"message":"0358979100015984-----len----60","level":"info","timestamp":"2020-02-18 14:31:14"}
{"message":"0D0A","level":"info","timestamp":"2020-02-18 14:31:14"}
{"message":"Receive client send data : 7979001894230110414DC47BF2794E7F154C454192496921000930310D0A7979000C9421C4A8280C48F5000A41D60D0A, data size : 70","level":"info","timestamp":"2020-02-18 14:31:14"}
{"message":"7979001894230110414DC47BF2794E7F154C454192496921000930310D0A","level":"info","timestamp":"2020-02-18 14:31:14"}
{"message":"protocol: 18","level":"info","timestamp":"2020-02-18 14:31:14"}
{"message":"0358979100015984-----len----76","level":"info","timestamp":"2020-02-18 14:31:14"}
{"message":"7979000C9421C4A8280C48F5000A41D60D0A","level":"info","timestamp":"2020-02-18 14:31:14"}
{"message":"protocol: 0C","level":"info","timestamp":"2020-02-18 14:31:14"}
{"message":"0358979100015984-----len----52","level":"info","timestamp":"2020-02-18 14:31:14"}
{"message":"0D0A","level":"info","timestamp":"2020-02-18 14:31:14"}
{"message":"TCP server listen on address : {\"address\":\"::\",\"family\":\"IPv6\",\"port\":1720}","level":"info","timestamp":"2020-02-18 14:31:16"}
{"message":"Client connect. Client local address : ::ffff:192.168.10.104:1720. client remote address : ::ffff:37.111.199.252:50977","level":"info","timestamp":"2020-02-18 14:31:20"}
{"message":"There are 1 connections now. ","level":"info","timestamp":"2020-02-18 14:31:20"}
{"message":"Receive client send data : 78781101035897910001598480042581000F81EE0D0A, data size : 22","level":"info","timestamp":"2020-02-18 14:31:20"}
{"message":"78781101035897910001598480042581000F81EE0D0A","level":"info","timestamp":"2020-02-18 14:31:20"}
{"message":"protocol: 01","level":"info","timestamp":"2020-02-18 14:31:20"}
{"message":"hid:0358979100015984","level":"info","timestamp":"2020-02-18 14:31:20"}
{"message":10,"level":"info","timestamp":"2020-02-18 14:31:20"}
{"message":"0358979100015984-----len----60","level":"info","timestamp":"2020-02-18 14:31:20"}
{"message":"0D0A","level":"info","timestamp":"2020-02-18 14:31:20"}
{"message":"Receive client send data : 7979001894230110414DC47BF2794E7F154C454192496921000C679C0D0A7979000C9421C4A8280C48F5000D35690D0A, data size : 70","level":"info","timestamp":"2020-02-18 14:31:21"}
{"message":"7979001894230110414DC47BF2794E7F154C454192496921000C679C0D0A","level":"info","timestamp":"2020-02-18 14:31:21"}
{"message":"protocol: 18","level":"info","timestamp":"2020-02-18 14:31:21"}
{"message":"0358979100015984-----len----76","level":"info","timestamp":"2020-02-18 14:31:21"}
{"message":"7979000C9421C4A8280C48F5000D35690D0A","level":"info","timestamp":"2020-02-18 14:31:21"}
{"message":"protocol: 0C","level":"info","timestamp":"2020-02-18 14:31:21"}
{"message":"0358979100015984-----len----52","level":"info","timestamp":"2020-02-18 14:31:21"}
{"message":"0D0A","level":"info","timestamp":"2020-02-18 14:31:21"}
{"message":"TCP server listen on address : {\"address\":\"::\",\"family\":\"IPv6\",\"port\":1720}","level":"info","timestamp":"2020-02-18 14:31:22"}
{"message":"Client connect. Client local address : ::ffff:192.168.10.104:1720. client remote address : ::ffff:37.111.199.252:50978","level":"info","timestamp":"2020-02-18 14:31:26"}
{"message":"There are 1 connections now. ","level":"info","timestamp":"2020-02-18 14:31:26"}
{"message":"Receive client send data : 7878110103589791000159848004258100135B030D0A, data size : 22","level":"info","timestamp":"2020-02-18 14:31:26"}
{"message":"7878110103589791000159848004258100135B030D0A","level":"info","timestamp":"2020-02-18 14:31:26"}
{"message":"protocol: 01","level":"info","timestamp":"2020-02-18 14:31:26"}
{"message":"hid:0358979100015984","level":"info","timestamp":"2020-02-18 14:31:26"}
{"message":10,"level":"info","timestamp":"2020-02-18 14:31:26"}
{"message":"0358979100015984-----len----60","level":"info","timestamp":"2020-02-18 14:31:26"}
{"message":"0D0A","level":"info","timestamp":"2020-02-18 14:31:26"}
{"message":"Receive client send data : 7979001894230110414DC47BF2794E7F154C4541924969210010BD710D0A7979000C9421C4A8280C48F50011EF840D0A, data size : 70","level":"info","timestamp":"2020-02-18 14:31:27"}
{"message":"7979001894230110414DC47BF2794E7F154C4541924969210010BD710D0A","level":"info","timestamp":"2020-02-18 14:31:27"}
{"message":"protocol: 18","level":"info","timestamp":"2020-02-18 14:31:27"}
{"message":"0358979100015984-----len----76","level":"info","timestamp":"2020-02-18 14:31:27"}
{"message":"7979000C9421C4A8280C48F50011EF840D0A","level":"info","timestamp":"2020-02-18 14:31:27"}
{"message":"protocol: 0C","level":"info","timestamp":"2020-02-18 14:31:27"}
{"message":"0358979100015984-----len----52","level":"info","timestamp":"2020-02-18 14:31:27"}
{"message":"0D0A","level":"info","timestamp":"2020-02-18 14:31:27"}
{"message":"TCP server listen on address : {\"address\":\"::\",\"family\":\"IPv6\",\"port\":1720}","level":"info","timestamp":"2020-02-18 14:31:28"}
{"message":"Client connect. Client local address : ::ffff:192.168.10.104:1720. client remote address : ::ffff:37.111.199.252:50979","level":"info","timestamp":"2020-02-18 14:31:32"}
{"message":"There are 1 connections now. ","level":"info","timestamp":"2020-02-18 14:31:32"}
{"message":"Receive client send data : 787811010358979100015984800425810019F4590D0A, data size : 22","level":"info","timestamp":"2020-02-18 14:31:32"}
{"message":"787811010358979100015984800425810019F4590D0A","level":"info","timestamp":"2020-02-18 14:31:32"}
{"message":"protocol: 01","level":"info","timestamp":"2020-02-18 14:31:32"}
{"message":"hid:0358979100015984","level":"info","timestamp":"2020-02-18 14:31:32"}
{"message":10,"level":"info","timestamp":"2020-02-18 14:31:32"}
{"message":"0358979100015984-----len----60","level":"info","timestamp":"2020-02-18 14:31:32"}
{"message":"0D0A","level":"info","timestamp":"2020-02-18 14:31:32"}
{"message":"Receive client send data : 7979001894230110414DC47BF2794E7F154C4541924969210015EADC0D0A7979000C9421C4A8280C48F500169B3B0D0A, data size : 70","level":"info","timestamp":"2020-02-18 14:31:32"}
{"message":"7979001894230110414DC47BF2794E7F154C4541924969210015EADC0D0A","level":"info","timestamp":"2020-02-18 14:31:32"}
{"message":"protocol: 18","level":"info","timestamp":"2020-02-18 14:31:32"}
{"message":"0358979100015984-----len----76","level":"info","timestamp":"2020-02-18 14:31:32"}
{"message":"7979000C9421C4A8280C48F500169B3B0D0A","level":"info","timestamp":"2020-02-18 14:31:32"}
{"message":"protocol: 0C","level":"info","timestamp":"2020-02-18 14:31:32"}
{"message":"0358979100015984-----len----52","level":"info","timestamp":"2020-02-18 14:31:32"}
{"message":"0D0A","level":"info","timestamp":"2020-02-18 14:31:32"}
{"message":"TCP server listen on address : {\"address\":\"::\",\"family\":\"IPv6\",\"port\":1720}","level":"info","timestamp":"2020-02-18 14:31:33"}
{"message":"Client connect. Client local address : ::ffff:192.168.10.104:1720. client remote address : ::ffff:37.111.199.252:50980","level":"info","timestamp":"2020-02-18 14:31:38"}
{"message":"There are 1 connections now. ","level":"info","timestamp":"2020-02-18 14:31:38"}
{"message":"Receive client send data : 78781101035897910001598480042581001E80E60D0A, data size : 22","level":"info","timestamp":"2020-02-18 14:31:38"}
{"message":"78781101035897910001598480042581001E80E60D0A","level":"info","timestamp":"2020-02-18 14:31:38"}
{"message":"protocol: 01","level":"info","timestamp":"2020-02-18 14:31:38"}
{"message":"hid:0358979100015984","level":"info","timestamp":"2020-02-18 14:31:38"}
{"message":10,"level":"info","timestamp":"2020-02-18 14:31:38"}
{"message":"0358979100015984-----len----60","level":"info","timestamp":"2020-02-18 14:31:38"}
{"message":"0D0A","level":"info","timestamp":"2020-02-18 14:31:38"}
{"message":"Receive client send data : 7979001894230110414DC47BF2794E7F154C454192496921001A122B0D0A7979000C9421C4A8280C48F5001B40DE0D0A, data size : 70","level":"info","timestamp":"2020-02-18 14:31:38"}
{"message":"7979001894230110414DC47BF2794E7F154C454192496921001A122B0D0A","level":"info","timestamp":"2020-02-18 14:31:38"}
{"message":"protocol: 18","level":"info","timestamp":"2020-02-18 14:31:38"}
{"message":"0358979100015984-----len----76","level":"info","timestamp":"2020-02-18 14:31:38"}
{"message":"7979000C9421C4A8280C48F5001B40DE0D0A","level":"info","timestamp":"2020-02-18 14:31:38"}
{"message":"protocol: 0C","level":"info","timestamp":"2020-02-18 14:31:38"}
{"message":"0358979100015984-----len----52","level":"info","timestamp":"2020-02-18 14:31:38"}
{"message":"0D0A","level":"info","timestamp":"2020-02-18 14:31:38"}
{"message":"TCP server listen on address : {\"address\":\"::\",\"family\":\"IPv6\",\"port\":1720}","level":"info","timestamp":"2020-02-18 14:31:39"}
{"message":"Client connect. Client local address : ::ffff:192.168.10.104:1720. client remote address : ::ffff:119.30.38.66:34593","level":"info","timestamp":"2020-02-18 14:31:44"}
{"message":"There are 1 connections now. ","level":"info","timestamp":"2020-02-18 14:31:44"}
{"message":"Receive client send data : 7878110103589791000159848004258100236A800D0A, data size : 22","level":"info","timestamp":"2020-02-18 14:31:44"}
{"message":"7878110103589791000159848004258100236A800D0A","level":"info","timestamp":"2020-02-18 14:31:44"}
{"message":"protocol: 01","level":"info","timestamp":"2020-02-18 14:31:44"}
{"message":"hid:0358979100015984","level":"info","timestamp":"2020-02-18 14:31:44"}
{"message":10,"level":"info","timestamp":"2020-02-18 14:31:44"}
{"message":"0358979100015984-----len----60","level":"info","timestamp":"2020-02-18 14:31:44"}
{"message":"0D0A","level":"info","timestamp":"2020-02-18 14:31:44"}
{"message":"Receive client send data : 7979001894230110414DC47BF2794E7F154C454192496921001F45860D0A7979000C9421C4A8280C48F50020CF8E0D0A, data size : 70","level":"info","timestamp":"2020-02-18 14:31:45"}
{"message":"7979001894230110414DC47BF2794E7F154C454192496921001F45860D0A","level":"info","timestamp":"2020-02-18 14:31:45"}
{"message":"protocol: 18","level":"info","timestamp":"2020-02-18 14:31:45"}
{"message":"0358979100015984-----len----76","level":"info","timestamp":"2020-02-18 14:31:45"}
{"message":"7979000C9421C4A8280C48F50020CF8E0D0A","level":"info","timestamp":"2020-02-18 14:31:45"}
{"message":"protocol: 0C","level":"info","timestamp":"2020-02-18 14:31:45"}
{"message":"0358979100015984-----len----52","level":"info","timestamp":"2020-02-18 14:31:45"}
{"message":"0D0A","level":"info","timestamp":"2020-02-18 14:31:45"}
{"message":"Receive client send data : 78780B234605E7040002002784320D0A, data size : 86","level":"info","timestamp":"2020-02-18 14:31:46"}
{"message":"78780B234605E7040002002784320D0A","level":"info","timestamp":"2020-02-18 14:31:46"}
{"message":"protocol: 23","level":"info","timestamp":"2020-02-18 14:31:46"}
{"message":"0358979100015984-----len----48","level":"info","timestamp":"2020-02-18 14:31:46"}
{"message":"0D0A","level":"info","timestamp":"2020-02-18 14:31:46"}
{"message":"Receive client send data : 7979001894230110414DC47BF2794E7F154C4541924969210024CAD60D0A7979000C9421C4A8280C48F5002598230D0A, data size : 134","level":"info","timestamp":"2020-02-18 14:31:47"}
{"message":"7979001894230110414DC47BF2794E7F154C4541924969210024CAD60D0A","level":"info","timestamp":"2020-02-18 14:31:47"}
{"message":"protocol: 18","level":"info","timestamp":"2020-02-18 14:31:47"}
{"message":"0358979100015984-----len----76","level":"info","timestamp":"2020-02-18 14:31:47"}
{"message":"7979000C9421C4A8280C48F5002598230D0A","level":"info","timestamp":"2020-02-18 14:31:47"}
{"message":"protocol: 0C","level":"info","timestamp":"2020-02-18 14:31:47"}
{"message":"0358979100015984-----len----52","level":"info","timestamp":"2020-02-18 14:31:47"}
{"message":"0D0A","level":"info","timestamp":"2020-02-18 14:31:47"}
{"message":"Receive client send data : 78782222140212081D0AC4028BBEC809B38A4300144901D601523500B5050100000014AFA70D0A78782222140212081D0AC4028BBEC809B38A4300144901D601523500B5050100010017C7E00D0A78782222140212081D0AC4028BBEC809B38A4300144901D601523500B505010001001D68BA0D0A78782222140212081D0AC4028BBEC809B38A4300144901D601523500B5050100010022A1CE0D0A78782222140212081D0AC4028BBEC809B38A4300144901D601523500B5050100010026E7EA0D0A, data size : 329","level":"info","timestamp":"2020-02-18 14:31:48"}
{"message":"78782222140212081D0AC4028BBEC809B38A4300144901D601523500B5050100000014AFA70D0A","level":"info","timestamp":"2020-02-18 14:31:48"}
{"message":"protocol: 22","level":"info","timestamp":"2020-02-18 14:31:48"}
{"message":"0358979100015984-----len----94","level":"info","timestamp":"2020-02-18 14:31:48"}
{"message":"78782222140212081D0AC4028BBEC809B38A4300144901D601523500B5050100010017C7E00D0A","level":"info","timestamp":"2020-02-18 14:31:48"}
{"message":"protocol: 22","level":"info","timestamp":"2020-02-18 14:31:48"}
{"message":"0358979100015984-----len----94","level":"info","timestamp":"2020-02-18 14:31:48"}
{"message":"78782222140212081D0AC4028BBEC809B38A4300144901D601523500B505010001001D68BA0D0A","level":"info","timestamp":"2020-02-18 14:31:48"}
{"message":"protocol: 22","level":"info","timestamp":"2020-02-18 14:31:48"}
{"message":"0358979100015984-----len----94","level":"info","timestamp":"2020-02-18 14:31:48"}
{"message":"78782222140212081D0AC4028BBEC809B38A4300144901D601523500B5050100010022A1CE0D0A","level":"info","timestamp":"2020-02-18 14:31:48"}
{"message":"protocol: 22","level":"info","timestamp":"2020-02-18 14:31:48"}
{"message":"0358979100015984-----len----94","level":"info","timestamp":"2020-02-18 14:31:48"}
{"message":"78782222140212081D0AC4028BBEC809B38A4300144901D601523500B5050100010026E7EA0D0A","level":"info","timestamp":"2020-02-18 14:31:48"}
{"message":"protocol: 22","level":"info","timestamp":"2020-02-18 14:31:48"}
{"message":"0358979100015984-----len----94","level":"info","timestamp":"2020-02-18 14:31:48"}
{"message":"0D0A","level":"info","timestamp":"2020-02-18 14:31:48"}
{"message":"TCP server listen on address : {\"address\":\"::\",\"family\":\"IPv6\",\"port\":1720}","level":"info","timestamp":"2020-02-18 14:33:17"}
{"message":"Client connect. Client local address : ::ffff:192.168.10.104:1720. client remote address : ::ffff:37.111.198.182:10836","level":"info","timestamp":"2020-02-18 14:33:23"}
{"message":"There are 1 connections now. ","level":"info","timestamp":"2020-02-18 14:33:23"}
{"message":"Receive client send data : 787811010358979100015984800425810028D4530D0A, data size : 22","level":"info","timestamp":"2020-02-18 14:33:23"}
{"message":"787811010358979100015984800425810028D4530D0A","level":"info","timestamp":"2020-02-18 14:33:23"}
{"message":"protocol: 01","level":"info","timestamp":"2020-02-18 14:33:23"}
{"message":"hid:0358979100015984","level":"info","timestamp":"2020-02-18 14:33:23"}
{"message":10,"level":"info","timestamp":"2020-02-18 14:33:23"}
{"message":"0358979100015984-----len----60","level":"info","timestamp":"2020-02-18 14:33:23"}
{"message":"0D0A","level":"info","timestamp":"2020-02-18 14:33:23"}
{"message":"Receive client send data : 78780B234605E00400020029719D0D0A, data size : 38","level":"info","timestamp":"2020-02-18 14:33:23"}
{"message":"78780B234605E00400020029719D0D0A","level":"info","timestamp":"2020-02-18 14:33:23"}
{"message":"protocol: 23","level":"info","timestamp":"2020-02-18 14:33:23"}
{"message":"0358979100015984-----len----48","level":"info","timestamp":"2020-02-18 14:33:23"}
{"message":"0D0A","level":"info","timestamp":"2020-02-18 14:33:23"}
{"message":"Receive client send data : 7979001894230110414DC47BF2794E7F154C454192496921002A23A80D0A7979000C9421C4A8280C48F5002B715D0D0A, data size : 86","level":"info","timestamp":"2020-02-18 14:33:24"}
{"message":"7979001894230110414DC47BF2794E7F154C454192496921002A23A80D0A","level":"info","timestamp":"2020-02-18 14:33:24"}
{"message":"protocol: 18","level":"info","timestamp":"2020-02-18 14:33:24"}
{"message":"0358979100015984-----len----76","level":"info","timestamp":"2020-02-18 14:33:24"}
{"message":"7979000C9421C4A8280C48F5002B715D0D0A","level":"info","timestamp":"2020-02-18 14:33:24"}
{"message":"protocol: 0C","level":"info","timestamp":"2020-02-18 14:33:24"}
{"message":"0358979100015984-----len----52","level":"info","timestamp":"2020-02-18 14:33:24"}
{"message":"0D0A","level":"info","timestamp":"2020-02-18 14:33:24"}
{"message":"Receive client send data : 78782222140212081D0AC4028BBEC809B38A4300144901D601523500B505010001002C48B00D0A, data size : 125","level":"info","timestamp":"2020-02-18 14:33:25"}
{"message":"78782222140212081D0AC4028BBEC809B38A4300144901D601523500B505010001002C48B00D0A","level":"info","timestamp":"2020-02-18 14:33:25"}
{"message":"protocol: 22","level":"info","timestamp":"2020-02-18 14:33:25"}
{"message":"0358979100015984-----len----94","level":"info","timestamp":"2020-02-18 14:33:25"}
{"message":"0D0A","level":"info","timestamp":"2020-02-18 14:33:25"}
{"message":"TCP server listen on address : {\"address\":\"::\",\"family\":\"IPv6\",\"port\":1720}","level":"info","timestamp":"2020-02-18 14:33:46"}
{"message":"Client connect. Client local address : ::ffff:192.168.10.104:1720. client remote address : ::ffff:119.30.39.238:10089","level":"info","timestamp":"2020-02-18 14:33:52"}
{"message":"There are 1 connections now. ","level":"info","timestamp":"2020-02-18 14:33:52"}
{"message":"Receive client send data : 78781101035897910001598480042581002D83FE0D0A, data size : 22","level":"info","timestamp":"2020-02-18 14:33:52"}
{"message":"78781101035897910001598480042581002D83FE0D0A","level":"info","timestamp":"2020-02-18 14:33:52"}
{"message":"protocol: 01","level":"info","timestamp":"2020-02-18 14:33:52"}
{"message":"hid:0358979100015984","level":"info","timestamp":"2020-02-18 14:33:52"}
{"message":10,"level":"info","timestamp":"2020-02-18 14:33:52"}
{"message":"0358979100015984-----len----60","level":"info","timestamp":"2020-02-18 14:33:52"}
{"message":"0D0A","level":"info","timestamp":"2020-02-18 14:33:52"}
{"message":"Receive client send data : 78780B234605EC040002002E34D60D0A, data size : 38","level":"info","timestamp":"2020-02-18 14:33:53"}
{"message":"78780B234605EC040002002E34D60D0A","level":"info","timestamp":"2020-02-18 14:33:53"}
{"message":"protocol: 23","level":"info","timestamp":"2020-02-18 14:33:53"}
{"message":"0358979100015984-----len----48","level":"info","timestamp":"2020-02-18 14:33:53"}
{"message":"0D0A","level":"info","timestamp":"2020-02-18 14:33:53"}
{"message":"Receive client send data : 7979001894230110414DC47BF2794E7F154C454192496921002F74050D0A7979000C9421C4A8280C48F50030DF0F0D0A, data size : 86","level":"info","timestamp":"2020-02-18 14:33:54"}
{"message":"7979001894230110414DC47BF2794E7F154C454192496921002F74050D0A","level":"info","timestamp":"2020-02-18 14:33:54"}
{"message":"protocol: 18","level":"info","timestamp":"2020-02-18 14:33:54"}
{"message":"0358979100015984-----len----76","level":"info","timestamp":"2020-02-18 14:33:54"}
{"message":"7979000C9421C4A8280C48F50030DF0F0D0A","level":"info","timestamp":"2020-02-18 14:33:54"}
{"message":"protocol: 0C","level":"info","timestamp":"2020-02-18 14:33:54"}
{"message":"0358979100015984-----len----52","level":"info","timestamp":"2020-02-18 14:33:54"}
{"message":"0D0A","level":"info","timestamp":"2020-02-18 14:33:54"}
{"message":"Receive client send data : 78782222140212081D0AC4028BBEC809B38A4300144901D601523500B505010001003183D40D0A, data size : 125","level":"info","timestamp":"2020-02-18 14:33:55"}
{"message":"78782222140212081D0AC4028BBEC809B38A4300144901D601523500B505010001003183D40D0A","level":"info","timestamp":"2020-02-18 14:33:55"}
{"message":"protocol: 22","level":"info","timestamp":"2020-02-18 14:33:55"}
{"message":"0358979100015984-----len----94","level":"info","timestamp":"2020-02-18 14:33:55"}
{"message":"0D0A","level":"info","timestamp":"2020-02-18 14:33:55"}
{"message":"TCP server listen on address : {\"address\":\"::\",\"family\":\"IPv6\",\"port\":1720}","level":"info","timestamp":"2020-02-18 14:34:55"}
{"message":"Client connect. Client local address : ::ffff:192.168.10.104:1720. client remote address : ::ffff:119.30.32.219:57781","level":"info","timestamp":"2020-02-18 14:35:01"}
{"message":"There are 1 connections now. ","level":"info","timestamp":"2020-02-18 14:35:01"}
{"message":"Receive client send data : 7878110103589791000159848004258100326B880D0A, data size : 22","level":"info","timestamp":"2020-02-18 14:35:01"}
{"message":"7878110103589791000159848004258100326B880D0A","level":"info","timestamp":"2020-02-18 14:35:01"}
{"message":"protocol: 01","level":"info","timestamp":"2020-02-18 14:35:01"}
{"message":"hid:0358979100015984","level":"info","timestamp":"2020-02-18 14:35:01"}
{"message":10,"level":"info","timestamp":"2020-02-18 14:35:01"}
{"message":"0358979100015984-----len----60","level":"info","timestamp":"2020-02-18 14:35:01"}
{"message":"0D0A","level":"info","timestamp":"2020-02-18 14:35:01"}
{"message":"Receive client send data : 78780B234606110400020033A2A00D0A, data size : 38","level":"info","timestamp":"2020-02-18 14:35:02"}
{"message":"78780B234606110400020033A2A00D0A","level":"info","timestamp":"2020-02-18 14:35:02"}
{"message":"protocol: 23","level":"info","timestamp":"2020-02-18 14:35:02"}
{"message":"0358979100015984-----len----48","level":"info","timestamp":"2020-02-18 14:35:02"}
{"message":"0D0A","level":"info","timestamp":"2020-02-18 14:35:02"}
{"message":"Receive client send data : 7979001894230110414DC47BF2794E7F154C4541924969210034DA570D0A7979000C9421C4A8280C48F5003588A20D0A, data size : 86","level":"info","timestamp":"2020-02-18 14:35:02"}
{"message":"7979001894230110414DC47BF2794E7F154C4541924969210034DA570D0A","level":"info","timestamp":"2020-02-18 14:35:02"}
{"message":"protocol: 18","level":"info","timestamp":"2020-02-18 14:35:02"}
{"message":"0358979100015984-----len----76","level":"info","timestamp":"2020-02-18 14:35:02"}
{"message":"7979000C9421C4A8280C48F5003588A20D0A","level":"info","timestamp":"2020-02-18 14:35:02"}
{"message":"protocol: 0C","level":"info","timestamp":"2020-02-18 14:35:02"}
{"message":"0358979100015984-----len----52","level":"info","timestamp":"2020-02-18 14:35:02"}
{"message":"0D0A","level":"info","timestamp":"2020-02-18 14:35:02"}
{"message":"Receive client send data : 78782222140212081D0AC4028BBEC809B38A4300144901D601523500B5050100010036F76B0D0A, data size : 125","level":"info","timestamp":"2020-02-18 14:35:03"}
{"message":"78782222140212081D0AC4028BBEC809B38A4300144901D601523500B5050100010036F76B0D0A","level":"info","timestamp":"2020-02-18 14:35:03"}
{"message":"protocol: 22","level":"info","timestamp":"2020-02-18 14:35:03"}
{"message":"0358979100015984-----len----94","level":"info","timestamp":"2020-02-18 14:35:03"}
{"message":"0D0A","level":"info","timestamp":"2020-02-18 14:35:03"}
{"message":"Receive client send data : 78780B234605E0040002003788620D0A, data size : 141","level":"info","timestamp":"2020-02-18 14:38:02"}
{"message":"78780B234605E0040002003788620D0A","level":"info","timestamp":"2020-02-18 14:38:02"}
{"message":"protocol: 23","level":"info","timestamp":"2020-02-18 14:38:02"}
{"message":"0358979100015984-----len----48","level":"info","timestamp":"2020-02-18 14:38:02"}
{"message":"0D0A","level":"info","timestamp":"2020-02-18 14:38:02"}
{"message":"TCP server listen on address : {\"address\":\"::\",\"family\":\"IPv6\",\"port\":1720}","level":"info","timestamp":"2020-02-18 14:39:11"}
{"message":"Client connect. Client local address : ::ffff:192.168.10.104:1720. client remote address : ::ffff:37.111.202.14:22207","level":"info","timestamp":"2020-02-18 14:39:19"}
{"message":"There are 1 connections now. ","level":"info","timestamp":"2020-02-18 14:39:19"}
{"message":"Receive client send data : 787811010358979100015984800425810038C4D20D0A, data size : 22","level":"info","timestamp":"2020-02-18 14:39:19"}
{"message":"787811010358979100015984800425810038C4D20D0A","level":"info","timestamp":"2020-02-18 14:39:19"}
{"message":"protocol: 01","level":"info","timestamp":"2020-02-18 14:39:19"}
{"message":"hid:0358979100015984","level":"info","timestamp":"2020-02-18 14:39:19"}
{"message":10,"level":"info","timestamp":"2020-02-18 14:39:19"}
{"message":"0358979100015984-----len----60","level":"info","timestamp":"2020-02-18 14:39:19"}
{"message":"0D0A","level":"info","timestamp":"2020-02-18 14:39:19"}
{"message":"Receive client send data : 78780B234605E20400020039694A0D0A, data size : 38","level":"info","timestamp":"2020-02-18 14:39:19"}
{"message":"78780B234605E20400020039694A0D0A","level":"info","timestamp":"2020-02-18 14:39:19"}
{"message":"protocol: 23","level":"info","timestamp":"2020-02-18 14:39:19"}
{"message":"0358979100015984-----len----48","level":"info","timestamp":"2020-02-18 14:39:19"}
{"message":"0D0A","level":"info","timestamp":"2020-02-18 14:39:19"}
{"message":"TCP server listen on address : {\"address\":\"::\",\"family\":\"IPv6\",\"port\":1720}","level":"info","timestamp":"2020-02-18 14:39:20"}
{"message":"Client connect. Client local address : ::ffff:192.168.10.104:1720. client remote address : ::ffff:37.111.197.27:6376","level":"info","timestamp":"2020-02-18 14:39:25"}
{"message":"There are 1 connections now. ","level":"info","timestamp":"2020-02-18 14:39:26"}
{"message":"Receive client send data : 78781101035897910001598480042581003D937F0D0A, data size : 22","level":"info","timestamp":"2020-02-18 14:39:26"}
{"message":"78781101035897910001598480042581003D937F0D0A","level":"info","timestamp":"2020-02-18 14:39:26"}
{"message":"protocol: 01","level":"info","timestamp":"2020-02-18 14:39:26"}
{"message":"hid:0358979100015984","level":"info","timestamp":"2020-02-18 14:39:26"}
{"message":10,"level":"info","timestamp":"2020-02-18 14:39:26"}
{"message":"0358979100015984-----len----60","level":"info","timestamp":"2020-02-18 14:39:26"}
{"message":"0D0A","level":"info","timestamp":"2020-02-18 14:39:26"}
{"message":"Receive client send data : 78780B234605CC040002003EA1370D0A, data size : 38","level":"info","timestamp":"2020-02-18 14:39:26"}
{"message":"78780B234605CC040002003EA1370D0A","level":"info","timestamp":"2020-02-18 14:39:26"}
{"message":"protocol: 23","level":"info","timestamp":"2020-02-18 14:39:26"}
{"message":"0358979100015984-----len----48","level":"info","timestamp":"2020-02-18 14:39:26"}
{"message":"0D0A","level":"info","timestamp":"2020-02-18 14:39:26"}
{"message":"Receive client send data : 7979001894230110414DC47BF2794E7F154C454192496921003A33290D0A7979000C9421C4A8280C48F5003B61DC0D0A7979001894230110414DC47BF2794E7F154C454192496921003F64840D0A7979000C9421C4A8280C48F50040AC880D0A, data size : 134","level":"info","timestamp":"2020-02-18 14:39:27"}
{"message":"7979001894230110414DC47BF2794E7F154C454192496921003A33290D0A","level":"info","timestamp":"2020-02-18 14:39:27"}
{"message":"protocol: 18","level":"info","timestamp":"2020-02-18 14:39:27"}
{"message":"0358979100015984-----len----76","level":"info","timestamp":"2020-02-18 14:39:27"}
{"message":"7979000C9421C4A8280C48F5003B61DC0D0A","level":"info","timestamp":"2020-02-18 14:39:27"}
{"message":"protocol: 0C","level":"info","timestamp":"2020-02-18 14:39:27"}
{"message":"0358979100015984-----len----52","level":"info","timestamp":"2020-02-18 14:39:27"}
{"message":"7979001894230110414DC47BF2794E7F154C454192496921003F64840D0A","level":"info","timestamp":"2020-02-18 14:39:27"}
{"message":"protocol: 18","level":"info","timestamp":"2020-02-18 14:39:27"}
{"message":"0358979100015984-----len----76","level":"info","timestamp":"2020-02-18 14:39:27"}
{"message":"7979000C9421C4A8280C48F50040AC880D0A","level":"info","timestamp":"2020-02-18 14:39:27"}
{"message":"protocol: 0C","level":"info","timestamp":"2020-02-18 14:39:27"}
{"message":"0358979100015984-----len----52","level":"info","timestamp":"2020-02-18 14:39:27"}
{"message":"0D0A","level":"info","timestamp":"2020-02-18 14:39:27"}
{"message":"Receive client send data : 78782222140212081D0AC4028BBEC809B38A4300144901D601523500B505010001003C58310D0A78782222140212081D0AC4028BBEC809B38A4300144901D601523500B5050100010041F0530D0A, data size : 212","level":"info","timestamp":"2020-02-18 14:39:27"}
{"message":"78782222140212081D0AC4028BBEC809B38A4300144901D601523500B505010001003C58310D0A","level":"info","timestamp":"2020-02-18 14:39:27"}
{"message":"protocol: 22","level":"info","timestamp":"2020-02-18 14:39:27"}
{"message":"0358979100015984-----len----94","level":"info","timestamp":"2020-02-18 14:39:27"}
{"message":"78782222140212081D0AC4028BBEC809B38A4300144901D601523500B5050100010041F0530D0A","level":"info","timestamp":"2020-02-18 14:39:27"}
{"message":"protocol: 22","level":"info","timestamp":"2020-02-18 14:39:27"}
{"message":"0358979100015984-----len----94","level":"info","timestamp":"2020-02-18 14:39:27"}
{"message":"0D0A","level":"info","timestamp":"2020-02-18 14:39:27"}
{"message":"Receive client send data : 7878222214021208253AC5028BBDC409B3870B03150D01D601523500B50501040000420FCA0D0A, data size : 251","level":"info","timestamp":"2020-02-18 14:40:15"}
{"message":"7878222214021208253AC5028BBDC409B3870B03150D01D601523500B50501040000420FCA0D0A","level":"info","timestamp":"2020-02-18 14:40:15"}
{"message":"protocol: 22","level":"info","timestamp":"2020-02-18 14:40:15"}
{"message":"0358979100015984-----len----94","level":"info","timestamp":"2020-02-18 14:40:15"}
{"message":"0D0A","level":"info","timestamp":"2020-02-18 14:40:15"}
{"message":"TCP server listen on address : {\"address\":\"::\",\"family\":\"IPv6\",\"port\":1720}","level":"info","timestamp":"2020-02-18 14:42:25"}
{"message":"Client connect. Client local address : ::ffff:192.168.10.104:1720. client remote address : ::ffff:119.30.35.153:19804","level":"info","timestamp":"2020-02-18 14:42:31"}
{"message":"There are 1 connections now. ","level":"info","timestamp":"2020-02-18 14:42:31"}
{"message":"Receive client send data : 7878110103589791000159848004258100447D390D0A, data size : 22","level":"info","timestamp":"2020-02-18 14:42:31"}
{"message":"7878110103589791000159848004258100447D390D0A","level":"info","timestamp":"2020-02-18 14:42:31"}
{"message":"protocol: 01","level":"info","timestamp":"2020-02-18 14:42:31"}
{"message":"hid:0358979100015984","level":"info","timestamp":"2020-02-18 14:42:31"}
{"message":10,"level":"info","timestamp":"2020-02-18 14:42:31"}
{"message":"0358979100015984-----len----60","level":"info","timestamp":"2020-02-18 14:42:31"}
{"message":"0D0A","level":"info","timestamp":"2020-02-18 14:42:31"}
{"message":"Receive client send data : 78780B234606020400020045FADC0D0A, data size : 38","level":"info","timestamp":"2020-02-18 14:42:31"}
{"message":"78780B234606020400020045FADC0D0A","level":"info","timestamp":"2020-02-18 14:42:31"}
{"message":"protocol: 23","level":"info","timestamp":"2020-02-18 14:42:31"}
{"message":"0358979100015984-----len----48","level":"info","timestamp":"2020-02-18 14:42:31"}
{"message":"0D0A","level":"info","timestamp":"2020-02-18 14:42:31"}
{"message":"Receive client send data : 7979001894230110414DC47BF2794E7F154C45419249692100468AC20D0A7979000C9421C4A8280C48F50047D8370D0A, data size : 86","level":"info","timestamp":"2020-02-18 14:42:32"}
{"message":"7979001894230110414DC47BF2794E7F154C45419249692100468AC20D0A","level":"info","timestamp":"2020-02-18 14:42:32"}
{"message":"protocol: 18","level":"info","timestamp":"2020-02-18 14:42:32"}
{"message":"0358979100015984-----len----76","level":"info","timestamp":"2020-02-18 14:42:32"}
{"message":"7979000C9421C4A8280C48F50047D8370D0A","level":"info","timestamp":"2020-02-18 14:42:32"}
{"message":"protocol: 0C","level":"info","timestamp":"2020-02-18 14:42:32"}
{"message":"0358979100015984-----len----52","level":"info","timestamp":"2020-02-18 14:42:32"}
{"message":"0D0A","level":"info","timestamp":"2020-02-18 14:42:32"}
{"message":"Receive client send data : 7878222214021208253AC5028BBDC409B3870B03150D01D601523500B505010001004888A00D0A, data size : 125","level":"info","timestamp":"2020-02-18 14:42:33"}
{"message":"7878222214021208253AC5028BBDC409B3870B03150D01D601523500B505010001004888A00D0A","level":"info","timestamp":"2020-02-18 14:42:33"}
{"message":"protocol: 22","level":"info","timestamp":"2020-02-18 14:42:33"}
{"message":"0358979100015984-----len----94","level":"info","timestamp":"2020-02-18 14:42:33"}
{"message":"0D0A","level":"info","timestamp":"2020-02-18 14:42:33"}
{"message":"Receive client send data : 78782222140212082A29C9028BBEC809B3897501153401D601523500B505010400004910AE0D0A, data size : 164","level":"info","timestamp":"2020-02-18 14:44:58"}
{"message":"78782222140212082A29C9028BBEC809B3897501153401D601523500B505010400004910AE0D0A","level":"info","timestamp":"2020-02-18 14:44:58"}
{"message":"protocol: 22","level":"info","timestamp":"2020-02-18 14:44:58"}
{"message":"0358979100015984-----len----94","level":"info","timestamp":"2020-02-18 14:44:58"}
{"message":"0D0A","level":"info","timestamp":"2020-02-18 14:44:58"}
