{"message":"Receive client send data : 78780B23460616040002001930290D0A, data size : 141","level":"info","timestamp":"2020-02-25 17:01:07"}
{"message":"78780B23460616040002001930290D0A","level":"info","timestamp":"2020-02-25 17:01:07"}
{"message":"protocol: 23","level":"info","timestamp":"2020-02-25 17:01:07"}
{"message":"0358979100015984-----len----48","level":"info","timestamp":"2020-02-25 17:01:07"}
{"message":"0D0A","level":"info","timestamp":"2020-02-25 17:01:07"}
{"message":"Client connect. Client local address : ::ffff:192.168.10.104:1720. client remote address : ::ffff:119.30.38.48:9302","level":"info","timestamp":"2020-02-25 17:03:28"}
{"message":"There are 9 connections now. ","level":"info","timestamp":"2020-02-25 17:03:28"}
{"message":"Receive client send data : 78781101035897910001598480042581000079190D0A, data size : 22","level":"info","timestamp":"2020-02-25 17:03:28"}
{"message":"78781101035897910001598480042581000079190D0A","level":"info","timestamp":"2020-02-25 17:03:28"}
{"message":"protocol: 01","level":"info","timestamp":"2020-02-25 17:03:28"}
{"message":"hid:0358979100015984","level":"info","timestamp":"2020-02-25 17:03:28"}
{"message":10,"level":"info","timestamp":"2020-02-25 17:03:28"}
{"message":"0358979100015984-----len----60","level":"info","timestamp":"2020-02-25 17:03:28"}
{"message":"0D0A","level":"info","timestamp":"2020-02-25 17:03:28"}
{"message":"Receive client send data : 7878058A0001FC960D0A, data size : 32","level":"info","timestamp":"2020-02-25 17:03:28"}
{"message":"7878058A0001FC960D0A","level":"info","timestamp":"2020-02-25 17:03:28"}
{"message":"protocol: 8A","level":"info","timestamp":"2020-02-25 17:03:28"}
{"message":"0358979100015984-----len----36","level":"info","timestamp":"2020-02-25 17:03:28"}
{"message":"0D0A","level":"info","timestamp":"2020-02-25 17:03:28"}
{"message":"Receive client send data : 78780B230605EF0400020006F0100D0A, data size : 48","level":"info","timestamp":"2020-02-25 17:03:29"}
{"message":"78780B230605EF0400020006F0100D0A","level":"info","timestamp":"2020-02-25 17:03:29"}
{"message":"protocol: 23","level":"info","timestamp":"2020-02-25 17:03:29"}
{"message":"0358979100015984-----len----48","level":"info","timestamp":"2020-02-25 17:03:29"}
{"message":"0D0A","level":"info","timestamp":"2020-02-25 17:03:29"}
{"message":"Receive client send data : 79790020940A035897910001598404700106750764078988014106750764075F0002CA350D0A79790044980000080358979100015984010008047001067507640702000A8988014106750764075F030010F0E260AB312E576375B00560D2ADC66A04000661628A6CEF080003ACE00D0A7979001894230110414DC47BF2794E7F154C4541924969210004EBD40D0A7979000C9421C4A8280C48F50005B9210D0A, data size : 208","level":"info","timestamp":"2020-02-25 17:03:30"}
{"message":"79790020940A035897910001598404700106750764078988014106750764075F0002CA350D0A","level":"info","timestamp":"2020-02-25 17:03:30"}
{"message":"protocol: 20","level":"info","timestamp":"2020-02-25 17:03:30"}
{"message":"0358979100015984-----len----92","level":"info","timestamp":"2020-02-25 17:03:30"}
{"message":"79790044980000080358979100015984010008047001067507640702000A8988014106750764075F030010F0E260AB312E576375B00560D2ADC66A04000661628A6CEF080003ACE00D0A","level":"info","timestamp":"2020-02-25 17:03:30"}
{"message":"protocol: 44","level":"info","timestamp":"2020-02-25 17:03:30"}
{"message":"0358979100015984-----len----164","level":"info","timestamp":"2020-02-25 17:03:30"}
{"message":"7979001894230110414DC47BF2794E7F154C4541924969210004EBD40D0A","level":"info","timestamp":"2020-02-25 17:03:30"}
{"message":"protocol: 18","level":"info","timestamp":"2020-02-25 17:03:30"}
{"message":"0358979100015984-----len----76","level":"info","timestamp":"2020-02-25 17:03:30"}
{"message":"7979000C9421C4A8280C48F50005B9210D0A","level":"info","timestamp":"2020-02-25 17:03:30"}
{"message":"protocol: 0C","level":"info","timestamp":"2020-02-25 17:03:30"}
{"message":"0358979100015984-----len----52","level":"info","timestamp":"2020-02-25 17:03:30"}
{"message":"0D0A","level":"info","timestamp":"2020-02-25 17:03:30"}
{"message":"Receive client send data : 787822221402190B0105C6028BBA2F09B38B480014FB01D601523500B5050100000007BA190D0A, data size : 247","level":"info","timestamp":"2020-02-25 17:03:32"}
{"message":"787822221402190B0105C6028BBA2F09B38B480014FB01D601523500B5050100000007BA190D0A","level":"info","timestamp":"2020-02-25 17:03:32"}
{"message":"protocol: 22","level":"info","timestamp":"2020-02-25 17:03:32"}
{"message":"0358979100015984-----len----94","level":"info","timestamp":"2020-02-25 17:03:32"}
{"message":"0D0A","level":"info","timestamp":"2020-02-25 17:03:32"}
{"message":"Receive client send data : 78780B2346060F040002000856E20D0A, data size : 263","level":"info","timestamp":"2020-02-25 17:06:29"}
{"message":"78780B2346060F040002000856E20D0A","level":"info","timestamp":"2020-02-25 17:06:29"}
{"message":"protocol: 23","level":"info","timestamp":"2020-02-25 17:06:29"}
{"message":"0358979100015984-----len----48","level":"info","timestamp":"2020-02-25 17:06:29"}
{"message":"0D0A","level":"info","timestamp":"2020-02-25 17:06:29"}
{"message":"Client connect. Client local address : ::ffff:192.168.10.104:1720. client remote address : ::ffff:119.30.39.120:44680","level":"info","timestamp":"2020-02-25 17:09:33"}
{"message":"There are 10 connections now. ","level":"info","timestamp":"2020-02-25 17:09:33"}
{"message":"Receive client send data : 787811010358979100015984800425810009E4D80D0A, data size : 22","level":"info","timestamp":"2020-02-25 17:09:33"}
{"message":"787811010358979100015984800425810009E4D80D0A","level":"info","timestamp":"2020-02-25 17:09:33"}
{"message":"protocol: 01","level":"info","timestamp":"2020-02-25 17:09:33"}
{"message":"hid:0358979100015984","level":"info","timestamp":"2020-02-25 17:09:33"}
{"message":10,"level":"info","timestamp":"2020-02-25 17:09:33"}
{"message":"0358979100015984-----len----60","level":"info","timestamp":"2020-02-25 17:09:33"}
{"message":"0D0A","level":"info","timestamp":"2020-02-25 17:09:33"}
{"message":"Receive client send data : 78780B234605E5040002000A76830D0A, data size : 38","level":"info","timestamp":"2020-02-25 17:09:33"}
{"message":"78780B234605E5040002000A76830D0A","level":"info","timestamp":"2020-02-25 17:09:33"}
{"message":"protocol: 23","level":"info","timestamp":"2020-02-25 17:09:33"}
{"message":"0358979100015984-----len----48","level":"info","timestamp":"2020-02-25 17:09:33"}
{"message":"0D0A","level":"info","timestamp":"2020-02-25 17:09:33"}
{"message":"Receive client send data : 7979001894230110414DC47BF2794E7F154C454192496921000B13230D0A7979000C9421C4A8280C48F5000C24E00D0A, data size : 86","level":"info","timestamp":"2020-02-25 17:09:34"}
{"message":"7979001894230110414DC47BF2794E7F154C454192496921000B13230D0A","level":"info","timestamp":"2020-02-25 17:09:34"}
{"message":"protocol: 18","level":"info","timestamp":"2020-02-25 17:09:34"}
{"message":"0358979100015984-----len----76","level":"info","timestamp":"2020-02-25 17:09:34"}
{"message":"7979000C9421C4A8280C48F5000C24E00D0A","level":"info","timestamp":"2020-02-25 17:09:34"}
{"message":"protocol: 0C","level":"info","timestamp":"2020-02-25 17:09:34"}
{"message":"0358979100015984-----len----52","level":"info","timestamp":"2020-02-25 17:09:34"}
{"message":"0D0A","level":"info","timestamp":"2020-02-25 17:09:34"}
{"message":"Receive client send data : 787822221402190B0105C6028BBA2F09B38B480014FB01D601523500B505010001000D4F9F0D0A, data size : 125","level":"info","timestamp":"2020-02-25 17:09:35"}
{"message":"787822221402190B0105C6028BBA2F09B38B480014FB01D601523500B505010001000D4F9F0D0A","level":"info","timestamp":"2020-02-25 17:09:35"}
{"message":"protocol: 22","level":"info","timestamp":"2020-02-25 17:09:35"}
{"message":"0358979100015984-----len----94","level":"info","timestamp":"2020-02-25 17:09:35"}
{"message":"0D0A","level":"info","timestamp":"2020-02-25 17:09:35"}
{"message":"Receive client send data : 78780B23460611040002000E48C60D0A, data size : 141","level":"info","timestamp":"2020-02-25 17:12:34"}
{"message":"78780B23460611040002000E48C60D0A","level":"info","timestamp":"2020-02-25 17:12:34"}
{"message":"protocol: 23","level":"info","timestamp":"2020-02-25 17:12:34"}
{"message":"0358979100015984-----len----48","level":"info","timestamp":"2020-02-25 17:12:34"}
{"message":"0D0A","level":"info","timestamp":"2020-02-25 17:12:34"}
{"message":"Client disconnect.","level":"info","timestamp":"2020-02-25 17:15:33"}
{"message":"There are 9 connections now. ","level":"info","timestamp":"2020-02-25 17:15:33"}
{"message":"Client connect. Client local address : ::ffff:192.168.10.104:1720. client remote address : ::ffff:119.30.38.168:49425","level":"info","timestamp":"2020-02-25 17:15:37"}
{"message":"There are 10 connections now. ","level":"info","timestamp":"2020-02-25 17:15:37"}
{"message":"Receive client send data : 78781101035897910001598480042581000F81EE0D0A, data size : 22","level":"info","timestamp":"2020-02-25 17:15:37"}
{"message":"78781101035897910001598480042581000F81EE0D0A","level":"info","timestamp":"2020-02-25 17:15:37"}
{"message":"protocol: 01","level":"info","timestamp":"2020-02-25 17:15:38"}
{"message":"hid:0358979100015984","level":"info","timestamp":"2020-02-25 17:15:38"}
{"message":10,"level":"info","timestamp":"2020-02-25 17:15:38"}
{"message":"0358979100015984-----len----60","level":"info","timestamp":"2020-02-25 17:15:38"}
{"message":"0D0A","level":"info","timestamp":"2020-02-25 17:15:38"}
{"message":"Receive client send data : 78780B234605F104000200109B440D0A, data size : 38","level":"info","timestamp":"2020-02-25 17:15:38"}
{"message":"78780B234605F104000200109B440D0A","level":"info","timestamp":"2020-02-25 17:15:38"}
{"message":"protocol: 23","level":"info","timestamp":"2020-02-25 17:15:38"}
{"message":"0358979100015984-----len----48","level":"info","timestamp":"2020-02-25 17:15:38"}
{"message":"0D0A","level":"info","timestamp":"2020-02-25 17:15:38"}
{"message":"Receive client send data : 7979001894230110414DC47BF2794E7F154C4541924969210011ACF80D0A7979000C9421C4A8280C48F50012DD1F0D0A, data size : 86","level":"info","timestamp":"2020-02-25 17:15:39"}
{"message":"7979001894230110414DC47BF2794E7F154C4541924969210011ACF80D0A","level":"info","timestamp":"2020-02-25 17:15:39"}
{"message":"protocol: 18","level":"info","timestamp":"2020-02-25 17:15:39"}
{"message":"0358979100015984-----len----76","level":"info","timestamp":"2020-02-25 17:15:39"}
{"message":"7979000C9421C4A8280C48F50012DD1F0D0A","level":"info","timestamp":"2020-02-25 17:15:39"}
{"message":"protocol: 0C","level":"info","timestamp":"2020-02-25 17:15:39"}
{"message":"0358979100015984-----len----52","level":"info","timestamp":"2020-02-25 17:15:39"}
{"message":"0D0A","level":"info","timestamp":"2020-02-25 17:15:39"}
{"message":"Receive client send data : 787822221402190B0105C6028BBA2F09B38B480014FB01D601523500B5050100010013B6600D0A, data size : 125","level":"info","timestamp":"2020-02-25 17:15:40"}
{"message":"787822221402190B0105C6028BBA2F09B38B480014FB01D601523500B5050100010013B6600D0A","level":"info","timestamp":"2020-02-25 17:15:40"}
{"message":"protocol: 22","level":"info","timestamp":"2020-02-25 17:15:40"}
{"message":"0358979100015984-----len----94","level":"info","timestamp":"2020-02-25 17:15:40"}
{"message":"0D0A","level":"info","timestamp":"2020-02-25 17:15:40"}
{"message":"Receive client send data : 78780B2346060C040002001480720D0A, data size : 141","level":"info","timestamp":"2020-02-25 17:18:38"}
{"message":"78780B2346060C040002001480720D0A","level":"info","timestamp":"2020-02-25 17:18:38"}
{"message":"protocol: 23","level":"info","timestamp":"2020-02-25 17:18:38"}
{"message":"0358979100015984-----len----48","level":"info","timestamp":"2020-02-25 17:18:38"}
{"message":"0D0A","level":"info","timestamp":"2020-02-25 17:18:38"}
{"message":"Client disconnect.","level":"info","timestamp":"2020-02-25 17:21:38"}
{"message":"There are 9 connections now. ","level":"info","timestamp":"2020-02-25 17:21:38"}
{"message":"Client connect. Client local address : ::ffff:192.168.10.104:1720. client remote address : ::ffff:119.30.32.213:22208","level":"info","timestamp":"2020-02-25 17:21:42"}
{"message":"There are 10 connections now. ","level":"info","timestamp":"2020-02-25 17:21:42"}
{"message":"Receive client send data : 7878110103589791000159848004258100153E350D0A, data size : 22","level":"info","timestamp":"2020-02-25 17:21:42"}
{"message":"7878110103589791000159848004258100153E350D0A","level":"info","timestamp":"2020-02-25 17:21:42"}
{"message":"protocol: 01","level":"info","timestamp":"2020-02-25 17:21:42"}
{"message":"hid:0358979100015984","level":"info","timestamp":"2020-02-25 17:21:42"}
{"message":10,"level":"info","timestamp":"2020-02-25 17:21:42"}
{"message":"0358979100015984-----len----60","level":"info","timestamp":"2020-02-25 17:21:42"}
{"message":"0D0A","level":"info","timestamp":"2020-02-25 17:21:42"}
{"message":"Receive client send data : 78780B2346060704000200168E450D0A, data size : 38","level":"info","timestamp":"2020-02-25 17:21:43"}
{"message":"78780B2346060704000200168E450D0A","level":"info","timestamp":"2020-02-25 17:21:43"}
{"message":"protocol: 23","level":"info","timestamp":"2020-02-25 17:21:43"}
{"message":"0358979100015984-----len----48","level":"info","timestamp":"2020-02-25 17:21:43"}
{"message":"0D0A","level":"info","timestamp":"2020-02-25 17:21:43"}
{"message":"Receive client send data : 7979001894230110414DC47BF2794E7F154C4541924969210017C9CE0D0A7979000C9421C4A8280C48F5001872450D0A, data size : 86","level":"info","timestamp":"2020-02-25 17:21:43"}
{"message":"7979001894230110414DC47BF2794E7F154C4541924969210017C9CE0D0A","level":"info","timestamp":"2020-02-25 17:21:43"}
{"message":"protocol: 18","level":"info","timestamp":"2020-02-25 17:21:43"}
{"message":"0358979100015984-----len----76","level":"info","timestamp":"2020-02-25 17:21:43"}
{"message":"7979000C9421C4A8280C48F5001872450D0A","level":"info","timestamp":"2020-02-25 17:21:43"}
{"message":"protocol: 0C","level":"info","timestamp":"2020-02-25 17:21:43"}
{"message":"0358979100015984-----len----52","level":"info","timestamp":"2020-02-25 17:21:43"}
{"message":"0D0A","level":"info","timestamp":"2020-02-25 17:21:43"}
{"message":"Receive client send data : 787822221402190B0105C6028BBA2F09B38B480014FB01D601523500336E01000100196D7E0D0A, data size : 125","level":"info","timestamp":"2020-02-25 17:21:44"}
{"message":"787822221402190B0105C6028BBA2F09B38B480014FB01D601523500336E01000100196D7E0D0A","level":"info","timestamp":"2020-02-25 17:21:44"}
{"message":"protocol: 22","level":"info","timestamp":"2020-02-25 17:21:44"}
{"message":"0358979100015984-----len----94","level":"info","timestamp":"2020-02-25 17:21:44"}
{"message":"0D0A","level":"info","timestamp":"2020-02-25 17:21:44"}
{"message":"Client connect. Client local address : ::ffff:192.168.10.104:1720. client remote address : ::ffff:37.111.198.153:27713","level":"info","timestamp":"2020-02-25 17:24:04"}
{"message":"There are 11 connections now. ","level":"info","timestamp":"2020-02-25 17:24:04"}
{"message":"Receive client send data : 78781101035897910001598480042581000168900D0A, data size : 22","level":"info","timestamp":"2020-02-25 17:24:04"}
{"message":"78781101035897910001598480042581000168900D0A","level":"info","timestamp":"2020-02-25 17:24:04"}
{"message":"protocol: 01","level":"info","timestamp":"2020-02-25 17:24:04"}
{"message":"hid:0358979100015984","level":"info","timestamp":"2020-02-25 17:24:04"}
{"message":10,"level":"info","timestamp":"2020-02-25 17:24:04"}
{"message":"0358979100015984-----len----60","level":"info","timestamp":"2020-02-25 17:24:04"}
{"message":"0D0A","level":"info","timestamp":"2020-02-25 17:24:04"}
{"message":"Receive client send data : 7878058A0002CE0D0D0A, data size : 32","level":"info","timestamp":"2020-02-25 17:24:04"}
{"message":"7878058A0002CE0D0D0A","level":"info","timestamp":"2020-02-25 17:24:04"}
{"message":"protocol: 8A","level":"info","timestamp":"2020-02-25 17:24:04"}
{"message":"0358979100015984-----len----36","level":"info","timestamp":"2020-02-25 17:24:04"}
{"message":"0D0A","level":"info","timestamp":"2020-02-25 17:24:04"}
{"message":"Receive client send data : 78780B234605CC0400020008F5820D0A, data size : 48","level":"info","timestamp":"2020-02-25 17:24:05"}
{"message":"78780B234605CC0400020008F5820D0A","level":"info","timestamp":"2020-02-25 17:24:05"}
{"message":"protocol: 23","level":"info","timestamp":"2020-02-25 17:24:05"}
{"message":"0358979100015984-----len----48","level":"info","timestamp":"2020-02-25 17:24:05"}
{"message":"0D0A","level":"info","timestamp":"2020-02-25 17:24:05"}
{"message":"Receive client send data : 79790020940A035897910001598404700106750764078988014106750764075F0003DBBC0D0A79790044980000080358979100015984010008047001067507640702000A8988014106750764075F030010F0E260AB312E576375B00560D2ADC66A04000661628A6CEF080004D85F0D0A7979001894230110414DC47BF2794E7F154C4541924969210005FA5D0D0A7979000C9421C4A8280C48F500068BBA0D0A, data size : 208","level":"info","timestamp":"2020-02-25 17:24:06"}
{"message":"79790020940A035897910001598404700106750764078988014106750764075F0003DBBC0D0A","level":"info","timestamp":"2020-02-25 17:24:06"}
{"message":"protocol: 20","level":"info","timestamp":"2020-02-25 17:24:06"}
{"message":"0358979100015984-----len----92","level":"info","timestamp":"2020-02-25 17:24:06"}
{"message":"79790044980000080358979100015984010008047001067507640702000A8988014106750764075F030010F0E260AB312E576375B00560D2ADC66A04000661628A6CEF080004D85F0D0A","level":"info","timestamp":"2020-02-25 17:24:06"}
{"message":"protocol: 44","level":"info","timestamp":"2020-02-25 17:24:06"}
{"message":"0358979100015984-----len----164","level":"info","timestamp":"2020-02-25 17:24:06"}
{"message":"7979001894230110414DC47BF2794E7F154C4541924969210005FA5D0D0A","level":"info","timestamp":"2020-02-25 17:24:06"}
{"message":"protocol: 18","level":"info","timestamp":"2020-02-25 17:24:06"}
{"message":"0358979100015984-----len----76","level":"info","timestamp":"2020-02-25 17:24:06"}
{"message":"7979000C9421C4A8280C48F500068BBA0D0A","level":"info","timestamp":"2020-02-25 17:24:06"}
{"message":"protocol: 0C","level":"info","timestamp":"2020-02-25 17:24:06"}
{"message":"0358979100015984-----len----52","level":"info","timestamp":"2020-02-25 17:24:06"}
{"message":"0D0A","level":"info","timestamp":"2020-02-25 17:24:06"}
{"message":"Receive client send data : 787822221402190B151FC7028BBEE709B38A4300148501D601523500B5050100000000B9740D0A787822221402190B151FC7028BBEE709B38A4300148501D601523500B505010001000797170D0A, data size : 286","level":"info","timestamp":"2020-02-25 17:24:06"}
{"message":"787822221402190B151FC7028BBEE709B38A4300148501D601523500B5050100000000B9740D0A","level":"info","timestamp":"2020-02-25 17:24:06"}
{"message":"protocol: 22","level":"info","timestamp":"2020-02-25 17:24:06"}
{"message":"0358979100015984-----len----94","level":"info","timestamp":"2020-02-25 17:24:06"}
{"message":"787822221402190B151FC7028BBEE709B38A4300148501D601523500B505010001000797170D0A","level":"info","timestamp":"2020-02-25 17:24:06"}
{"message":"protocol: 22","level":"info","timestamp":"2020-02-25 17:24:06"}
{"message":"0358979100015984-----len----94","level":"info","timestamp":"2020-02-25 17:24:06"}
{"message":"0D0A","level":"info","timestamp":"2020-02-25 17:24:06"}
{"message":"Receive client send data : 78780B2346060C04000200094B160D0A, data size : 302","level":"info","timestamp":"2020-02-25 17:27:05"}
{"message":"78780B2346060C04000200094B160D0A","level":"info","timestamp":"2020-02-25 17:27:05"}
{"message":"protocol: 23","level":"info","timestamp":"2020-02-25 17:27:05"}
{"message":"0358979100015984-----len----48","level":"info","timestamp":"2020-02-25 17:27:05"}
{"message":"0D0A","level":"info","timestamp":"2020-02-25 17:27:05"}
{"message":"Client disconnect.","level":"info","timestamp":"2020-02-25 17:30:04"}
{"message":"There are 10 connections now. ","level":"info","timestamp":"2020-02-25 17:30:04"}
{"message":"Client connect. Client local address : ::ffff:192.168.10.104:1720. client remote address : ::ffff:119.30.32.205:2792","level":"info","timestamp":"2020-02-25 17:30:08"}
{"message":"There are 11 connections now. ","level":"info","timestamp":"2020-02-25 17:30:08"}
{"message":"Receive client send data : 78781101035897910001598480042581000AD6430D0A, data size : 22","level":"info","timestamp":"2020-02-25 17:30:08"}
{"message":"78781101035897910001598480042581000AD6430D0A","level":"info","timestamp":"2020-02-25 17:30:08"}
{"message":"protocol: 01","level":"info","timestamp":"2020-02-25 17:30:08"}
{"message":"hid:0358979100015984","level":"info","timestamp":"2020-02-25 17:30:08"}
{"message":10,"level":"info","timestamp":"2020-02-25 17:30:08"}
{"message":"0358979100015984-----len----60","level":"info","timestamp":"2020-02-25 17:30:08"}
{"message":"0D0A","level":"info","timestamp":"2020-02-25 17:30:08"}
{"message":"Receive client send data : 78780B234605F1040002000B35160D0A, data size : 38","level":"info","timestamp":"2020-02-25 17:30:09"}
{"message":"78780B234605F1040002000B35160D0A","level":"info","timestamp":"2020-02-25 17:30:09"}
{"message":"protocol: 23","level":"info","timestamp":"2020-02-25 17:30:09"}
{"message":"0358979100015984-----len----48","level":"info","timestamp":"2020-02-25 17:30:09"}
{"message":"0D0A","level":"info","timestamp":"2020-02-25 17:30:09"}
{"message":"Receive client send data : 7979001894230110414DC47BF2794E7F154C454192496921000C679C0D0A7979000C9421C4A8280C48F5000D35690D0A, data size : 86","level":"info","timestamp":"2020-02-25 17:30:09"}
{"message":"7979001894230110414DC47BF2794E7F154C454192496921000C679C0D0A","level":"info","timestamp":"2020-02-25 17:30:09"}
{"message":"protocol: 18","level":"info","timestamp":"2020-02-25 17:30:09"}
{"message":"0358979100015984-----len----76","level":"info","timestamp":"2020-02-25 17:30:09"}
{"message":"7979000C9421C4A8280C48F5000D35690D0A","level":"info","timestamp":"2020-02-25 17:30:09"}
{"message":"protocol: 0C","level":"info","timestamp":"2020-02-25 17:30:09"}
{"message":"0358979100015984-----len----52","level":"info","timestamp":"2020-02-25 17:30:09"}
{"message":"0D0A","level":"info","timestamp":"2020-02-25 17:30:09"}
{"message":"Receive client send data : 787822221402190B151FC7028BBEE709B38A4300148501D601523500B505010001000E0AD60D0A, data size : 125","level":"info","timestamp":"2020-02-25 17:30:10"}
{"message":"787822221402190B151FC7028BBEE709B38A4300148501D601523500B505010001000E0AD60D0A","level":"info","timestamp":"2020-02-25 17:30:10"}
{"message":"protocol: 22","level":"info","timestamp":"2020-02-25 17:30:10"}
{"message":"0358979100015984-----len----94","level":"info","timestamp":"2020-02-25 17:30:10"}
{"message":"0D0A","level":"info","timestamp":"2020-02-25 17:30:10"}
{"message":"Receive client send data : 78780B2346064B040002000F30200D0A, data size : 141","level":"info","timestamp":"2020-02-25 17:33:09"}
{"message":"78780B2346064B040002000F30200D0A","level":"info","timestamp":"2020-02-25 17:33:09"}
{"message":"protocol: 23","level":"info","timestamp":"2020-02-25 17:33:09"}
{"message":"0358979100015984-----len----48","level":"info","timestamp":"2020-02-25 17:33:09"}
{"message":"0D0A","level":"info","timestamp":"2020-02-25 17:33:09"}
{"message":"Client disconnect.","level":"info","timestamp":"2020-02-25 17:36:09"}
{"message":"There are 10 connections now. ","level":"info","timestamp":"2020-02-25 17:36:09"}
{"message":"Client connect. Client local address : ::ffff:192.168.10.104:1720. client remote address : ::ffff:37.111.204.243:15618","level":"info","timestamp":"2020-02-25 17:36:13"}
{"message":"There are 11 connections now. ","level":"info","timestamp":"2020-02-25 17:36:13"}
{"message":"Receive client send data : 78781101035897910001598480042581001069980D0A, data size : 22","level":"info","timestamp":"2020-02-25 17:36:13"}
{"message":"78781101035897910001598480042581001069980D0A","level":"info","timestamp":"2020-02-25 17:36:13"}
{"message":"protocol: 01","level":"info","timestamp":"2020-02-25 17:36:13"}
{"message":"hid:0358979100015984","level":"info","timestamp":"2020-02-25 17:36:13"}
{"message":10,"level":"info","timestamp":"2020-02-25 17:36:13"}
{"message":"0358979100015984-----len----60","level":"info","timestamp":"2020-02-25 17:36:13"}
{"message":"0D0A","level":"info","timestamp":"2020-02-25 17:36:13"}
{"message":"Receive client send data : 78780B234606000400020011E62B0D0A, data size : 38","level":"info","timestamp":"2020-02-25 17:36:13"}
{"message":"78780B234606000400020011E62B0D0A","level":"info","timestamp":"2020-02-25 17:36:13"}
{"message":"protocol: 23","level":"info","timestamp":"2020-02-25 17:36:13"}
{"message":"0358979100015984-----len----48","level":"info","timestamp":"2020-02-25 17:36:13"}
{"message":"0D0A","level":"info","timestamp":"2020-02-25 17:36:13"}
{"message":"Receive client send data : 7979001894230110414DC47BF2794E7F154C45419249692100129E630D0A7979000C9421C4A8280C48F50013CC960D0A, data size : 86","level":"info","timestamp":"2020-02-25 17:36:14"}
{"message":"7979001894230110414DC47BF2794E7F154C45419249692100129E630D0A","level":"info","timestamp":"2020-02-25 17:36:14"}
{"message":"protocol: 18","level":"info","timestamp":"2020-02-25 17:36:14"}
{"message":"0358979100015984-----len----76","level":"info","timestamp":"2020-02-25 17:36:14"}
{"message":"7979000C9421C4A8280C48F50013CC960D0A","level":"info","timestamp":"2020-02-25 17:36:14"}
{"message":"protocol: 0C","level":"info","timestamp":"2020-02-25 17:36:14"}
{"message":"0358979100015984-----len----52","level":"info","timestamp":"2020-02-25 17:36:14"}
{"message":"0D0A","level":"info","timestamp":"2020-02-25 17:36:14"}
{"message":"Receive client send data : 787822221402190B151FC7028BBEE709B38A4300148501D601523500B5050100010014B50D0D0A, data size : 125","level":"info","timestamp":"2020-02-25 17:36:14"}
{"message":"787822221402190B151FC7028BBEE709B38A4300148501D601523500B5050100010014B50D0D0A","level":"info","timestamp":"2020-02-25 17:36:14"}
{"message":"protocol: 22","level":"info","timestamp":"2020-02-25 17:36:14"}
{"message":"0358979100015984-----len----94","level":"info","timestamp":"2020-02-25 17:36:14"}
{"message":"0D0A","level":"info","timestamp":"2020-02-25 17:36:14"}
