{"message":"Client disconnect.","level":"info","timestamp":"2020-02-27 16:01:30"}
{"message":"There are 3 connections now. ","level":"info","timestamp":"2020-02-27 16:01:30"}
{"message":"Client connect. Client local address : ::ffff:192.168.10.104:1720. client remote address : ::ffff:37.111.199.183:19087","level":"info","timestamp":"2020-02-27 16:01:34"}
{"message":"There are 4 connections now. ","level":"info","timestamp":"2020-02-27 16:01:34"}
{"message":"Receive client send data : 78781101035897910001598480042581000AD6430D0A, data size : 22","level":"info","timestamp":"2020-02-27 16:01:34"}
{"message":"78781101035897910001598480042581000AD6430D0A","level":"info","timestamp":"2020-02-27 16:01:34"}
{"message":"protocol: 01","level":"info","timestamp":"2020-02-27 16:01:34"}
{"message":"hid:0358979100015984","level":"info","timestamp":"2020-02-27 16:01:34"}
{"message":10,"level":"info","timestamp":"2020-02-27 16:01:34"}
{"message":"0358979100015984-----len----60","level":"info","timestamp":"2020-02-27 16:01:34"}
{"message":"0D0A","level":"info","timestamp":"2020-02-27 16:01:34"}
{"message":"Receive client send data : 78780B2347059F040002000B0ABA0D0A, data size : 38","level":"info","timestamp":"2020-02-27 16:01:35"}
{"message":"78780B2347059F040002000B0ABA0D0A","level":"info","timestamp":"2020-02-27 16:01:35"}
{"message":"protocol: 23","level":"info","timestamp":"2020-02-27 16:01:35"}
{"message":"0358979100015984-----len----48","level":"info","timestamp":"2020-02-27 16:01:35"}
{"message":"0D0A","level":"info","timestamp":"2020-02-27 16:01:35"}
{"message":"Receive client send data : 7979001894230110414DC47BF2794E7F154C454192496921000C679C0D0A7979000C9421C4A8280C48F5000D35690D0A, data size : 86","level":"info","timestamp":"2020-02-27 16:01:35"}
{"message":"7979001894230110414DC47BF2794E7F154C454192496921000C679C0D0A","level":"info","timestamp":"2020-02-27 16:01:35"}
{"message":"protocol: 18","level":"info","timestamp":"2020-02-27 16:01:35"}
{"message":"0358979100015984-----len----76","level":"info","timestamp":"2020-02-27 16:01:35"}
{"message":"7979000C9421C4A8280C48F5000D35690D0A","level":"info","timestamp":"2020-02-27 16:01:35"}
{"message":"protocol: 0C","level":"info","timestamp":"2020-02-27 16:01:35"}
{"message":"0358979100015984-----len----52","level":"info","timestamp":"2020-02-27 16:01:35"}
{"message":"0D0A","level":"info","timestamp":"2020-02-27 16:01:35"}
{"message":"Receive client send data : 7878222214021B093504C5028BBF5509B3891500146D01D601523500B505010001000E1B360D0A, data size : 125","level":"info","timestamp":"2020-02-27 16:01:36"}
{"message":"7878222214021B093504C5028BBF5509B3891500146D01D601523500B505010001000E1B360D0A","level":"info","timestamp":"2020-02-27 16:01:36"}
{"message":"protocol: 22","level":"info","timestamp":"2020-02-27 16:01:36"}
{"message":"0358979100015984-----len----94","level":"info","timestamp":"2020-02-27 16:01:36"}
{"message":"0D0A","level":"info","timestamp":"2020-02-27 16:01:36"}
{"message":"Receive client send data : 78780B234705E2040002000FBC400D0A, data size : 141","level":"info","timestamp":"2020-02-27 16:04:35"}
{"message":"78780B234705E2040002000FBC400D0A","level":"info","timestamp":"2020-02-27 16:04:35"}
{"message":"protocol: 23","level":"info","timestamp":"2020-02-27 16:04:35"}
{"message":"0358979100015984-----len----48","level":"info","timestamp":"2020-02-27 16:04:35"}
{"message":"0D0A","level":"info","timestamp":"2020-02-27 16:04:35"}
{"message":"Client disconnect.","level":"info","timestamp":"2020-02-27 16:07:34"}
{"message":"There are 3 connections now. ","level":"info","timestamp":"2020-02-27 16:07:34"}
{"message":"Client connect. Client local address : ::ffff:192.168.10.104:1720. client remote address : ::ffff:37.111.199.240:30957","level":"info","timestamp":"2020-02-27 16:07:39"}
{"message":"There are 4 connections now. ","level":"info","timestamp":"2020-02-27 16:07:39"}
{"message":"Receive client send data : 78781101035897910001598480042581001069980D0A, data size : 22","level":"info","timestamp":"2020-02-27 16:07:39"}
{"message":"78781101035897910001598480042581001069980D0A","level":"info","timestamp":"2020-02-27 16:07:39"}
{"message":"protocol: 01","level":"info","timestamp":"2020-02-27 16:07:39"}
{"message":"hid:0358979100015984","level":"info","timestamp":"2020-02-27 16:07:39"}
{"message":10,"level":"info","timestamp":"2020-02-27 16:07:39"}
{"message":"0358979100015984-----len----60","level":"info","timestamp":"2020-02-27 16:07:39"}
{"message":"0D0A","level":"info","timestamp":"2020-02-27 16:07:39"}
{"message":"Receive client send data : 78780B2347058D0400020011FF870D0A, data size : 38","level":"info","timestamp":"2020-02-27 16:07:39"}
{"message":"78780B2347058D0400020011FF870D0A","level":"info","timestamp":"2020-02-27 16:07:39"}
{"message":"protocol: 23","level":"info","timestamp":"2020-02-27 16:07:39"}
{"message":"0358979100015984-----len----48","level":"info","timestamp":"2020-02-27 16:07:39"}
{"message":"0D0A","level":"info","timestamp":"2020-02-27 16:07:39"}
{"message":"Receive client send data : 7979001894230110414DC47BF2794E7F154C45419249692100129E630D0A7979000C9421C4A8280C48F50013CC960D0A, data size : 86","level":"info","timestamp":"2020-02-27 16:07:39"}
{"message":"7979001894230110414DC47BF2794E7F154C45419249692100129E630D0A","level":"info","timestamp":"2020-02-27 16:07:39"}
{"message":"protocol: 18","level":"info","timestamp":"2020-02-27 16:07:39"}
{"message":"0358979100015984-----len----76","level":"info","timestamp":"2020-02-27 16:07:39"}
{"message":"7979000C9421C4A8280C48F50013CC960D0A","level":"info","timestamp":"2020-02-27 16:07:39"}
{"message":"protocol: 0C","level":"info","timestamp":"2020-02-27 16:07:39"}
{"message":"0358979100015984-----len----52","level":"info","timestamp":"2020-02-27 16:07:39"}
{"message":"0D0A","level":"info","timestamp":"2020-02-27 16:07:39"}
{"message":"Receive client send data : 7878222214021B093504C5028BBF5509B3891500146D01D601523500B5050100010014A4ED0D0A, data size : 125","level":"info","timestamp":"2020-02-27 16:07:40"}
{"message":"7878222214021B093504C5028BBF5509B3891500146D01D601523500B5050100010014A4ED0D0A","level":"info","timestamp":"2020-02-27 16:07:40"}
{"message":"protocol: 22","level":"info","timestamp":"2020-02-27 16:07:40"}
{"message":"0358979100015984-----len----94","level":"info","timestamp":"2020-02-27 16:07:40"}
{"message":"0D0A","level":"info","timestamp":"2020-02-27 16:07:40"}
{"message":"Receive client send data : 78780B234705EC04000200153A390D0A, data size : 141","level":"info","timestamp":"2020-02-27 16:10:39"}
{"message":"78780B234705EC04000200153A390D0A","level":"info","timestamp":"2020-02-27 16:10:39"}
{"message":"protocol: 23","level":"info","timestamp":"2020-02-27 16:10:39"}
{"message":"0358979100015984-----len----48","level":"info","timestamp":"2020-02-27 16:10:39"}
{"message":"0D0A","level":"info","timestamp":"2020-02-27 16:10:39"}
{"message":"Client disconnect.","level":"info","timestamp":"2020-02-27 16:13:39"}
{"message":"There are 3 connections now. ","level":"info","timestamp":"2020-02-27 16:13:39"}
{"message":"Client connect. Client local address : ::ffff:192.168.10.104:1720. client remote address : ::ffff:119.30.39.221:44798","level":"info","timestamp":"2020-02-27 16:13:43"}
{"message":"There are 4 connections now. ","level":"info","timestamp":"2020-02-27 16:13:43"}
{"message":"Receive client send data : 7878110103589791000159848004258100160CAE0D0A, data size : 22","level":"info","timestamp":"2020-02-27 16:13:43"}
{"message":"7878110103589791000159848004258100160CAE0D0A","level":"info","timestamp":"2020-02-27 16:13:43"}
{"message":"protocol: 01","level":"info","timestamp":"2020-02-27 16:13:43"}
{"message":"hid:0358979100015984","level":"info","timestamp":"2020-02-27 16:13:43"}
{"message":10,"level":"info","timestamp":"2020-02-27 16:13:43"}
{"message":"0358979100015984-----len----60","level":"info","timestamp":"2020-02-27 16:13:43"}
{"message":"0D0A","level":"info","timestamp":"2020-02-27 16:13:43"}
{"message":"Receive client send data : 78780B234705B3040002001764C30D0A, data size : 38","level":"info","timestamp":"2020-02-27 16:13:43"}
{"message":"78780B234705B3040002001764C30D0A","level":"info","timestamp":"2020-02-27 16:13:43"}
{"message":"protocol: 23","level":"info","timestamp":"2020-02-27 16:13:43"}
{"message":"0358979100015984-----len----48","level":"info","timestamp":"2020-02-27 16:13:43"}
{"message":"0D0A","level":"info","timestamp":"2020-02-27 16:13:43"}
{"message":"Receive client send data : 7979001894230110414DC47BF2794E7F154C454192496921001831390D0A7979000C9421C4A8280C48F5001963CC0D0A, data size : 86","level":"info","timestamp":"2020-02-27 16:13:44"}
{"message":"7979001894230110414DC47BF2794E7F154C454192496921001831390D0A","level":"info","timestamp":"2020-02-27 16:13:44"}
{"message":"protocol: 18","level":"info","timestamp":"2020-02-27 16:13:44"}
{"message":"0358979100015984-----len----76","level":"info","timestamp":"2020-02-27 16:13:44"}
{"message":"7979000C9421C4A8280C48F5001963CC0D0A","level":"info","timestamp":"2020-02-27 16:13:44"}
{"message":"protocol: 0C","level":"info","timestamp":"2020-02-27 16:13:44"}
{"message":"0358979100015984-----len----52","level":"info","timestamp":"2020-02-27 16:13:44"}
{"message":"0D0A","level":"info","timestamp":"2020-02-27 16:13:44"}
{"message":"Receive client send data : 7878222214021B093504C5028BBF5509B3891500146D01D601523500B505010001001A4D930D0A, data size : 125","level":"info","timestamp":"2020-02-27 16:13:44"}
{"message":"7878222214021B093504C5028BBF5509B3891500146D01D601523500B505010001001A4D930D0A","level":"info","timestamp":"2020-02-27 16:13:44"}
{"message":"protocol: 22","level":"info","timestamp":"2020-02-27 16:13:44"}
{"message":"0358979100015984-----len----94","level":"info","timestamp":"2020-02-27 16:13:44"}
{"message":"0D0A","level":"info","timestamp":"2020-02-27 16:13:44"}
{"message":"Client connect. Client local address : ::ffff:192.168.10.104:1720. client remote address : ::ffff:119.30.32.244:34112","level":"info","timestamp":"2020-02-27 16:15:53"}
{"message":"There are 5 connections now. ","level":"info","timestamp":"2020-02-27 16:15:53"}
{"message":"Receive client send data : 78781101035897910001598480042581000079190D0A, data size : 22","level":"info","timestamp":"2020-02-27 16:15:54"}
{"message":"78781101035897910001598480042581000079190D0A","level":"info","timestamp":"2020-02-27 16:15:54"}
{"message":"protocol: 01","level":"info","timestamp":"2020-02-27 16:15:54"}
{"message":"hid:0358979100015984","level":"info","timestamp":"2020-02-27 16:15:54"}
{"message":10,"level":"info","timestamp":"2020-02-27 16:15:54"}
{"message":"0358979100015984-----len----60","level":"info","timestamp":"2020-02-27 16:15:54"}
{"message":"0D0A","level":"info","timestamp":"2020-02-27 16:15:54"}
{"message":"Receive client send data : 7878058A0001FC960D0A, data size : 32","level":"info","timestamp":"2020-02-27 16:15:54"}
{"message":"7878058A0001FC960D0A","level":"info","timestamp":"2020-02-27 16:15:54"}
{"message":"protocol: 8A","level":"info","timestamp":"2020-02-27 16:15:54"}
{"message":"0358979100015984-----len----36","level":"info","timestamp":"2020-02-27 16:15:54"}
{"message":"0D0A","level":"info","timestamp":"2020-02-27 16:15:54"}
{"message":"Receive client send data : 78780B230705C40400020006D9EA0D0A, data size : 48","level":"info","timestamp":"2020-02-27 16:15:55"}
{"message":"78780B230705C40400020006D9EA0D0A","level":"info","timestamp":"2020-02-27 16:15:55"}
{"message":"protocol: 23","level":"info","timestamp":"2020-02-27 16:15:55"}
{"message":"0358979100015984-----len----48","level":"info","timestamp":"2020-02-27 16:15:55"}
{"message":"0D0A","level":"info","timestamp":"2020-02-27 16:15:55"}
{"message":"Receive client send data : 79790020940A035897910001598404700106750764078988014106750764075F0002CA350D0A79790044980000080358979100015984010008047001067507640702000A8988014106750764075F030010F0E260AB312E576375B00560D2ADC66A04000661628A6CEF080003ACE00D0A7979001894230110414DC47BF2794E7F154C4541924969210004EBD40D0A7979000C9421C4A8280C48F50005B9210D0A, data size : 208","level":"info","timestamp":"2020-02-27 16:15:55"}
{"message":"79790020940A035897910001598404700106750764078988014106750764075F0002CA350D0A","level":"info","timestamp":"2020-02-27 16:15:55"}
{"message":"protocol: 20","level":"info","timestamp":"2020-02-27 16:15:55"}
{"message":"0358979100015984-----len----92","level":"info","timestamp":"2020-02-27 16:15:55"}
{"message":"79790044980000080358979100015984010008047001067507640702000A8988014106750764075F030010F0E260AB312E576375B00560D2ADC66A04000661628A6CEF080003ACE00D0A","level":"info","timestamp":"2020-02-27 16:15:55"}
{"message":"protocol: 44","level":"info","timestamp":"2020-02-27 16:15:55"}
{"message":"0358979100015984-----len----164","level":"info","timestamp":"2020-02-27 16:15:55"}
{"message":"7979001894230110414DC47BF2794E7F154C4541924969210004EBD40D0A","level":"info","timestamp":"2020-02-27 16:15:55"}
{"message":"protocol: 18","level":"info","timestamp":"2020-02-27 16:15:55"}
{"message":"0358979100015984-----len----76","level":"info","timestamp":"2020-02-27 16:15:55"}
{"message":"7979000C9421C4A8280C48F50005B9210D0A","level":"info","timestamp":"2020-02-27 16:15:55"}
{"message":"protocol: 0C","level":"info","timestamp":"2020-02-27 16:15:55"}
{"message":"0358979100015984-----len----52","level":"info","timestamp":"2020-02-27 16:15:55"}
{"message":"0D0A","level":"info","timestamp":"2020-02-27 16:15:55"}
{"message":"Receive client send data : 7878222214021B0A0D2AC4028BBEE009B389C801148001D601523500B50501000000073CE40D0A, data size : 247","level":"info","timestamp":"2020-02-27 16:16:12"}
{"message":"7878222214021B0A0D2AC4028BBEE009B389C801148001D601523500B50501000000073CE40D0A","level":"info","timestamp":"2020-02-27 16:16:12"}
{"message":"protocol: 22","level":"info","timestamp":"2020-02-27 16:16:12"}
{"message":"0358979100015984-----len----94","level":"info","timestamp":"2020-02-27 16:16:12"}
{"message":"0D0A","level":"info","timestamp":"2020-02-27 16:16:12"}
{"message":"Receive client send data : 797900869404414C4D313D44353B414C4D323D44353B414C4D333D35463B535441313D41303B4459443D30313B534F533D2C2C30313735353934333337303B43454E5445523D30313735353934333337303B46454E43453D46656E63652C4F46462C302C302E3030303030302C302E3030303030302C3330302C494E206F72204F55542C313B00083F0E0D0A, data size : 387","level":"info","timestamp":"2020-02-27 16:16:44"}
{"message":"797900869404414C4D313D44353B414C4D323D44353B414C4D333D35463B535441313D41303B4459443D30313B534F533D2C2C30313735353934333337303B43454E5445523D30313735353934333337303B46454E43453D46656E63652C4F46462C302C302E3030303030302C302E3030303030302C3330302C494E206F72204F55542C313B00083F0E0D0A","level":"info","timestamp":"2020-02-27 16:16:44"}
{"message":"protocol: 86","level":"info","timestamp":"2020-02-27 16:16:44"}
{"message":"0358979100015984-----len----296","level":"info","timestamp":"2020-02-27 16:16:44"}
{"message":"0D0A","level":"info","timestamp":"2020-02-27 16:16:44"}
{"message":"Receive client send data : 78780B234705D304000200091A8D0D0A, data size : 403","level":"info","timestamp":"2020-02-27 16:18:55"}
{"message":"78780B234705D304000200091A8D0D0A","level":"info","timestamp":"2020-02-27 16:18:55"}
{"message":"protocol: 23","level":"info","timestamp":"2020-02-27 16:18:55"}
{"message":"0358979100015984-----len----48","level":"info","timestamp":"2020-02-27 16:18:55"}
{"message":"0D0A","level":"info","timestamp":"2020-02-27 16:18:55"}
{"message":"Client connect. Client local address : ::ffff:127.0.0.1:1720. client remote address : ::ffff:127.0.0.1:38561","level":"info","timestamp":"2020-02-27 16:19:47"}
{"message":"There are 6 connections now. ","level":"info","timestamp":"2020-02-27 16:19:47"}
{"message":"Receive client send data : 03589791000159847878222214021B0A0D2AC4028BBEE009B389C801148001D601523500B50501000000073CE40D0A, data size : 47","level":"info","timestamp":"2020-02-27 16:19:47"}
{"message":"03589791000159847878222214021B0A0D2AC4028BBEE009B389C801148001D601523500B50501000000073CE40D0A","level":"info","timestamp":"2020-02-27 16:19:47"}
{"message":"protocol: 91","level":"info","timestamp":"2020-02-27 16:19:47"}
{"message":"0D0A","level":"info","timestamp":"2020-02-27 16:19:47"}
{"message":"Client disconnect.","level":"info","timestamp":"2020-02-27 16:19:55"}
{"message":"There are 5 connections now. ","level":"info","timestamp":"2020-02-27 16:19:55"}
{"message":"Client connect. Client local address : ::ffff:127.0.0.1:1720. client remote address : ::ffff:127.0.0.1:57181","level":"info","timestamp":"2020-02-27 16:21:03"}
{"message":"There are 6 connections now. ","level":"info","timestamp":"2020-02-27 16:21:03"}
{"message":"Receive client send data : 787822220F0C1D023305C9027AC8180C46586000140001CC00287D001F71000001000820860D0A, data size : 39","level":"info","timestamp":"2020-02-27 16:21:03"}
{"message":"787822220F0C1D023305C9027AC8180C46586000140001CC00287D001F71000001000820860D0A","level":"info","timestamp":"2020-02-27 16:21:03"}
{"message":"protocol: 22","level":"info","timestamp":"2020-02-27 16:21:03"}
{"message":"0D0A","level":"info","timestamp":"2020-02-27 16:21:03"}
{"message":"Client disconnect.","level":"info","timestamp":"2020-02-27 16:21:44"}
{"message":"There are 5 connections now. ","level":"info","timestamp":"2020-02-27 16:21:44"}
{"message":"Client disconnect.","level":"info","timestamp":"2020-02-27 16:21:54"}
{"message":"There are 4 connections now. ","level":"info","timestamp":"2020-02-27 16:21:54"}
{"message":"Client connect. Client local address : ::ffff:192.168.10.104:1720. client remote address : ::ffff:37.111.198.143:27000","level":"info","timestamp":"2020-02-27 16:21:58"}
{"message":"There are 5 connections now. ","level":"info","timestamp":"2020-02-27 16:21:58"}
{"message":"Receive client send data : 78781101035897910001598480042581000AD6430D0A, data size : 22","level":"info","timestamp":"2020-02-27 16:21:58"}
{"message":"78781101035897910001598480042581000AD6430D0A","level":"info","timestamp":"2020-02-27 16:21:58"}
{"message":"protocol: 01","level":"info","timestamp":"2020-02-27 16:21:58"}
{"message":"hid:0358979100015984","level":"info","timestamp":"2020-02-27 16:21:58"}
{"message":10,"level":"info","timestamp":"2020-02-27 16:21:58"}
{"message":"0358979100015984-----len----60","level":"info","timestamp":"2020-02-27 16:21:58"}
{"message":"0D0A","level":"info","timestamp":"2020-02-27 16:21:58"}
{"message":"Receive client send data : 78780B230705C7040002000B0E720D0A, data size : 38","level":"info","timestamp":"2020-02-27 16:21:59"}
{"message":"78780B230705C7040002000B0E720D0A","level":"info","timestamp":"2020-02-27 16:21:59"}
{"message":"protocol: 23","level":"info","timestamp":"2020-02-27 16:21:59"}
{"message":"0358979100015984-----len----48","level":"info","timestamp":"2020-02-27 16:21:59"}
{"message":"0D0A","level":"info","timestamp":"2020-02-27 16:21:59"}
{"message":"Receive client send data : 7979001894230110414DC47BF2794E7F154C454192496921000C679C0D0A7979000C9421C4A8280C48F5000D35690D0A, data size : 86","level":"info","timestamp":"2020-02-27 16:21:59"}
{"message":"7979001894230110414DC47BF2794E7F154C454192496921000C679C0D0A","level":"info","timestamp":"2020-02-27 16:21:59"}
{"message":"protocol: 18","level":"info","timestamp":"2020-02-27 16:21:59"}
{"message":"0358979100015984-----len----76","level":"info","timestamp":"2020-02-27 16:21:59"}
{"message":"7979000C9421C4A8280C48F5000D35690D0A","level":"info","timestamp":"2020-02-27 16:21:59"}
{"message":"protocol: 0C","level":"info","timestamp":"2020-02-27 16:21:59"}
{"message":"0358979100015984-----len----52","level":"info","timestamp":"2020-02-27 16:21:59"}
{"message":"0D0A","level":"info","timestamp":"2020-02-27 16:21:59"}
{"message":"Receive client send data : 7878222214021B0A0D2AC4028BBEE009B389C801148001D601523500B505010001000EFBF90D0A, data size : 125","level":"info","timestamp":"2020-02-27 16:22:01"}
{"message":"7878222214021B0A0D2AC4028BBEE009B389C801148001D601523500B505010001000EFBF90D0A","level":"info","timestamp":"2020-02-27 16:22:01"}
{"message":"protocol: 22","level":"info","timestamp":"2020-02-27 16:22:01"}
{"message":"0358979100015984-----len----94","level":"info","timestamp":"2020-02-27 16:22:01"}
{"message":"0D0A","level":"info","timestamp":"2020-02-27 16:22:01"}
{"message":"Receive client send data : 7878222214021B0A160BC7028BBE7309B3856F07151001D601523500B505010000000F340C0D0A, data size : 164","level":"info","timestamp":"2020-02-27 16:24:41"}
{"message":"7878222214021B0A160BC7028BBE7309B3856F07151001D601523500B505010000000F340C0D0A","level":"info","timestamp":"2020-02-27 16:24:41"}
{"message":"protocol: 22","level":"info","timestamp":"2020-02-27 16:24:41"}
{"message":"0358979100015984-----len----94","level":"info","timestamp":"2020-02-27 16:24:41"}
{"message":"0D0A","level":"info","timestamp":"2020-02-27 16:24:41"}
{"message":"Receive client send data : 78780B234705E004000200105C600D0A, data size : 180","level":"info","timestamp":"2020-02-27 16:24:59"}
{"message":"78780B234705E004000200105C600D0A","level":"info","timestamp":"2020-02-27 16:24:59"}
{"message":"protocol: 23","level":"info","timestamp":"2020-02-27 16:24:59"}
{"message":"0358979100015984-----len----48","level":"info","timestamp":"2020-02-27 16:24:59"}
{"message":"0D0A","level":"info","timestamp":"2020-02-27 16:24:59"}
{"message":"Client disconnect.","level":"info","timestamp":"2020-02-27 16:27:58"}
{"message":"There are 4 connections now. ","level":"info","timestamp":"2020-02-27 16:27:58"}
{"message":"Client connect. Client local address : ::ffff:192.168.10.104:1720. client remote address : ::ffff:119.30.38.11:37340","level":"info","timestamp":"2020-02-27 16:28:02"}
{"message":"There are 5 connections now. ","level":"info","timestamp":"2020-02-27 16:28:02"}
{"message":"Receive client send data : 78781101035897910001598480042581001178110D0A, data size : 22","level":"info","timestamp":"2020-02-27 16:28:03"}
{"message":"78781101035897910001598480042581001178110D0A","level":"info","timestamp":"2020-02-27 16:28:03"}
{"message":"protocol: 01","level":"info","timestamp":"2020-02-27 16:28:03"}
{"message":"hid:0358979100015984","level":"info","timestamp":"2020-02-27 16:28:03"}
{"message":10,"level":"info","timestamp":"2020-02-27 16:28:03"}
{"message":"0358979100015984-----len----60","level":"info","timestamp":"2020-02-27 16:28:03"}
{"message":"0D0A","level":"info","timestamp":"2020-02-27 16:28:03"}
{"message":"Receive client send data : 78780B234705810400020012FCE80D0A, data size : 38","level":"info","timestamp":"2020-02-27 16:28:03"}
{"message":"78780B234705810400020012FCE80D0A","level":"info","timestamp":"2020-02-27 16:28:03"}
{"message":"protocol: 23","level":"info","timestamp":"2020-02-27 16:28:03"}
{"message":"0358979100015984-----len----48","level":"info","timestamp":"2020-02-27 16:28:03"}
{"message":"0D0A","level":"info","timestamp":"2020-02-27 16:28:03"}
{"message":"Receive client send data : 7979001894230110414DC47BF2794E7F154C45419249692100138FEA0D0A7979000C9421C4A8280C48F50014B8290D0A, data size : 86","level":"info","timestamp":"2020-02-27 16:28:04"}
{"message":"7979001894230110414DC47BF2794E7F154C45419249692100138FEA0D0A","level":"info","timestamp":"2020-02-27 16:28:04"}
{"message":"protocol: 18","level":"info","timestamp":"2020-02-27 16:28:04"}
{"message":"0358979100015984-----len----76","level":"info","timestamp":"2020-02-27 16:28:04"}
{"message":"7979000C9421C4A8280C48F50014B8290D0A","level":"info","timestamp":"2020-02-27 16:28:04"}
{"message":"protocol: 0C","level":"info","timestamp":"2020-02-27 16:28:04"}
{"message":"0358979100015984-----len----52","level":"info","timestamp":"2020-02-27 16:28:04"}
{"message":"0D0A","level":"info","timestamp":"2020-02-27 16:28:04"}
{"message":"Receive client send data : 7878222214021B0A160BC7028BBE7309B3856F07151001D601523500B5050100010015D10B0D0A, data size : 125","level":"info","timestamp":"2020-02-27 16:28:04"}
{"message":"7878222214021B0A160BC7028BBE7309B3856F07151001D601523500B5050100010015D10B0D0A","level":"info","timestamp":"2020-02-27 16:28:04"}
{"message":"protocol: 22","level":"info","timestamp":"2020-02-27 16:28:04"}
{"message":"0358979100015984-----len----94","level":"info","timestamp":"2020-02-27 16:28:04"}
{"message":"0D0A","level":"info","timestamp":"2020-02-27 16:28:04"}
{"message":"Receive client send data : 78780B234705D10400020016FAAD0D0A, data size : 141","level":"info","timestamp":"2020-02-27 16:31:03"}
{"message":"78780B234705D10400020016FAAD0D0A","level":"info","timestamp":"2020-02-27 16:31:03"}
{"message":"protocol: 23","level":"info","timestamp":"2020-02-27 16:31:03"}
{"message":"0358979100015984-----len----48","level":"info","timestamp":"2020-02-27 16:31:03"}
{"message":"0D0A","level":"info","timestamp":"2020-02-27 16:31:03"}
{"message":"Client disconnect.","level":"info","timestamp":"2020-02-27 16:34:03"}
{"message":"There are 4 connections now. ","level":"info","timestamp":"2020-02-27 16:34:03"}
{"message":"Client connect. Client local address : ::ffff:192.168.10.104:1720. client remote address : ::ffff:37.111.202.96:64682","level":"info","timestamp":"2020-02-27 16:34:07"}
{"message":"There are 5 connections now. ","level":"info","timestamp":"2020-02-27 16:34:07"}
{"message":"Receive client send data : 7878110103589791000159848004258100171D270D0A, data size : 22","level":"info","timestamp":"2020-02-27 16:34:07"}
{"message":"7878110103589791000159848004258100171D270D0A","level":"info","timestamp":"2020-02-27 16:34:07"}
{"message":"protocol: 01","level":"info","timestamp":"2020-02-27 16:34:07"}
{"message":"hid:0358979100015984","level":"info","timestamp":"2020-02-27 16:34:07"}
{"message":10,"level":"info","timestamp":"2020-02-27 16:34:07"}
{"message":"0358979100015984-----len----60","level":"info","timestamp":"2020-02-27 16:34:07"}
{"message":"0D0A","level":"info","timestamp":"2020-02-27 16:34:07"}
{"message":"Receive client send data : 78780B23470590040002001815290D0A, data size : 38","level":"info","timestamp":"2020-02-27 16:34:07"}
{"message":"78780B23470590040002001815290D0A","level":"info","timestamp":"2020-02-27 16:34:07"}
{"message":"protocol: 23","level":"info","timestamp":"2020-02-27 16:34:07"}
{"message":"0358979100015984-----len----48","level":"info","timestamp":"2020-02-27 16:34:07"}
{"message":"0D0A","level":"info","timestamp":"2020-02-27 16:34:07"}
{"message":"Receive client send data : 7979001894230110414DC47BF2794E7F154C454192496921001920B00D0A7979000C9421C4A8280C48F5001A51570D0A, data size : 86","level":"info","timestamp":"2020-02-27 16:34:08"}
{"message":"7979001894230110414DC47BF2794E7F154C454192496921001920B00D0A","level":"info","timestamp":"2020-02-27 16:34:08"}
{"message":"protocol: 18","level":"info","timestamp":"2020-02-27 16:34:08"}
{"message":"0358979100015984-----len----76","level":"info","timestamp":"2020-02-27 16:34:08"}
{"message":"7979000C9421C4A8280C48F5001A51570D0A","level":"info","timestamp":"2020-02-27 16:34:08"}
{"message":"protocol: 0C","level":"info","timestamp":"2020-02-27 16:34:08"}
{"message":"0358979100015984-----len----52","level":"info","timestamp":"2020-02-27 16:34:08"}
{"message":"0D0A","level":"info","timestamp":"2020-02-27 16:34:08"}
{"message":"Receive client send data : 7878222214021B0A160BC7028BBE7309B3856F07151001D601523500B505010001001B38750D0A, data size : 125","level":"info","timestamp":"2020-02-27 16:34:08"}
{"message":"7878222214021B0A160BC7028BBE7309B3856F07151001D601523500B505010001001B38750D0A","level":"info","timestamp":"2020-02-27 16:34:08"}
{"message":"protocol: 22","level":"info","timestamp":"2020-02-27 16:34:08"}
{"message":"0358979100015984-----len----94","level":"info","timestamp":"2020-02-27 16:34:08"}
{"message":"0D0A","level":"info","timestamp":"2020-02-27 16:34:08"}
{"message":"TCP server listen on address : {\"address\":\"::\",\"family\":\"IPv6\",\"port\":1720}","level":"info","timestamp":"2020-02-27 16:38:30"}
{"message":"Client connect. Client local address : ::ffff:192.168.10.104:1720. client remote address : ::ffff:37.111.203.18:59944","level":"info","timestamp":"2020-02-27 16:38:31"}
{"message":"There are 1 connections now. ","level":"info","timestamp":"2020-02-27 16:38:31"}
{"message":"Receive client send data : 78781101035897910001598480042581000168900D0A, data size : 22","level":"info","timestamp":"2020-02-27 16:38:31"}
{"message":"78781101035897910001598480042581000168900D0A","level":"info","timestamp":"2020-02-27 16:38:31"}
{"message":"protocol: 01","level":"info","timestamp":"2020-02-27 16:38:31"}
{"message":"hid:0358979100015984","level":"info","timestamp":"2020-02-27 16:38:31"}
{"message":10,"level":"info","timestamp":"2020-02-27 16:38:31"}
{"message":"0358979100015984-----len----60","level":"info","timestamp":"2020-02-27 16:38:31"}
{"message":"0D0A","level":"info","timestamp":"2020-02-27 16:38:31"}
{"message":"Receive client send data : 7878058A0002CE0D0D0A, data size : 32","level":"info","timestamp":"2020-02-27 16:38:31"}
{"message":"7878058A0002CE0D0D0A","level":"info","timestamp":"2020-02-27 16:38:31"}
{"message":"protocol: 8A","level":"info","timestamp":"2020-02-27 16:38:31"}
{"message":"0358979100015984-----len----36","level":"info","timestamp":"2020-02-27 16:38:31"}
{"message":"0D0A","level":"info","timestamp":"2020-02-27 16:38:31"}
{"message":"Receive client send data : 78780B230705C70400020007C41E0D0A, data size : 48","level":"info","timestamp":"2020-02-27 16:38:32"}
{"message":"78780B230705C70400020007C41E0D0A","level":"info","timestamp":"2020-02-27 16:38:32"}
{"message":"protocol: 23","level":"info","timestamp":"2020-02-27 16:38:32"}
{"message":"0358979100015984-----len----48","level":"info","timestamp":"2020-02-27 16:38:32"}
{"message":"0D0A","level":"info","timestamp":"2020-02-27 16:38:32"}
{"message":"Receive client send data : 79790020940A035897910001598404700106750764078988014106750764075F0003DBBC0D0A79790044980000080358979100015984010008047001067507640702000A8988014106750764075F030010F0E260AB312E576375B00560D2ADC66A04000661628A6CEF080004D85F0D0A7979001894230110414DC47BF2794E7F154C4541924969210005FA5D0D0A7979000C9421C4A8280C48F500068BBA0D0A, data size : 208","level":"info","timestamp":"2020-02-27 16:38:33"}
{"message":"79790020940A035897910001598404700106750764078988014106750764075F0003DBBC0D0A","level":"info","timestamp":"2020-02-27 16:38:33"}
{"message":"protocol: 20","level":"info","timestamp":"2020-02-27 16:38:33"}
{"message":"0358979100015984-----len----92","level":"info","timestamp":"2020-02-27 16:38:33"}
{"message":"79790044980000080358979100015984010008047001067507640702000A8988014106750764075F030010F0E260AB312E576375B00560D2ADC66A04000661628A6CEF080004D85F0D0A","level":"info","timestamp":"2020-02-27 16:38:33"}
{"message":"protocol: 44","level":"info","timestamp":"2020-02-27 16:38:33"}
{"message":"0358979100015984-----len----164","level":"info","timestamp":"2020-02-27 16:38:33"}
{"message":"7979001894230110414DC47BF2794E7F154C4541924969210005FA5D0D0A","level":"info","timestamp":"2020-02-27 16:38:33"}
{"message":"protocol: 18","level":"info","timestamp":"2020-02-27 16:38:33"}
{"message":"0358979100015984-----len----76","level":"info","timestamp":"2020-02-27 16:38:33"}
{"message":"7979000C9421C4A8280C48F500068BBA0D0A","level":"info","timestamp":"2020-02-27 16:38:33"}
{"message":"protocol: 0C","level":"info","timestamp":"2020-02-27 16:38:33"}
{"message":"0358979100015984-----len----52","level":"info","timestamp":"2020-02-27 16:38:33"}
{"message":"0D0A","level":"info","timestamp":"2020-02-27 16:38:33"}
{"message":"Receive client send data : 7878222214021B0A2210C4028BBBD209B387F502140F01D601523500B50501000000000CE20D0A, data size : 247","level":"info","timestamp":"2020-02-27 16:38:34"}
{"message":"7878222214021B0A2210C4028BBBD209B387F502140F01D601523500B50501000000000CE20D0A","level":"info","timestamp":"2020-02-27 16:38:34"}
{"message":"protocol: 22","level":"info","timestamp":"2020-02-27 16:38:34"}
{"message":"0358979100015984-----len----94","level":"info","timestamp":"2020-02-27 16:38:34"}
{"message":"0D0A","level":"info","timestamp":"2020-02-27 16:38:34"}
{"message":"Receive client send data : 7878222214021B0A2210C4028BBBD209B387F502140F01D601523500B5050100010008DA760D0A, data size : 286","level":"info","timestamp":"2020-02-27 16:38:37"}
{"message":"7878222214021B0A2210C4028BBBD209B387F502140F01D601523500B5050100010008DA760D0A","level":"info","timestamp":"2020-02-27 16:38:37"}
{"message":"protocol: 22","level":"info","timestamp":"2020-02-27 16:38:37"}
{"message":"0358979100015984-----len----94","level":"info","timestamp":"2020-02-27 16:38:37"}
{"message":"0D0A","level":"info","timestamp":"2020-02-27 16:38:37"}
{"message":"Receive client send data : 797900869404414C4D313D44353B414C4D323D44353B414C4D333D35463B535441313D41303B4459443D30313B534F533D2C2C30313735353934333337303B43454E5445523D30313735353934333337303B46454E43453D46656E63652C4F46462C302C302E3030303030302C302E3030303030302C3330302C494E206F72204F55542C313B00092E870D0A, data size : 426","level":"info","timestamp":"2020-02-27 16:39:11"}
{"message":"797900869404414C4D313D44353B414C4D323D44353B414C4D333D35463B535441313D41303B4459443D30313B534F533D2C2C30313735353934333337303B43454E5445523D30313735353934333337303B46454E43453D46656E63652C4F46462C302C302E3030303030302C302E3030303030302C3330302C494E206F72204F55542C313B00092E870D0A","level":"info","timestamp":"2020-02-27 16:39:11"}
{"message":"protocol: 86","level":"info","timestamp":"2020-02-27 16:39:11"}
{"message":"0358979100015984-----len----296","level":"info","timestamp":"2020-02-27 16:39:11"}
{"message":"0D0A","level":"info","timestamp":"2020-02-27 16:39:11"}
{"message":"Receive client send data : 78780B230705E0040002000A864A0D0A, data size : 442","level":"info","timestamp":"2020-02-27 16:41:32"}
{"message":"78780B230705E0040002000A864A0D0A","level":"info","timestamp":"2020-02-27 16:41:32"}
{"message":"protocol: 23","level":"info","timestamp":"2020-02-27 16:41:32"}
{"message":"0358979100015984-----len----48","level":"info","timestamp":"2020-02-27 16:41:32"}
{"message":"0D0A","level":"info","timestamp":"2020-02-27 16:41:32"}
{"message":"Client disconnect.","level":"info","timestamp":"2020-02-27 16:44:31"}
{"message":"There are 0 connections now. ","level":"info","timestamp":"2020-02-27 16:44:31"}
{"message":"Client connect. Client local address : ::ffff:192.168.10.104:1720. client remote address : ::ffff:119.30.32.217:59035","level":"info","timestamp":"2020-02-27 16:45:36"}
{"message":"There are 1 connections now. ","level":"info","timestamp":"2020-02-27 16:45:36"}
{"message":"Receive client send data : 78781101035897910001598480042581000CB3750D0A, data size : 22","level":"info","timestamp":"2020-02-27 16:45:36"}
{"message":"78781101035897910001598480042581000CB3750D0A","level":"info","timestamp":"2020-02-27 16:45:36"}
{"message":"protocol: 01","level":"info","timestamp":"2020-02-27 16:45:36"}
{"message":"hid:0358979100015984","level":"info","timestamp":"2020-02-27 16:45:36"}
{"message":10,"level":"info","timestamp":"2020-02-27 16:45:36"}
{"message":"0358979100015984-----len----60","level":"info","timestamp":"2020-02-27 16:45:36"}
{"message":"0D0A","level":"info","timestamp":"2020-02-27 16:45:36"}
{"message":"Receive client send data : 7878222214021B0A2A2BC4028BBF4109B389310414B501D601523500B505010400000B7E9A0D0A, data size : 61","level":"info","timestamp":"2020-02-27 16:45:36"}
{"message":"7878222214021B0A2A2BC4028BBF4109B389310414B501D601523500B505010400000B7E9A0D0A","level":"info","timestamp":"2020-02-27 16:45:36"}
{"message":"protocol: 22","level":"info","timestamp":"2020-02-27 16:45:36"}
{"message":"0358979100015984-----len----94","level":"info","timestamp":"2020-02-27 16:45:36"}
{"message":"0D0A","level":"info","timestamp":"2020-02-27 16:45:36"}
{"message":"Receive client send data : 78780B2347059C0400020010A8950D0A, data size : 77","level":"info","timestamp":"2020-02-27 16:45:37"}
{"message":"78780B2347059C0400020010A8950D0A","level":"info","timestamp":"2020-02-27 16:45:37"}
{"message":"protocol: 23","level":"info","timestamp":"2020-02-27 16:45:37"}
{"message":"0358979100015984-----len----48","level":"info","timestamp":"2020-02-27 16:45:37"}
{"message":"0D0A","level":"info","timestamp":"2020-02-27 16:45:37"}
{"message":"Receive client send data : 7979001894230110414DC47BF2794E7F154C454192496921000D76150D0A7979000C9421C4A8280C48F5000E07F20D0A, data size : 125","level":"info","timestamp":"2020-02-27 16:45:37"}
{"message":"7979001894230110414DC47BF2794E7F154C454192496921000D76150D0A","level":"info","timestamp":"2020-02-27 16:45:37"}
{"message":"protocol: 18","level":"info","timestamp":"2020-02-27 16:45:37"}
{"message":"0358979100015984-----len----76","level":"info","timestamp":"2020-02-27 16:45:37"}
{"message":"7979000C9421C4A8280C48F5000E07F20D0A","level":"info","timestamp":"2020-02-27 16:45:37"}
{"message":"protocol: 0C","level":"info","timestamp":"2020-02-27 16:45:37"}
{"message":"0358979100015984-----len----52","level":"info","timestamp":"2020-02-27 16:45:37"}
{"message":"0D0A","level":"info","timestamp":"2020-02-27 16:45:37"}
{"message":"Receive client send data : 7878222214021B0A2A2BC4028BBF4109B389310414B501D601523500B505010001000F108E0D0A, data size : 164","level":"info","timestamp":"2020-02-27 16:45:38"}
{"message":"7878222214021B0A2A2BC4028BBF4109B389310414B501D601523500B505010001000F108E0D0A","level":"info","timestamp":"2020-02-27 16:45:38"}
{"message":"protocol: 22","level":"info","timestamp":"2020-02-27 16:45:38"}
{"message":"0358979100015984-----len----94","level":"info","timestamp":"2020-02-27 16:45:38"}
{"message":"0D0A","level":"info","timestamp":"2020-02-27 16:45:38"}
{"message":"Receive client send data : 78780B234705D6040002001192C30D0A, data size : 180","level":"info","timestamp":"2020-02-27 16:48:37"}
{"message":"78780B234705D6040002001192C30D0A","level":"info","timestamp":"2020-02-27 16:48:37"}
{"message":"protocol: 23","level":"info","timestamp":"2020-02-27 16:48:37"}
{"message":"0358979100015984-----len----48","level":"info","timestamp":"2020-02-27 16:48:37"}
{"message":"0D0A","level":"info","timestamp":"2020-02-27 16:48:37"}
{"message":"TCP server listen on address : {\"address\":\"::\",\"family\":\"IPv6\",\"port\":1720}","level":"info","timestamp":"2020-02-27 16:50:12"}
{"message":"Client connect. Client local address : ::ffff:192.168.10.104:1720. client remote address : ::ffff:37.111.202.189:60421","level":"info","timestamp":"2020-02-27 16:50:28"}
{"message":"There are 1 connections now. ","level":"info","timestamp":"2020-02-27 16:50:28"}
{"message":"Receive client send data : 7878110103589791000159848004258100124A8A0D0A, data size : 22","level":"info","timestamp":"2020-02-27 16:50:28"}
{"message":"7878110103589791000159848004258100124A8A0D0A","level":"info","timestamp":"2020-02-27 16:50:28"}
{"message":"protocol: 01","level":"info","timestamp":"2020-02-27 16:50:28"}
{"message":"hid:0358979100015984","level":"info","timestamp":"2020-02-27 16:50:28"}
{"message":10,"level":"info","timestamp":"2020-02-27 16:50:28"}
{"message":"0358979100015984-----len----60","level":"info","timestamp":"2020-02-27 16:50:28"}
{"message":"0D0A","level":"info","timestamp":"2020-02-27 16:50:28"}
{"message":"Receive client send data : 78780B2347056B0400020013467C0D0A, data size : 38","level":"info","timestamp":"2020-02-27 16:50:28"}
{"message":"78780B2347056B0400020013467C0D0A","level":"info","timestamp":"2020-02-27 16:50:28"}
{"message":"protocol: 23","level":"info","timestamp":"2020-02-27 16:50:28"}
{"message":"0358979100015984-----len----48","level":"info","timestamp":"2020-02-27 16:50:28"}
{"message":"0D0A","level":"info","timestamp":"2020-02-27 16:50:28"}
{"message":"Receive client send data : 7979001894230110414DC47BF2794E7F154C4541924969210014FB550D0A7979000C9421C4A8280C48F50015A9A00D0A, data size : 86","level":"info","timestamp":"2020-02-27 16:50:29"}
{"message":"7979001894230110414DC47BF2794E7F154C4541924969210014FB550D0A","level":"info","timestamp":"2020-02-27 16:50:29"}
{"message":"protocol: 18","level":"info","timestamp":"2020-02-27 16:50:29"}
{"message":"0358979100015984-----len----76","level":"info","timestamp":"2020-02-27 16:50:29"}
{"message":"7979000C9421C4A8280C48F50015A9A00D0A","level":"info","timestamp":"2020-02-27 16:50:29"}
{"message":"protocol: 0C","level":"info","timestamp":"2020-02-27 16:50:29"}
{"message":"0358979100015984-----len----52","level":"info","timestamp":"2020-02-27 16:50:29"}
{"message":"0D0A","level":"info","timestamp":"2020-02-27 16:50:29"}
{"message":"Receive client send data : 7878222214021B0A2A2BC4028BBF4109B389310414B501D601523500B50501000100169DCE0D0A, data size : 125","level":"info","timestamp":"2020-02-27 16:50:29"}
{"message":"7878222214021B0A2A2BC4028BBF4109B389310414B501D601523500B50501000100169DCE0D0A","level":"info","timestamp":"2020-02-27 16:50:29"}
{"message":"protocol: 22","level":"info","timestamp":"2020-02-27 16:50:29"}
{"message":"0358979100015984-----len----94","level":"info","timestamp":"2020-02-27 16:50:29"}
{"message":"0D0A","level":"info","timestamp":"2020-02-27 16:50:29"}
