{"message":"Client disconnect.","level":"info","timestamp":"2020-02-23 17:01:40"}
{"message":"There are 1 connections now. ","level":"info","timestamp":"2020-02-23 17:01:40"}
{"message":"Client connect. Client local address : ::ffff:192.168.10.104:1720. client remote address : ::ffff:119.30.38.81:10944","level":"info","timestamp":"2020-02-23 17:01:44"}
{"message":"There are 2 connections now. ","level":"info","timestamp":"2020-02-23 17:01:44"}
{"message":"Receive client send data : 7878110103589791000159848004258100160CAE0D0A, data size : 22","level":"info","timestamp":"2020-02-23 17:01:44"}
{"message":"7878110103589791000159848004258100160CAE0D0A","level":"info","timestamp":"2020-02-23 17:01:44"}
{"message":"protocol: 01","level":"info","timestamp":"2020-02-23 17:01:44"}
{"message":"hid:0358979100015984","level":"info","timestamp":"2020-02-23 17:01:44"}
{"message":10,"level":"info","timestamp":"2020-02-23 17:01:44"}
{"message":"0358979100015984-----len----60","level":"info","timestamp":"2020-02-23 17:01:44"}
{"message":"0D0A","level":"info","timestamp":"2020-02-23 17:01:44"}
{"message":"Receive client send data : 78780B234605660400020017B4380D0A, data size : 38","level":"info","timestamp":"2020-02-23 17:01:44"}
{"message":"78780B234605660400020017B4380D0A","level":"info","timestamp":"2020-02-23 17:01:44"}
{"message":"protocol: 23","level":"info","timestamp":"2020-02-23 17:01:44"}
{"message":"0358979100015984-----len----48","level":"info","timestamp":"2020-02-23 17:01:44"}
{"message":"0D0A","level":"info","timestamp":"2020-02-23 17:01:44"}
{"message":"Receive client send data : 7979001894230110414DC47BF2794E7F154C454192496921001831390D0A7979000C9421C4A8280C48F5001963CC0D0A, data size : 86","level":"info","timestamp":"2020-02-23 17:01:45"}
{"message":"7979001894230110414DC47BF2794E7F154C454192496921001831390D0A","level":"info","timestamp":"2020-02-23 17:01:45"}
{"message":"protocol: 18","level":"info","timestamp":"2020-02-23 17:01:45"}
{"message":"0358979100015984-----len----76","level":"info","timestamp":"2020-02-23 17:01:45"}
{"message":"7979000C9421C4A8280C48F5001963CC0D0A","level":"info","timestamp":"2020-02-23 17:01:45"}
{"message":"protocol: 0C","level":"info","timestamp":"2020-02-23 17:01:45"}
{"message":"0358979100015984-----len----52","level":"info","timestamp":"2020-02-23 17:01:45"}
{"message":"0D0A","level":"info","timestamp":"2020-02-23 17:01:45"}
{"message":"Receive client send data : 787822221402170A3706C7028BBCFC09B38B4801155F01D601523500B505010001001AABAE0D0A, data size : 125","level":"info","timestamp":"2020-02-23 17:01:46"}
{"message":"787822221402170A3706C7028BBCFC09B38B4801155F01D601523500B505010001001AABAE0D0A","level":"info","timestamp":"2020-02-23 17:01:46"}
{"message":"protocol: 22","level":"info","timestamp":"2020-02-23 17:01:46"}
{"message":"0358979100015984-----len----94","level":"info","timestamp":"2020-02-23 17:01:46"}
{"message":"0D0A","level":"info","timestamp":"2020-02-23 17:01:46"}
{"message":"Client connect. Client local address : ::ffff:192.168.10.104:1720. client remote address : ::ffff:119.30.35.220:28819","level":"info","timestamp":"2020-02-23 17:03:58"}
{"message":"There are 3 connections now. ","level":"info","timestamp":"2020-02-23 17:03:58"}
{"message":"Receive client send data : 78781101035897910001598480042581000079190D0A, data size : 22","level":"info","timestamp":"2020-02-23 17:03:58"}
{"message":"78781101035897910001598480042581000079190D0A","level":"info","timestamp":"2020-02-23 17:03:58"}
{"message":"protocol: 01","level":"info","timestamp":"2020-02-23 17:03:58"}
{"message":"hid:0358979100015984","level":"info","timestamp":"2020-02-23 17:03:58"}
{"message":10,"level":"info","timestamp":"2020-02-23 17:03:58"}
{"message":"0358979100015984-----len----60","level":"info","timestamp":"2020-02-23 17:03:58"}
{"message":"0D0A","level":"info","timestamp":"2020-02-23 17:03:58"}
{"message":"Receive client send data : 7878058A0001FC960D0A, data size : 32","level":"info","timestamp":"2020-02-23 17:03:59"}
{"message":"7878058A0001FC960D0A","level":"info","timestamp":"2020-02-23 17:03:59"}
{"message":"protocol: 8A","level":"info","timestamp":"2020-02-23 17:03:59"}
{"message":"0358979100015984-----len----36","level":"info","timestamp":"2020-02-23 17:03:59"}
{"message":"0D0A","level":"info","timestamp":"2020-02-23 17:03:59"}
{"message":"Receive client send data : 78780B2306055904000200062A980D0A, data size : 48","level":"info","timestamp":"2020-02-23 17:03:59"}
{"message":"78780B2306055904000200062A980D0A","level":"info","timestamp":"2020-02-23 17:03:59"}
{"message":"protocol: 23","level":"info","timestamp":"2020-02-23 17:03:59"}
{"message":"0358979100015984-----len----48","level":"info","timestamp":"2020-02-23 17:03:59"}
{"message":"0D0A","level":"info","timestamp":"2020-02-23 17:03:59"}
{"message":"Receive client send data : 79790020940A035897910001598404700106750764078988014106750764075F0002CA350D0A79790044980000080358979100015984010008047001067507640702000A8988014106750764075F030010F0E260AB312E576375B00560D2ADC66A04000661628A6CEF080003ACE00D0A7979001894230110414DC47BF2794E7F154C4541924969210004EBD40D0A7979000C9421C4A8280C48F50005B9210D0A, data size : 208","level":"info","timestamp":"2020-02-23 17:04:00"}
{"message":"79790020940A035897910001598404700106750764078988014106750764075F0002CA350D0A","level":"info","timestamp":"2020-02-23 17:04:00"}
{"message":"protocol: 20","level":"info","timestamp":"2020-02-23 17:04:00"}
{"message":"0358979100015984-----len----92","level":"info","timestamp":"2020-02-23 17:04:00"}
{"message":"79790044980000080358979100015984010008047001067507640702000A8988014106750764075F030010F0E260AB312E576375B00560D2ADC66A04000661628A6CEF080003ACE00D0A","level":"info","timestamp":"2020-02-23 17:04:00"}
{"message":"protocol: 44","level":"info","timestamp":"2020-02-23 17:04:00"}
{"message":"0358979100015984-----len----164","level":"info","timestamp":"2020-02-23 17:04:00"}
{"message":"7979001894230110414DC47BF2794E7F154C4541924969210004EBD40D0A","level":"info","timestamp":"2020-02-23 17:04:00"}
{"message":"protocol: 18","level":"info","timestamp":"2020-02-23 17:04:00"}
{"message":"0358979100015984-----len----76","level":"info","timestamp":"2020-02-23 17:04:00"}
{"message":"7979000C9421C4A8280C48F50005B9210D0A","level":"info","timestamp":"2020-02-23 17:04:00"}
{"message":"protocol: 0C","level":"info","timestamp":"2020-02-23 17:04:00"}
{"message":"0358979100015984-----len----52","level":"info","timestamp":"2020-02-23 17:04:00"}
{"message":"0D0A","level":"info","timestamp":"2020-02-23 17:04:00"}
{"message":"Receive client send data : 787822221402170B0130C7028BBDFE09B38C160114D401D601523500B505010000000739D50D0A, data size : 247","level":"info","timestamp":"2020-02-23 17:04:11"}
{"message":"787822221402170B0130C7028BBDFE09B38C160114D401D601523500B505010000000739D50D0A","level":"info","timestamp":"2020-02-23 17:04:11"}
{"message":"protocol: 22","level":"info","timestamp":"2020-02-23 17:04:11"}
{"message":"0358979100015984-----len----94","level":"info","timestamp":"2020-02-23 17:04:11"}
{"message":"0D0A","level":"info","timestamp":"2020-02-23 17:04:11"}
{"message":"Receive client send data : 78780B234605C20400020008CC200D0A, data size : 263","level":"info","timestamp":"2020-02-23 17:06:59"}
{"message":"78780B234605C20400020008CC200D0A","level":"info","timestamp":"2020-02-23 17:06:59"}
{"message":"protocol: 23","level":"info","timestamp":"2020-02-23 17:06:59"}
{"message":"0358979100015984-----len----48","level":"info","timestamp":"2020-02-23 17:06:59"}
{"message":"0D0A","level":"info","timestamp":"2020-02-23 17:06:59"}
{"message":"Client disconnect.","level":"info","timestamp":"2020-02-23 17:09:58"}
{"message":"There are 2 connections now. ","level":"info","timestamp":"2020-02-23 17:09:58"}
{"message":"Client connect. Client local address : ::ffff:192.168.10.104:1720. client remote address : ::ffff:37.111.198.28:16856","level":"info","timestamp":"2020-02-23 17:10:03"}
{"message":"There are 3 connections now. ","level":"info","timestamp":"2020-02-23 17:10:03"}
{"message":"Receive client send data : 787811010358979100015984800425810009E4D80D0A, data size : 22","level":"info","timestamp":"2020-02-23 17:10:03"}
{"message":"787811010358979100015984800425810009E4D80D0A","level":"info","timestamp":"2020-02-23 17:10:03"}
{"message":"protocol: 01","level":"info","timestamp":"2020-02-23 17:10:03"}
{"message":"hid:0358979100015984","level":"info","timestamp":"2020-02-23 17:10:03"}
{"message":10,"level":"info","timestamp":"2020-02-23 17:10:03"}
{"message":"0358979100015984-----len----60","level":"info","timestamp":"2020-02-23 17:10:03"}
{"message":"0D0A","level":"info","timestamp":"2020-02-23 17:10:03"}
{"message":"Receive client send data : 78780B23460563040002000A6BDB0D0A, data size : 38","level":"info","timestamp":"2020-02-23 17:10:03"}
{"message":"78780B23460563040002000A6BDB0D0A","level":"info","timestamp":"2020-02-23 17:10:03"}
{"message":"protocol: 23","level":"info","timestamp":"2020-02-23 17:10:03"}
{"message":"0358979100015984-----len----48","level":"info","timestamp":"2020-02-23 17:10:03"}
{"message":"0D0A","level":"info","timestamp":"2020-02-23 17:10:03"}
{"message":"Receive client send data : 7979001894230110414DC47BF2794E7F154C454192496921000B13230D0A7979000C9421C4A8280C48F5000C24E00D0A, data size : 86","level":"info","timestamp":"2020-02-23 17:10:04"}
{"message":"7979001894230110414DC47BF2794E7F154C454192496921000B13230D0A","level":"info","timestamp":"2020-02-23 17:10:04"}
{"message":"protocol: 18","level":"info","timestamp":"2020-02-23 17:10:04"}
{"message":"0358979100015984-----len----76","level":"info","timestamp":"2020-02-23 17:10:04"}
{"message":"7979000C9421C4A8280C48F5000C24E00D0A","level":"info","timestamp":"2020-02-23 17:10:04"}
{"message":"protocol: 0C","level":"info","timestamp":"2020-02-23 17:10:04"}
{"message":"0358979100015984-----len----52","level":"info","timestamp":"2020-02-23 17:10:04"}
{"message":"0D0A","level":"info","timestamp":"2020-02-23 17:10:04"}
{"message":"Receive client send data : 787822221402170B0130C7028BBDFE09B38C160114D401D601523500B505010001000DCC530D0A, data size : 125","level":"info","timestamp":"2020-02-23 17:10:04"}
{"message":"787822221402170B0130C7028BBDFE09B38C160114D401D601523500B505010001000DCC530D0A","level":"info","timestamp":"2020-02-23 17:10:04"}
{"message":"protocol: 22","level":"info","timestamp":"2020-02-23 17:10:04"}
{"message":"0358979100015984-----len----94","level":"info","timestamp":"2020-02-23 17:10:04"}
{"message":"0D0A","level":"info","timestamp":"2020-02-23 17:10:04"}
{"message":"Receive client send data : 787822221402170B0800C5028BBC0C09B388DE07153301D601523500B505010000000E79C00D0A, data size : 164","level":"info","timestamp":"2020-02-23 17:10:24"}
{"message":"787822221402170B0800C5028BBC0C09B388DE07153301D601523500B505010000000E79C00D0A","level":"info","timestamp":"2020-02-23 17:10:24"}
{"message":"protocol: 22","level":"info","timestamp":"2020-02-23 17:10:24"}
{"message":"0358979100015984-----len----94","level":"info","timestamp":"2020-02-23 17:10:24"}
{"message":"0D0A","level":"info","timestamp":"2020-02-23 17:10:24"}
{"message":"Receive client send data : 787822221402170B0A1DC6028BBDED09B38A4302153D01D601523500B505010400000F03110D0A, data size : 203","level":"info","timestamp":"2020-02-23 17:12:53"}
{"message":"787822221402170B0A1DC6028BBDED09B38A4302153D01D601523500B505010400000F03110D0A","level":"info","timestamp":"2020-02-23 17:12:53"}
{"message":"protocol: 22","level":"info","timestamp":"2020-02-23 17:12:53"}
{"message":"0358979100015984-----len----94","level":"info","timestamp":"2020-02-23 17:12:53"}
{"message":"0D0A","level":"info","timestamp":"2020-02-23 17:12:53"}
{"message":"Receive client send data : 78780B234605B3040002001091C30D0A, data size : 219","level":"info","timestamp":"2020-02-23 17:13:03"}
{"message":"78780B234605B3040002001091C30D0A","level":"info","timestamp":"2020-02-23 17:13:03"}
{"message":"protocol: 23","level":"info","timestamp":"2020-02-23 17:13:03"}
{"message":"0358979100015984-----len----48","level":"info","timestamp":"2020-02-23 17:13:03"}
{"message":"0D0A","level":"info","timestamp":"2020-02-23 17:13:03"}
{"message":"Client disconnect.","level":"info","timestamp":"2020-02-23 17:16:03"}
{"message":"There are 2 connections now. ","level":"info","timestamp":"2020-02-23 17:16:03"}
{"message":"Client connect. Client local address : ::ffff:192.168.10.104:1720. client remote address : ::ffff:119.30.41.251:54099","level":"info","timestamp":"2020-02-23 17:16:08"}
{"message":"There are 3 connections now. ","level":"info","timestamp":"2020-02-23 17:16:08"}
{"message":"Receive client send data : 78781101035897910001598480042581001178110D0A, data size : 22","level":"info","timestamp":"2020-02-23 17:16:08"}
{"message":"78781101035897910001598480042581001178110D0A","level":"info","timestamp":"2020-02-23 17:16:08"}
{"message":"protocol: 01","level":"info","timestamp":"2020-02-23 17:16:08"}
{"message":"hid:0358979100015984","level":"info","timestamp":"2020-02-23 17:16:08"}
{"message":10,"level":"info","timestamp":"2020-02-23 17:16:08"}
{"message":"0358979100015984-----len----60","level":"info","timestamp":"2020-02-23 17:16:08"}
{"message":"0D0A","level":"info","timestamp":"2020-02-23 17:16:08"}
{"message":"Receive client send data : 78780B23460583040002001275010D0A, data size : 38","level":"info","timestamp":"2020-02-23 17:16:08"}
{"message":"78780B23460583040002001275010D0A","level":"info","timestamp":"2020-02-23 17:16:08"}
{"message":"protocol: 23","level":"info","timestamp":"2020-02-23 17:16:08"}
{"message":"0358979100015984-----len----48","level":"info","timestamp":"2020-02-23 17:16:08"}
{"message":"0D0A","level":"info","timestamp":"2020-02-23 17:16:08"}
{"message":"Receive client send data : 7979001894230110414DC47BF2794E7F154C45419249692100138FEA0D0A7979000C9421C4A8280C48F50014B8290D0A, data size : 86","level":"info","timestamp":"2020-02-23 17:16:09"}
{"message":"7979001894230110414DC47BF2794E7F154C45419249692100138FEA0D0A","level":"info","timestamp":"2020-02-23 17:16:09"}
{"message":"protocol: 18","level":"info","timestamp":"2020-02-23 17:16:09"}
{"message":"0358979100015984-----len----76","level":"info","timestamp":"2020-02-23 17:16:09"}
{"message":"7979000C9421C4A8280C48F50014B8290D0A","level":"info","timestamp":"2020-02-23 17:16:09"}
{"message":"protocol: 0C","level":"info","timestamp":"2020-02-23 17:16:09"}
{"message":"0358979100015984-----len----52","level":"info","timestamp":"2020-02-23 17:16:09"}
{"message":"0D0A","level":"info","timestamp":"2020-02-23 17:16:09"}
{"message":"Receive client send data : 787822221402170B0A1DC6028BBDED09B38A4302153D01D601523500B505010001001594FA0D0A, data size : 125","level":"info","timestamp":"2020-02-23 17:16:09"}
{"message":"787822221402170B0A1DC6028BBDED09B38A4302153D01D601523500B505010001001594FA0D0A","level":"info","timestamp":"2020-02-23 17:16:09"}
{"message":"protocol: 22","level":"info","timestamp":"2020-02-23 17:16:09"}
{"message":"0358979100015984-----len----94","level":"info","timestamp":"2020-02-23 17:16:09"}
{"message":"0D0A","level":"info","timestamp":"2020-02-23 17:16:09"}
{"message":"Receive client send data : 78780B234605C2040002001635DF0D0A, data size : 141","level":"info","timestamp":"2020-02-23 17:19:08"}
{"message":"78780B234605C2040002001635DF0D0A","level":"info","timestamp":"2020-02-23 17:19:08"}
{"message":"protocol: 23","level":"info","timestamp":"2020-02-23 17:19:08"}
{"message":"0358979100015984-----len----48","level":"info","timestamp":"2020-02-23 17:19:08"}
{"message":"0D0A","level":"info","timestamp":"2020-02-23 17:19:08"}
{"message":"Client disconnect.","level":"info","timestamp":"2020-02-23 17:22:08"}
{"message":"There are 2 connections now. ","level":"info","timestamp":"2020-02-23 17:22:08"}
{"message":"Client connect. Client local address : ::ffff:192.168.10.104:1720. client remote address : ::ffff:37.111.201.187:59927","level":"info","timestamp":"2020-02-23 17:22:13"}
{"message":"There are 3 connections now. ","level":"info","timestamp":"2020-02-23 17:22:13"}
{"message":"Receive client send data : 7878110103589791000159848004258100171D270D0A, data size : 22","level":"info","timestamp":"2020-02-23 17:22:13"}
{"message":"7878110103589791000159848004258100171D270D0A","level":"info","timestamp":"2020-02-23 17:22:13"}
{"message":"protocol: 01","level":"info","timestamp":"2020-02-23 17:22:13"}
{"message":"hid:0358979100015984","level":"info","timestamp":"2020-02-23 17:22:13"}
{"message":10,"level":"info","timestamp":"2020-02-23 17:22:13"}
{"message":"0358979100015984-----len----60","level":"info","timestamp":"2020-02-23 17:22:13"}
{"message":"0D0A","level":"info","timestamp":"2020-02-23 17:22:13"}
{"message":"Receive client send data : 78780B2346059204000200189CC00D0A, data size : 38","level":"info","timestamp":"2020-02-23 17:22:13"}
{"message":"78780B2346059204000200189CC00D0A","level":"info","timestamp":"2020-02-23 17:22:13"}
{"message":"protocol: 23","level":"info","timestamp":"2020-02-23 17:22:13"}
{"message":"0358979100015984-----len----48","level":"info","timestamp":"2020-02-23 17:22:13"}
{"message":"0D0A","level":"info","timestamp":"2020-02-23 17:22:13"}
{"message":"Receive client send data : 7979001894230110414DC47BF2794E7F154C454192496921001920B00D0A7979000C9421C4A8280C48F5001A51570D0A, data size : 86","level":"info","timestamp":"2020-02-23 17:22:14"}
{"message":"7979001894230110414DC47BF2794E7F154C454192496921001920B00D0A","level":"info","timestamp":"2020-02-23 17:22:14"}
{"message":"protocol: 18","level":"info","timestamp":"2020-02-23 17:22:14"}
{"message":"0358979100015984-----len----76","level":"info","timestamp":"2020-02-23 17:22:14"}
{"message":"7979000C9421C4A8280C48F5001A51570D0A","level":"info","timestamp":"2020-02-23 17:22:14"}
{"message":"protocol: 0C","level":"info","timestamp":"2020-02-23 17:22:14"}
{"message":"0358979100015984-----len----52","level":"info","timestamp":"2020-02-23 17:22:14"}
{"message":"0D0A","level":"info","timestamp":"2020-02-23 17:22:14"}
{"message":"Receive client send data : 787822221402170B0A1DC6028BBDED09B38A4302153D01D601523500B505010001001B7D840D0A, data size : 125","level":"info","timestamp":"2020-02-23 17:22:15"}
{"message":"787822221402170B0A1DC6028BBDED09B38A4302153D01D601523500B505010001001B7D840D0A","level":"info","timestamp":"2020-02-23 17:22:15"}
{"message":"protocol: 22","level":"info","timestamp":"2020-02-23 17:22:15"}
{"message":"0358979100015984-----len----94","level":"info","timestamp":"2020-02-23 17:22:15"}
{"message":"0D0A","level":"info","timestamp":"2020-02-23 17:22:15"}
{"message":"Client connect. Client local address : ::ffff:192.168.10.104:1720. client remote address : ::ffff:37.111.197.120:48145","level":"info","timestamp":"2020-02-23 17:24:19"}
{"message":"There are 4 connections now. ","level":"info","timestamp":"2020-02-23 17:24:19"}
{"message":"Receive client send data : 78781101035897910001598480042581000079190D0A, data size : 22","level":"info","timestamp":"2020-02-23 17:24:19"}
{"message":"78781101035897910001598480042581000079190D0A","level":"info","timestamp":"2020-02-23 17:24:19"}
{"message":"protocol: 01","level":"info","timestamp":"2020-02-23 17:24:19"}
{"message":"hid:0358979100015984","level":"info","timestamp":"2020-02-23 17:24:19"}
{"message":10,"level":"info","timestamp":"2020-02-23 17:24:19"}
{"message":"0358979100015984-----len----60","level":"info","timestamp":"2020-02-23 17:24:19"}
{"message":"0D0A","level":"info","timestamp":"2020-02-23 17:24:19"}
{"message":"Receive client send data : 7878058A0001FC960D0A, data size : 32","level":"info","timestamp":"2020-02-23 17:24:20"}
{"message":"7878058A0001FC960D0A","level":"info","timestamp":"2020-02-23 17:24:20"}
{"message":"protocol: 8A","level":"info","timestamp":"2020-02-23 17:24:20"}
{"message":"0358979100015984-----len----36","level":"info","timestamp":"2020-02-23 17:24:20"}
{"message":"0D0A","level":"info","timestamp":"2020-02-23 17:24:20"}
{"message":"Receive client send data : 78780B2306058D04000200067FF70D0A, data size : 48","level":"info","timestamp":"2020-02-23 17:24:21"}
{"message":"78780B2306058D04000200067FF70D0A","level":"info","timestamp":"2020-02-23 17:24:21"}
{"message":"protocol: 23","level":"info","timestamp":"2020-02-23 17:24:21"}
{"message":"0358979100015984-----len----48","level":"info","timestamp":"2020-02-23 17:24:21"}
{"message":"0D0A","level":"info","timestamp":"2020-02-23 17:24:21"}
{"message":"Receive client send data : 79790020940A035897910001598404700106750764078988014106750764075F0002CA350D0A79790044980000080358979100015984010008047001067507640702000A8988014106750764075F030010F0E260AB312E576375B00560D2ADC66A04000661628A6CEF080003ACE00D0A7979001894230110414DC47BF2794E7F154C4541924969210004EBD40D0A7979000C9421C4A8280C48F50005B9210D0A, data size : 208","level":"info","timestamp":"2020-02-23 17:24:21"}
{"message":"79790020940A035897910001598404700106750764078988014106750764075F0002CA350D0A","level":"info","timestamp":"2020-02-23 17:24:21"}
{"message":"protocol: 20","level":"info","timestamp":"2020-02-23 17:24:21"}
{"message":"0358979100015984-----len----92","level":"info","timestamp":"2020-02-23 17:24:21"}
{"message":"79790044980000080358979100015984010008047001067507640702000A8988014106750764075F030010F0E260AB312E576375B00560D2ADC66A04000661628A6CEF080003ACE00D0A","level":"info","timestamp":"2020-02-23 17:24:21"}
{"message":"protocol: 44","level":"info","timestamp":"2020-02-23 17:24:21"}
{"message":"0358979100015984-----len----164","level":"info","timestamp":"2020-02-23 17:24:21"}
{"message":"7979001894230110414DC47BF2794E7F154C4541924969210004EBD40D0A","level":"info","timestamp":"2020-02-23 17:24:21"}
{"message":"protocol: 18","level":"info","timestamp":"2020-02-23 17:24:21"}
{"message":"0358979100015984-----len----76","level":"info","timestamp":"2020-02-23 17:24:21"}
{"message":"7979000C9421C4A8280C48F50005B9210D0A","level":"info","timestamp":"2020-02-23 17:24:21"}
{"message":"protocol: 0C","level":"info","timestamp":"2020-02-23 17:24:21"}
{"message":"0358979100015984-----len----52","level":"info","timestamp":"2020-02-23 17:24:21"}
{"message":"0D0A","level":"info","timestamp":"2020-02-23 17:24:21"}
{"message":"TCP server listen on address : {\"address\":\"::\",\"family\":\"IPv6\",\"port\":1720}","level":"info","timestamp":"2020-02-23 17:24:40"}
{"message":"Client connect. Client local address : ::ffff:192.168.10.104:1720. client remote address : ::ffff:37.111.203.20:62962","level":"info","timestamp":"2020-02-23 17:24:44"}
{"message":"There are 1 connections now. ","level":"info","timestamp":"2020-02-23 17:24:44"}
{"message":"Receive client send data : 787811010358979100015984800425810008F5510D0A, data size : 22","level":"info","timestamp":"2020-02-23 17:24:44"}
{"message":"787811010358979100015984800425810008F5510D0A","level":"info","timestamp":"2020-02-23 17:24:44"}
{"message":"protocol: 01","level":"info","timestamp":"2020-02-23 17:24:44"}
{"message":"hid:0358979100015984","level":"info","timestamp":"2020-02-23 17:24:44"}
{"message":10,"level":"info","timestamp":"2020-02-23 17:24:44"}
{"message":"0358979100015984-----len----60","level":"info","timestamp":"2020-02-23 17:24:44"}
{"message":"0D0A","level":"info","timestamp":"2020-02-23 17:24:44"}
{"message":"Receive client send data : 787822221402170B1610C6028BBF7109B38B6400145901D601523500B50501000000076DBE0D0A, data size : 61","level":"info","timestamp":"2020-02-23 17:24:45"}
{"message":"787822221402170B1610C6028BBF7109B38B6400145901D601523500B50501000000076DBE0D0A","level":"info","timestamp":"2020-02-23 17:24:45"}
{"message":"protocol: 22","level":"info","timestamp":"2020-02-23 17:24:45"}
{"message":"0358979100015984-----len----94","level":"info","timestamp":"2020-02-23 17:24:45"}
{"message":"0D0A","level":"info","timestamp":"2020-02-23 17:24:45"}
{"message":"Receive client send data : 78780B2346059A040002000CEB3D0D0A, data size : 77","level":"info","timestamp":"2020-02-23 17:24:46"}
{"message":"78780B2346059A040002000CEB3D0D0A","level":"info","timestamp":"2020-02-23 17:24:46"}
{"message":"protocol: 23","level":"info","timestamp":"2020-02-23 17:24:46"}
{"message":"0358979100015984-----len----48","level":"info","timestamp":"2020-02-23 17:24:46"}
{"message":"0D0A","level":"info","timestamp":"2020-02-23 17:24:46"}
{"message":"Receive client send data : 7979001894230110414DC47BF2794E7F154C454192496921000930310D0A7979000C9421C4A8280C48F5000A41D60D0A, data size : 125","level":"info","timestamp":"2020-02-23 17:24:46"}
{"message":"7979001894230110414DC47BF2794E7F154C454192496921000930310D0A","level":"info","timestamp":"2020-02-23 17:24:46"}
{"message":"protocol: 18","level":"info","timestamp":"2020-02-23 17:24:46"}
{"message":"0358979100015984-----len----76","level":"info","timestamp":"2020-02-23 17:24:46"}
{"message":"7979000C9421C4A8280C48F5000A41D60D0A","level":"info","timestamp":"2020-02-23 17:24:46"}
{"message":"protocol: 0C","level":"info","timestamp":"2020-02-23 17:24:46"}
{"message":"0358979100015984-----len----52","level":"info","timestamp":"2020-02-23 17:24:46"}
{"message":"0D0A","level":"info","timestamp":"2020-02-23 17:24:46"}
{"message":"Receive client send data : 787822221402170B1610C6028BBF7109B38B6400145901D601523500B505010001000BFD0E0D0A, data size : 164","level":"info","timestamp":"2020-02-23 17:24:47"}
{"message":"787822221402170B1610C6028BBF7109B38B6400145901D601523500B505010001000BFD0E0D0A","level":"info","timestamp":"2020-02-23 17:24:47"}
{"message":"protocol: 22","level":"info","timestamp":"2020-02-23 17:24:47"}
{"message":"0358979100015984-----len----94","level":"info","timestamp":"2020-02-23 17:24:47"}
{"message":"0D0A","level":"info","timestamp":"2020-02-23 17:24:47"}
{"message":"Receive client send data : 78780B234605B8040002000D77820D0A, data size : 180","level":"info","timestamp":"2020-02-23 17:27:46"}
{"message":"78780B234605B8040002000D77820D0A","level":"info","timestamp":"2020-02-23 17:27:46"}
{"message":"protocol: 23","level":"info","timestamp":"2020-02-23 17:27:46"}
{"message":"0358979100015984-----len----48","level":"info","timestamp":"2020-02-23 17:27:46"}
{"message":"0D0A","level":"info","timestamp":"2020-02-23 17:27:46"}
{"message":"Client disconnect.","level":"info","timestamp":"2020-02-23 17:30:45"}
{"message":"There are 0 connections now. ","level":"info","timestamp":"2020-02-23 17:30:45"}
{"message":"Client connect. Client local address : ::ffff:192.168.10.104:1720. client remote address : ::ffff:37.111.204.103:6624","level":"info","timestamp":"2020-02-23 17:30:49"}
{"message":"There are 1 connections now. ","level":"info","timestamp":"2020-02-23 17:30:49"}
{"message":"Receive client send data : 78781101035897910001598480042581000E90670D0A, data size : 22","level":"info","timestamp":"2020-02-23 17:30:49"}
{"message":"78781101035897910001598480042581000E90670D0A","level":"info","timestamp":"2020-02-23 17:30:49"}
{"message":"protocol: 01","level":"info","timestamp":"2020-02-23 17:30:49"}
{"message":"hid:0358979100015984","level":"info","timestamp":"2020-02-23 17:30:49"}
{"message":10,"level":"info","timestamp":"2020-02-23 17:30:49"}
{"message":"0358979100015984-----len----60","level":"info","timestamp":"2020-02-23 17:30:49"}
{"message":"0D0A","level":"info","timestamp":"2020-02-23 17:30:49"}
{"message":"Receive client send data : 78780B23460577040002000F6E6A0D0A, data size : 38","level":"info","timestamp":"2020-02-23 17:30:49"}
{"message":"78780B23460577040002000F6E6A0D0A","level":"info","timestamp":"2020-02-23 17:30:49"}
{"message":"protocol: 23","level":"info","timestamp":"2020-02-23 17:30:49"}
{"message":"0358979100015984-----len----48","level":"info","timestamp":"2020-02-23 17:30:49"}
{"message":"0D0A","level":"info","timestamp":"2020-02-23 17:30:49"}
{"message":"Receive client send data : 7979001894230110414DC47BF2794E7F154C4541924969210010BD710D0A7979000C9421C4A8280C48F50011EF840D0A, data size : 86","level":"info","timestamp":"2020-02-23 17:30:50"}
{"message":"7979001894230110414DC47BF2794E7F154C4541924969210010BD710D0A","level":"info","timestamp":"2020-02-23 17:30:50"}
{"message":"protocol: 18","level":"info","timestamp":"2020-02-23 17:30:50"}
{"message":"0358979100015984-----len----76","level":"info","timestamp":"2020-02-23 17:30:50"}
{"message":"7979000C9421C4A8280C48F50011EF840D0A","level":"info","timestamp":"2020-02-23 17:30:50"}
{"message":"protocol: 0C","level":"info","timestamp":"2020-02-23 17:30:50"}
{"message":"0358979100015984-----len----52","level":"info","timestamp":"2020-02-23 17:30:50"}
{"message":"0D0A","level":"info","timestamp":"2020-02-23 17:30:50"}
{"message":"Receive client send data : 787822221402170B1610C6028BBF7109B38B6400145901D601523500B5050100010012704E0D0A, data size : 125","level":"info","timestamp":"2020-02-23 17:30:51"}
{"message":"787822221402170B1610C6028BBF7109B38B6400145901D601523500B5050100010012704E0D0A","level":"info","timestamp":"2020-02-23 17:30:51"}
{"message":"protocol: 22","level":"info","timestamp":"2020-02-23 17:30:51"}
{"message":"0358979100015984-----len----94","level":"info","timestamp":"2020-02-23 17:30:51"}
{"message":"0D0A","level":"info","timestamp":"2020-02-23 17:30:51"}
{"message":"Receive client send data : 78780B234605D8040002001309CC0D0A, data size : 141","level":"info","timestamp":"2020-02-23 17:33:50"}
{"message":"78780B234605D8040002001309CC0D0A","level":"info","timestamp":"2020-02-23 17:33:50"}
{"message":"protocol: 23","level":"info","timestamp":"2020-02-23 17:33:50"}
{"message":"0358979100015984-----len----48","level":"info","timestamp":"2020-02-23 17:33:50"}
{"message":"0D0A","level":"info","timestamp":"2020-02-23 17:33:50"}
